TimeQuest Timing Analyzer report for CombinedASU1
Mon Jun  4 15:07:56 2018
Quartus II 32-bit Version 13.0.1 Build 232 06/12/2013 Service Pack 1 SJ Full Version


---------------------
; Table of Contents ;
---------------------
  1. Legal Notice
  2. TimeQuest Timing Analyzer Summary
  3. Parallel Compilation
  4. Clocks
  5. Slow Model Fmax Summary
  6. Slow Model Setup Summary
  7. Slow Model Hold Summary
  8. Slow Model Recovery Summary
  9. Slow Model Removal Summary
 10. Slow Model Minimum Pulse Width Summary
 11. Propagation Delay
 12. Minimum Propagation Delay
 13. Fast Model Setup Summary
 14. Fast Model Hold Summary
 15. Fast Model Recovery Summary
 16. Fast Model Removal Summary
 17. Fast Model Minimum Pulse Width Summary
 18. Propagation Delay
 19. Minimum Propagation Delay
 20. Multicorner Timing Analysis Summary
 21. Progagation Delay
 22. Minimum Progagation Delay
 23. Clock Transfers
 24. Report TCCS
 25. Report RSKM
 26. Unconstrained Paths
 27. TimeQuest Timing Analyzer Messages



----------------
; Legal Notice ;
----------------
Copyright (C) 1991-2013 Altera Corporation
Your use of Altera Corporation's design tools, logic functions 
and other software and tools, and its AMPP partner logic 
functions, and any output files from any of the foregoing 
(including device programming or simulation files), and any 
associated documentation or information are expressly subject 
to the terms and conditions of the Altera Program License 
Subscription Agreement, Altera MegaCore Function License 
Agreement, or other applicable license agreement, including, 
without limitation, that your use is for the sole purpose of 
programming logic devices manufactured by Altera and sold by 
Altera or its authorized distributors.  Please refer to the 
applicable agreement for further details.



+-----------------------------------------------------------------------------------------+
; TimeQuest Timing Analyzer Summary                                                       ;
+--------------------+--------------------------------------------------------------------+
; Quartus II Version ; Version 13.0.1 Build 232 06/12/2013 Service Pack 1 SJ Full Version ;
; Revision Name      ; CombinedASU1                                                       ;
; Device Family      ; Cyclone II                                                         ;
; Device Name        ; EP2C35F672C6                                                       ;
; Timing Models      ; Final                                                              ;
; Delay Model        ; Combined                                                           ;
; Rise/Fall Delays   ; Unavailable                                                        ;
+--------------------+--------------------------------------------------------------------+


+------------------------------------------+
; Parallel Compilation                     ;
+----------------------------+-------------+
; Processors                 ; Number      ;
+----------------------------+-------------+
; Number detected on machine ; 8           ;
; Maximum allowed            ; 4           ;
;                            ;             ;
; Average used               ; 1.00        ;
; Maximum used               ; 1           ;
;                            ;             ;
; Usage by Processor         ; % Time Used ;
;     Processor 1            ; 100.0%      ;
;     Processors 2-8         ;   0.0%      ;
+----------------------------+-------------+


----------
; Clocks ;
----------
No clocks to report.


---------------------------
; Slow Model Fmax Summary ;
---------------------------
No paths to report.


----------------------------
; Slow Model Setup Summary ;
----------------------------
No paths to report.


---------------------------
; Slow Model Hold Summary ;
---------------------------
No paths to report.


-------------------------------
; Slow Model Recovery Summary ;
-------------------------------
No paths to report.


------------------------------
; Slow Model Removal Summary ;
------------------------------
No paths to report.


------------------------------------------
; Slow Model Minimum Pulse Width Summary ;
------------------------------------------
No paths to report.


+-----------------------------------------------------------------+
; Propagation Delay                                               ;
+------------+----------------+--------+--------+--------+--------+
; Input Port ; Output Port    ; RR     ; RF     ; FR     ; FF     ;
+------------+----------------+--------+--------+--------+--------+
; Cin        ; Cout           ; 9.853  ; 8.120  ; 8.120  ; 9.853  ;
; Cin        ; display[1]     ; 11.042 ; 11.042 ; 11.042 ; 11.042 ;
; Cin        ; display[2]     ; 11.076 ; 11.076 ; 11.076 ; 11.076 ;
; Cin        ; display[3]     ; 11.064 ; 11.064 ; 11.064 ; 11.064 ;
; Cin        ; display[4]     ; 10.855 ; 10.855 ; 10.855 ; 10.855 ;
; Cin        ; display[5]     ; 10.796 ; 10.796 ; 10.796 ; 10.796 ;
; Cin        ; display[6]     ; 10.765 ; 10.765 ; 10.765 ; 10.765 ;
; Cin        ; display[7]     ; 10.811 ; 10.811 ; 10.811 ; 10.811 ;
; Cin        ; neg_display[1] ; 9.498  ;        ;        ; 9.498  ;
; Cin        ; neg_display[2] ; 9.498  ;        ;        ; 9.498  ;
; Cin        ; neg_display[3] ; 9.353  ;        ;        ; 9.353  ;
; Cin        ; neg_display[4] ; 9.353  ;        ;        ; 9.353  ;
; Cin        ; neg_display[5] ; 9.373  ;        ;        ; 9.373  ;
; Cin        ; neg_display[6] ; 8.855  ;        ;        ; 8.855  ;
; X[0]       ; Cout           ; 8.118  ; 7.942  ; 7.942  ; 8.118  ;
; X[0]       ; display[1]     ; 8.991  ; 8.991  ; 8.991  ; 8.991  ;
; X[0]       ; display[2]     ; 9.025  ; 9.025  ; 9.025  ; 9.025  ;
; X[0]       ; display[3]     ; 9.013  ; 9.013  ; 9.013  ; 9.013  ;
; X[0]       ; display[4]     ; 8.804  ; 8.804  ; 8.804  ; 8.804  ;
; X[0]       ; display[5]     ; 8.745  ; 8.745  ; 8.745  ; 8.745  ;
; X[0]       ; display[6]     ; 8.714  ; 8.714  ; 8.714  ; 8.714  ;
; X[0]       ; display[7]     ; 8.760  ; 8.760  ; 8.760  ; 8.760  ;
; X[0]       ; neg_display[1] ;        ; 8.757  ; 8.757  ;        ;
; X[0]       ; neg_display[2] ;        ; 8.757  ; 8.757  ;        ;
; X[0]       ; neg_display[3] ;        ; 8.612  ; 8.612  ;        ;
; X[0]       ; neg_display[4] ;        ; 8.612  ; 8.612  ;        ;
; X[0]       ; neg_display[5] ;        ; 8.632  ; 8.632  ;        ;
; X[0]       ; neg_display[6] ;        ; 8.114  ; 8.114  ;        ;
; X[1]       ; Cout           ; 8.125  ; 7.939  ; 7.939  ; 8.125  ;
; X[1]       ; display[1]     ; 8.894  ; 8.894  ; 8.894  ; 8.894  ;
; X[1]       ; display[2]     ; 8.928  ; 8.928  ; 8.928  ; 8.928  ;
; X[1]       ; display[3]     ; 8.916  ; 8.916  ; 8.916  ; 8.916  ;
; X[1]       ; display[4]     ; 8.707  ; 8.707  ; 8.707  ; 8.707  ;
; X[1]       ; display[5]     ; 8.648  ; 8.648  ; 8.648  ; 8.648  ;
; X[1]       ; display[6]     ; 8.617  ; 8.617  ; 8.617  ; 8.617  ;
; X[1]       ; display[7]     ; 8.663  ; 8.663  ; 8.663  ; 8.663  ;
; X[1]       ; neg_display[1] ;        ; 9.099  ; 9.099  ;        ;
; X[1]       ; neg_display[2] ;        ; 9.099  ; 9.099  ;        ;
; X[1]       ; neg_display[3] ;        ; 8.954  ; 8.954  ;        ;
; X[1]       ; neg_display[4] ;        ; 8.954  ; 8.954  ;        ;
; X[1]       ; neg_display[5] ;        ; 8.974  ; 8.974  ;        ;
; X[1]       ; neg_display[6] ;        ; 8.456  ; 8.456  ;        ;
; X[2]       ; Cout           ; 9.306  ; 9.129  ; 9.129  ; 9.306  ;
; X[2]       ; display[1]     ; 9.732  ; 9.732  ; 9.732  ; 9.732  ;
; X[2]       ; display[2]     ; 9.766  ; 9.766  ; 9.766  ; 9.766  ;
; X[2]       ; display[3]     ; 9.754  ; 9.754  ; 9.754  ; 9.754  ;
; X[2]       ; display[4]     ; 9.545  ; 9.545  ; 9.545  ; 9.545  ;
; X[2]       ; display[5]     ; 9.486  ; 9.486  ; 9.486  ; 9.486  ;
; X[2]       ; display[6]     ; 9.455  ; 9.455  ; 9.455  ; 9.455  ;
; X[2]       ; display[7]     ; 9.501  ; 9.501  ; 9.501  ; 9.501  ;
; X[2]       ; neg_display[1] ;        ; 9.937  ; 9.937  ;        ;
; X[2]       ; neg_display[2] ;        ; 9.937  ; 9.937  ;        ;
; X[2]       ; neg_display[3] ;        ; 9.792  ; 9.792  ;        ;
; X[2]       ; neg_display[4] ;        ; 9.792  ; 9.792  ;        ;
; X[2]       ; neg_display[5] ;        ; 9.812  ; 9.812  ;        ;
; X[2]       ; neg_display[6] ;        ; 9.294  ; 9.294  ;        ;
; X[3]       ; Cout           ; 9.170  ; 8.989  ; 8.989  ; 9.170  ;
; X[3]       ; display[1]     ; 9.275  ; 9.275  ; 9.275  ; 9.275  ;
; X[3]       ; display[2]     ; 9.309  ; 9.309  ; 9.309  ; 9.309  ;
; X[3]       ; display[3]     ; 9.297  ; 9.297  ; 9.297  ; 9.297  ;
; X[3]       ; display[4]     ; 9.088  ; 9.088  ; 9.088  ; 9.088  ;
; X[3]       ; display[5]     ; 9.029  ; 9.029  ; 9.029  ; 9.029  ;
; X[3]       ; display[6]     ; 8.998  ; 8.998  ; 8.998  ; 8.998  ;
; X[3]       ; display[7]     ; 9.044  ; 9.044  ; 9.044  ; 9.044  ;
; X[3]       ; neg_display[1] ;        ; 9.050  ; 9.050  ;        ;
; X[3]       ; neg_display[2] ;        ; 9.050  ; 9.050  ;        ;
; X[3]       ; neg_display[3] ;        ; 8.905  ; 8.905  ;        ;
; X[3]       ; neg_display[4] ;        ; 8.905  ; 8.905  ;        ;
; X[3]       ; neg_display[5] ;        ; 8.925  ; 8.925  ;        ;
; X[3]       ; neg_display[6] ;        ; 8.407  ; 8.407  ;        ;
; y[0]       ; Cout           ; 9.967  ;        ;        ; 9.967  ;
; y[0]       ; display[1]     ; 10.841 ; 10.841 ; 10.841 ; 10.841 ;
; y[0]       ; display[2]     ; 10.875 ; 10.875 ; 10.875 ; 10.875 ;
; y[0]       ; display[3]     ; 10.863 ; 10.863 ; 10.863 ; 10.863 ;
; y[0]       ; display[4]     ; 10.654 ; 10.654 ; 10.654 ; 10.654 ;
; y[0]       ; display[5]     ; 10.595 ; 10.595 ; 10.595 ; 10.595 ;
; y[0]       ; display[6]     ; 10.564 ; 10.564 ; 10.564 ; 10.564 ;
; y[0]       ; display[7]     ; 10.610 ; 10.610 ; 10.610 ; 10.610 ;
; y[0]       ; neg_display[1] ; 10.453 ;        ;        ; 10.453 ;
; y[0]       ; neg_display[2] ; 10.453 ;        ;        ; 10.453 ;
; y[0]       ; neg_display[3] ; 10.308 ;        ;        ; 10.308 ;
; y[0]       ; neg_display[4] ; 10.308 ;        ;        ; 10.308 ;
; y[0]       ; neg_display[5] ; 10.328 ;        ;        ; 10.328 ;
; y[0]       ; neg_display[6] ; 9.810  ;        ;        ; 9.810  ;
; y[1]       ; Cout           ; 9.505  ;        ;        ; 9.505  ;
; y[1]       ; display[1]     ; 10.283 ; 10.283 ; 10.283 ; 10.283 ;
; y[1]       ; display[2]     ; 10.317 ; 10.317 ; 10.317 ; 10.317 ;
; y[1]       ; display[3]     ; 10.305 ; 10.305 ; 10.305 ; 10.305 ;
; y[1]       ; display[4]     ; 10.096 ; 10.096 ; 10.096 ; 10.096 ;
; y[1]       ; display[5]     ; 10.037 ; 10.037 ; 10.037 ; 10.037 ;
; y[1]       ; display[6]     ; 10.006 ; 10.006 ; 10.006 ; 10.006 ;
; y[1]       ; display[7]     ; 10.052 ; 10.052 ; 10.052 ; 10.052 ;
; y[1]       ; neg_display[1] ; 10.488 ;        ;        ; 10.488 ;
; y[1]       ; neg_display[2] ; 10.488 ;        ;        ; 10.488 ;
; y[1]       ; neg_display[3] ; 10.343 ;        ;        ; 10.343 ;
; y[1]       ; neg_display[4] ; 10.343 ;        ;        ; 10.343 ;
; y[1]       ; neg_display[5] ; 10.363 ;        ;        ; 10.363 ;
; y[1]       ; neg_display[6] ; 9.845  ;        ;        ; 9.845  ;
; y[2]       ; Cout           ; 8.042  ;        ;        ; 8.042  ;
; y[2]       ; display[1]     ; 8.487  ; 8.487  ; 8.487  ; 8.487  ;
; y[2]       ; display[2]     ; 8.521  ; 8.521  ; 8.521  ; 8.521  ;
; y[2]       ; display[3]     ; 8.509  ; 8.509  ; 8.509  ; 8.509  ;
; y[2]       ; display[4]     ; 8.300  ; 8.300  ; 8.300  ; 8.300  ;
; y[2]       ; display[5]     ; 8.241  ; 8.241  ; 8.241  ; 8.241  ;
; y[2]       ; display[6]     ; 8.210  ; 8.210  ; 8.210  ; 8.210  ;
; y[2]       ; display[7]     ; 8.256  ; 8.256  ; 8.256  ; 8.256  ;
; y[2]       ; neg_display[1] ; 8.692  ;        ;        ; 8.692  ;
; y[2]       ; neg_display[2] ; 8.692  ;        ;        ; 8.692  ;
; y[2]       ; neg_display[3] ; 8.547  ;        ;        ; 8.547  ;
; y[2]       ; neg_display[4] ; 8.547  ;        ;        ; 8.547  ;
; y[2]       ; neg_display[5] ; 8.567  ;        ;        ; 8.567  ;
; y[2]       ; neg_display[6] ; 8.049  ;        ;        ; 8.049  ;
; y[3]       ; Cout           ; 7.970  ;        ;        ; 7.970  ;
; y[3]       ; display[1]     ; 8.068  ; 8.068  ; 8.068  ; 8.068  ;
; y[3]       ; display[2]     ; 8.102  ; 8.102  ; 8.102  ; 8.102  ;
; y[3]       ; display[3]     ; 8.090  ; 8.090  ; 8.090  ; 8.090  ;
; y[3]       ; display[4]     ; 7.881  ; 7.881  ; 7.881  ; 7.881  ;
; y[3]       ; display[5]     ; 7.822  ; 7.822  ; 7.822  ; 7.822  ;
; y[3]       ; display[6]     ; 7.791  ; 7.791  ; 7.791  ; 7.791  ;
; y[3]       ; display[7]     ; 7.837  ; 7.837  ; 7.837  ; 7.837  ;
; y[3]       ; neg_display[1] ; 7.682  ;        ;        ; 7.682  ;
; y[3]       ; neg_display[2] ; 7.682  ;        ;        ; 7.682  ;
; y[3]       ; neg_display[3] ; 7.537  ;        ;        ; 7.537  ;
; y[3]       ; neg_display[4] ; 7.537  ;        ;        ; 7.537  ;
; y[3]       ; neg_display[5] ; 7.557  ;        ;        ; 7.557  ;
; y[3]       ; neg_display[6] ; 7.039  ;        ;        ; 7.039  ;
+------------+----------------+--------+--------+--------+--------+


+---------------------------------------------------------------+
; Minimum Propagation Delay                                     ;
+------------+----------------+--------+-------+-------+--------+
; Input Port ; Output Port    ; RR     ; RF    ; FR    ; FF     ;
+------------+----------------+--------+-------+-------+--------+
; Cin        ; Cout           ; 8.120  ; 8.120 ; 8.120 ; 8.120  ;
; Cin        ; display[1]     ; 7.758  ; 7.758 ; 7.758 ; 7.758  ;
; Cin        ; display[2]     ; 7.770  ; 7.770 ; 7.770 ; 7.770  ;
; Cin        ; display[3]     ; 7.762  ; 7.762 ; 7.762 ; 7.762  ;
; Cin        ; display[4]     ; 7.553  ; 7.553 ; 7.553 ; 7.553  ;
; Cin        ; display[5]     ; 7.522  ; 7.522 ; 7.522 ; 7.522  ;
; Cin        ; display[6]     ; 7.485  ; 7.485 ; 7.485 ; 7.485  ;
; Cin        ; display[7]     ; 7.507  ; 7.507 ; 7.507 ; 7.507  ;
; Cin        ; neg_display[1] ; 9.498  ;       ;       ; 9.498  ;
; Cin        ; neg_display[2] ; 9.498  ;       ;       ; 9.498  ;
; Cin        ; neg_display[3] ; 9.353  ;       ;       ; 9.353  ;
; Cin        ; neg_display[4] ; 9.353  ;       ;       ; 9.353  ;
; Cin        ; neg_display[5] ; 9.373  ;       ;       ; 9.373  ;
; Cin        ; neg_display[6] ; 8.855  ;       ;       ; 8.855  ;
; X[0]       ; Cout           ; 8.118  ; 7.942 ; 7.942 ; 8.118  ;
; X[0]       ; display[1]     ; 7.183  ; 7.183 ; 7.183 ; 7.183  ;
; X[0]       ; display[2]     ; 7.195  ; 7.195 ; 7.195 ; 7.195  ;
; X[0]       ; display[3]     ; 7.187  ; 7.187 ; 7.187 ; 7.187  ;
; X[0]       ; display[4]     ; 6.978  ; 6.978 ; 6.978 ; 6.978  ;
; X[0]       ; display[5]     ; 6.947  ; 6.947 ; 6.947 ; 6.947  ;
; X[0]       ; display[6]     ; 6.910  ; 6.910 ; 6.910 ; 6.910  ;
; X[0]       ; display[7]     ; 6.932  ; 6.932 ; 6.932 ; 6.932  ;
; X[0]       ; neg_display[1] ;        ; 8.757 ; 8.757 ;        ;
; X[0]       ; neg_display[2] ;        ; 8.757 ; 8.757 ;        ;
; X[0]       ; neg_display[3] ;        ; 8.612 ; 8.612 ;        ;
; X[0]       ; neg_display[4] ;        ; 8.612 ; 8.612 ;        ;
; X[0]       ; neg_display[5] ;        ; 8.632 ; 8.632 ;        ;
; X[0]       ; neg_display[6] ;        ; 8.114 ; 8.114 ;        ;
; X[1]       ; Cout           ; 8.125  ; 7.939 ; 7.939 ; 8.125  ;
; X[1]       ; display[1]     ; 8.279  ; 8.279 ; 8.279 ; 8.279  ;
; X[1]       ; display[2]     ; 8.288  ; 8.288 ; 8.288 ; 8.288  ;
; X[1]       ; display[3]     ; 8.269  ; 8.269 ; 8.269 ; 8.269  ;
; X[1]       ; display[4]     ; 8.056  ; 8.056 ; 8.056 ; 8.056  ;
; X[1]       ; display[5]     ; 8.025  ; 8.025 ; 8.025 ; 8.025  ;
; X[1]       ; display[6]     ; 7.989  ; 7.989 ; 7.989 ; 7.989  ;
; X[1]       ; display[7]     ; 8.010  ; 8.010 ; 8.010 ; 8.010  ;
; X[1]       ; neg_display[1] ;        ; 9.099 ; 9.099 ;        ;
; X[1]       ; neg_display[2] ;        ; 9.099 ; 9.099 ;        ;
; X[1]       ; neg_display[3] ;        ; 8.954 ; 8.954 ;        ;
; X[1]       ; neg_display[4] ;        ; 8.954 ; 8.954 ;        ;
; X[1]       ; neg_display[5] ;        ; 8.974 ; 8.974 ;        ;
; X[1]       ; neg_display[6] ;        ; 8.456 ; 8.456 ;        ;
; X[2]       ; Cout           ; 9.306  ; 9.129 ; 9.129 ; 9.306  ;
; X[2]       ; display[1]     ; 9.487  ; 9.487 ; 9.487 ; 9.487  ;
; X[2]       ; display[2]     ; 9.496  ; 9.496 ; 9.496 ; 9.496  ;
; X[2]       ; display[3]     ; 9.477  ; 9.477 ; 9.477 ; 9.477  ;
; X[2]       ; display[4]     ; 9.264  ; 9.264 ; 9.264 ; 9.264  ;
; X[2]       ; display[5]     ; 9.233  ; 9.233 ; 9.233 ; 9.233  ;
; X[2]       ; display[6]     ; 9.197  ; 9.197 ; 9.197 ; 9.197  ;
; X[2]       ; display[7]     ; 9.218  ; 9.218 ; 9.218 ; 9.218  ;
; X[2]       ; neg_display[1] ;        ; 9.937 ; 9.937 ;        ;
; X[2]       ; neg_display[2] ;        ; 9.937 ; 9.937 ;        ;
; X[2]       ; neg_display[3] ;        ; 9.792 ; 9.792 ;        ;
; X[2]       ; neg_display[4] ;        ; 9.792 ; 9.792 ;        ;
; X[2]       ; neg_display[5] ;        ; 9.812 ; 9.812 ;        ;
; X[2]       ; neg_display[6] ;        ; 9.294 ; 9.294 ;        ;
; X[3]       ; Cout           ; 9.170  ; 8.989 ; 8.989 ; 9.170  ;
; X[3]       ; display[1]     ; 8.691  ; 8.691 ; 8.691 ; 8.691  ;
; X[3]       ; display[2]     ; 8.700  ; 8.700 ; 8.700 ; 8.700  ;
; X[3]       ; display[3]     ; 8.681  ; 8.681 ; 8.681 ; 8.681  ;
; X[3]       ; display[4]     ; 8.468  ; 8.468 ; 8.468 ; 8.468  ;
; X[3]       ; display[5]     ; 8.437  ; 8.437 ; 8.437 ; 8.437  ;
; X[3]       ; display[6]     ; 8.401  ; 8.401 ; 8.401 ; 8.401  ;
; X[3]       ; display[7]     ; 8.422  ; 8.422 ; 8.422 ; 8.422  ;
; X[3]       ; neg_display[1] ;        ; 9.050 ; 9.050 ;        ;
; X[3]       ; neg_display[2] ;        ; 9.050 ; 9.050 ;        ;
; X[3]       ; neg_display[3] ;        ; 8.905 ; 8.905 ;        ;
; X[3]       ; neg_display[4] ;        ; 8.905 ; 8.905 ;        ;
; X[3]       ; neg_display[5] ;        ; 8.925 ; 8.925 ;        ;
; X[3]       ; neg_display[6] ;        ; 8.407 ; 8.407 ;        ;
; y[0]       ; Cout           ; 9.782  ;       ;       ; 9.782  ;
; y[0]       ; display[1]     ; 9.019  ; 9.019 ; 9.019 ; 9.019  ;
; y[0]       ; display[2]     ; 9.031  ; 9.031 ; 9.031 ; 9.031  ;
; y[0]       ; display[3]     ; 9.023  ; 9.023 ; 9.023 ; 9.023  ;
; y[0]       ; display[4]     ; 8.814  ; 8.814 ; 8.814 ; 8.814  ;
; y[0]       ; display[5]     ; 8.783  ; 8.783 ; 8.783 ; 8.783  ;
; y[0]       ; display[6]     ; 8.746  ; 8.746 ; 8.746 ; 8.746  ;
; y[0]       ; display[7]     ; 8.768  ; 8.768 ; 8.768 ; 8.768  ;
; y[0]       ; neg_display[1] ; 10.453 ;       ;       ; 10.453 ;
; y[0]       ; neg_display[2] ; 10.453 ;       ;       ; 10.453 ;
; y[0]       ; neg_display[3] ; 10.308 ;       ;       ; 10.308 ;
; y[0]       ; neg_display[4] ; 10.308 ;       ;       ; 10.308 ;
; y[0]       ; neg_display[5] ; 10.328 ;       ;       ; 10.328 ;
; y[0]       ; neg_display[6] ; 9.810  ;       ;       ; 9.810  ;
; y[1]       ; Cout           ; 9.328  ;       ;       ; 9.328  ;
; y[1]       ; display[1]     ; 9.662  ; 9.662 ; 9.662 ; 9.662  ;
; y[1]       ; display[2]     ; 9.671  ; 9.671 ; 9.671 ; 9.671  ;
; y[1]       ; display[3]     ; 9.652  ; 9.652 ; 9.652 ; 9.652  ;
; y[1]       ; display[4]     ; 9.439  ; 9.439 ; 9.439 ; 9.439  ;
; y[1]       ; display[5]     ; 9.408  ; 9.408 ; 9.408 ; 9.408  ;
; y[1]       ; display[6]     ; 9.372  ; 9.372 ; 9.372 ; 9.372  ;
; y[1]       ; display[7]     ; 9.393  ; 9.393 ; 9.393 ; 9.393  ;
; y[1]       ; neg_display[1] ; 10.488 ;       ;       ; 10.488 ;
; y[1]       ; neg_display[2] ; 10.488 ;       ;       ; 10.488 ;
; y[1]       ; neg_display[3] ; 10.343 ;       ;       ; 10.343 ;
; y[1]       ; neg_display[4] ; 10.343 ;       ;       ; 10.343 ;
; y[1]       ; neg_display[5] ; 10.363 ;       ;       ; 10.363 ;
; y[1]       ; neg_display[6] ; 9.845  ;       ;       ; 9.845  ;
; y[2]       ; Cout           ; 7.857  ;       ;       ; 7.857  ;
; y[2]       ; display[1]     ; 8.224  ; 8.224 ; 8.224 ; 8.224  ;
; y[2]       ; display[2]     ; 8.233  ; 8.233 ; 8.233 ; 8.233  ;
; y[2]       ; display[3]     ; 8.214  ; 8.214 ; 8.214 ; 8.214  ;
; y[2]       ; display[4]     ; 8.001  ; 8.001 ; 8.001 ; 8.001  ;
; y[2]       ; display[5]     ; 7.970  ; 7.970 ; 7.970 ; 7.970  ;
; y[2]       ; display[6]     ; 7.934  ; 7.934 ; 7.934 ; 7.934  ;
; y[2]       ; display[7]     ; 7.955  ; 7.955 ; 7.955 ; 7.955  ;
; y[2]       ; neg_display[1] ; 8.692  ;       ;       ; 8.692  ;
; y[2]       ; neg_display[2] ; 8.692  ;       ;       ; 8.692  ;
; y[2]       ; neg_display[3] ; 8.547  ;       ;       ; 8.547  ;
; y[2]       ; neg_display[4] ; 8.547  ;       ;       ; 8.547  ;
; y[2]       ; neg_display[5] ; 8.567  ;       ;       ; 8.567  ;
; y[2]       ; neg_display[6] ; 8.049  ;       ;       ; 8.049  ;
; y[3]       ; Cout           ; 7.785  ;       ;       ; 7.785  ;
; y[3]       ; display[1]     ; 7.323  ; 7.323 ; 7.323 ; 7.323  ;
; y[3]       ; display[2]     ; 7.332  ; 7.332 ; 7.332 ; 7.332  ;
; y[3]       ; display[3]     ; 7.313  ; 7.313 ; 7.313 ; 7.313  ;
; y[3]       ; display[4]     ; 7.100  ; 7.100 ; 7.100 ; 7.100  ;
; y[3]       ; display[5]     ; 7.069  ; 7.069 ; 7.069 ; 7.069  ;
; y[3]       ; display[6]     ; 7.033  ; 7.033 ; 7.033 ; 7.033  ;
; y[3]       ; display[7]     ; 7.054  ; 7.054 ; 7.054 ; 7.054  ;
; y[3]       ; neg_display[1] ; 7.682  ;       ;       ; 7.682  ;
; y[3]       ; neg_display[2] ; 7.682  ;       ;       ; 7.682  ;
; y[3]       ; neg_display[3] ; 7.537  ;       ;       ; 7.537  ;
; y[3]       ; neg_display[4] ; 7.537  ;       ;       ; 7.537  ;
; y[3]       ; neg_display[5] ; 7.557  ;       ;       ; 7.557  ;
; y[3]       ; neg_display[6] ; 7.039  ;       ;       ; 7.039  ;
+------------+----------------+--------+-------+-------+--------+


----------------------------
; Fast Model Setup Summary ;
----------------------------
No paths to report.


---------------------------
; Fast Model Hold Summary ;
---------------------------
No paths to report.


-------------------------------
; Fast Model Recovery Summary ;
-------------------------------
No paths to report.


------------------------------
; Fast Model Removal Summary ;
------------------------------
No paths to report.


------------------------------------------
; Fast Model Minimum Pulse Width Summary ;
------------------------------------------
No paths to report.


+-------------------------------------------------------------+
; Propagation Delay                                           ;
+------------+----------------+-------+-------+-------+-------+
; Input Port ; Output Port    ; RR    ; RF    ; FR    ; FF    ;
+------------+----------------+-------+-------+-------+-------+
; Cin        ; Cout           ; 4.948 ; 4.207 ; 4.207 ; 4.948 ;
; Cin        ; display[1]     ; 5.434 ; 5.434 ; 5.434 ; 5.434 ;
; Cin        ; display[2]     ; 5.426 ; 5.426 ; 5.426 ; 5.426 ;
; Cin        ; display[3]     ; 5.429 ; 5.429 ; 5.429 ; 5.429 ;
; Cin        ; display[4]     ; 5.337 ; 5.337 ; 5.337 ; 5.337 ;
; Cin        ; display[5]     ; 5.323 ; 5.323 ; 5.323 ; 5.323 ;
; Cin        ; display[6]     ; 5.293 ; 5.293 ; 5.293 ; 5.293 ;
; Cin        ; display[7]     ; 5.308 ; 5.308 ; 5.308 ; 5.308 ;
; Cin        ; neg_display[1] ; 4.804 ;       ;       ; 4.804 ;
; Cin        ; neg_display[2] ; 4.804 ;       ;       ; 4.804 ;
; Cin        ; neg_display[3] ; 4.687 ;       ;       ; 4.687 ;
; Cin        ; neg_display[4] ; 4.687 ;       ;       ; 4.687 ;
; Cin        ; neg_display[5] ; 4.707 ;       ;       ; 4.707 ;
; Cin        ; neg_display[6] ; 4.467 ;       ;       ; 4.467 ;
; X[0]       ; Cout           ; 4.029 ; 3.956 ; 3.956 ; 4.029 ;
; X[0]       ; display[1]     ; 4.412 ; 4.412 ; 4.412 ; 4.412 ;
; X[0]       ; display[2]     ; 4.404 ; 4.404 ; 4.404 ; 4.404 ;
; X[0]       ; display[3]     ; 4.407 ; 4.407 ; 4.407 ; 4.407 ;
; X[0]       ; display[4]     ; 4.315 ; 4.315 ; 4.315 ; 4.315 ;
; X[0]       ; display[5]     ; 4.301 ; 4.301 ; 4.301 ; 4.301 ;
; X[0]       ; display[6]     ; 4.271 ; 4.271 ; 4.271 ; 4.271 ;
; X[0]       ; display[7]     ; 4.286 ; 4.286 ; 4.286 ; 4.286 ;
; X[0]       ; neg_display[1] ;       ; 4.316 ; 4.316 ;       ;
; X[0]       ; neg_display[2] ;       ; 4.316 ; 4.316 ;       ;
; X[0]       ; neg_display[3] ;       ; 4.199 ; 4.199 ;       ;
; X[0]       ; neg_display[4] ;       ; 4.199 ; 4.199 ;       ;
; X[0]       ; neg_display[5] ;       ; 4.219 ; 4.219 ;       ;
; X[0]       ; neg_display[6] ;       ; 3.979 ; 3.979 ;       ;
; X[1]       ; Cout           ; 4.033 ; 3.949 ; 3.949 ; 4.033 ;
; X[1]       ; display[1]     ; 4.371 ; 4.371 ; 4.371 ; 4.371 ;
; X[1]       ; display[2]     ; 4.363 ; 4.363 ; 4.363 ; 4.363 ;
; X[1]       ; display[3]     ; 4.366 ; 4.366 ; 4.366 ; 4.366 ;
; X[1]       ; display[4]     ; 4.274 ; 4.274 ; 4.274 ; 4.274 ;
; X[1]       ; display[5]     ; 4.260 ; 4.260 ; 4.260 ; 4.260 ;
; X[1]       ; display[6]     ; 4.230 ; 4.230 ; 4.230 ; 4.230 ;
; X[1]       ; display[7]     ; 4.245 ; 4.245 ; 4.245 ; 4.245 ;
; X[1]       ; neg_display[1] ;       ; 4.464 ; 4.464 ;       ;
; X[1]       ; neg_display[2] ;       ; 4.464 ; 4.464 ;       ;
; X[1]       ; neg_display[3] ;       ; 4.347 ; 4.347 ;       ;
; X[1]       ; neg_display[4] ;       ; 4.347 ; 4.347 ;       ;
; X[1]       ; neg_display[5] ;       ; 4.367 ; 4.367 ;       ;
; X[1]       ; neg_display[6] ;       ; 4.127 ; 4.127 ;       ;
; X[2]       ; Cout           ; 4.676 ; 4.603 ; 4.603 ; 4.676 ;
; X[2]       ; display[1]     ; 4.892 ; 4.892 ; 4.892 ; 4.892 ;
; X[2]       ; display[2]     ; 4.884 ; 4.884 ; 4.884 ; 4.884 ;
; X[2]       ; display[3]     ; 4.887 ; 4.887 ; 4.887 ; 4.887 ;
; X[2]       ; display[4]     ; 4.795 ; 4.795 ; 4.795 ; 4.795 ;
; X[2]       ; display[5]     ; 4.781 ; 4.781 ; 4.781 ; 4.781 ;
; X[2]       ; display[6]     ; 4.751 ; 4.751 ; 4.751 ; 4.751 ;
; X[2]       ; display[7]     ; 4.766 ; 4.766 ; 4.766 ; 4.766 ;
; X[2]       ; neg_display[1] ;       ; 4.985 ; 4.985 ;       ;
; X[2]       ; neg_display[2] ;       ; 4.985 ; 4.985 ;       ;
; X[2]       ; neg_display[3] ;       ; 4.868 ; 4.868 ;       ;
; X[2]       ; neg_display[4] ;       ; 4.868 ; 4.868 ;       ;
; X[2]       ; neg_display[5] ;       ; 4.888 ; 4.888 ;       ;
; X[2]       ; neg_display[6] ;       ; 4.648 ; 4.648 ;       ;
; X[3]       ; Cout           ; 4.599 ; 4.520 ; 4.520 ; 4.599 ;
; X[3]       ; display[1]     ; 4.675 ; 4.675 ; 4.675 ; 4.675 ;
; X[3]       ; display[2]     ; 4.667 ; 4.667 ; 4.667 ; 4.667 ;
; X[3]       ; display[3]     ; 4.670 ; 4.670 ; 4.670 ; 4.670 ;
; X[3]       ; display[4]     ; 4.578 ; 4.578 ; 4.578 ; 4.578 ;
; X[3]       ; display[5]     ; 4.564 ; 4.564 ; 4.564 ; 4.564 ;
; X[3]       ; display[6]     ; 4.534 ; 4.534 ; 4.534 ; 4.534 ;
; X[3]       ; display[7]     ; 4.549 ; 4.549 ; 4.549 ; 4.549 ;
; X[3]       ; neg_display[1] ;       ; 4.577 ; 4.577 ;       ;
; X[3]       ; neg_display[2] ;       ; 4.577 ; 4.577 ;       ;
; X[3]       ; neg_display[3] ;       ; 4.460 ; 4.460 ;       ;
; X[3]       ; neg_display[4] ;       ; 4.460 ; 4.460 ;       ;
; X[3]       ; neg_display[5] ;       ; 4.480 ; 4.480 ;       ;
; X[3]       ; neg_display[6] ;       ; 4.240 ; 4.240 ;       ;
; y[0]       ; Cout           ; 5.085 ;       ;       ; 5.085 ;
; y[0]       ; display[1]     ; 5.466 ; 5.466 ; 5.466 ; 5.466 ;
; y[0]       ; display[2]     ; 5.458 ; 5.458 ; 5.458 ; 5.458 ;
; y[0]       ; display[3]     ; 5.461 ; 5.461 ; 5.461 ; 5.461 ;
; y[0]       ; display[4]     ; 5.369 ; 5.369 ; 5.369 ; 5.369 ;
; y[0]       ; display[5]     ; 5.355 ; 5.355 ; 5.355 ; 5.355 ;
; y[0]       ; display[6]     ; 5.325 ; 5.325 ; 5.325 ; 5.325 ;
; y[0]       ; display[7]     ; 5.340 ; 5.340 ; 5.340 ; 5.340 ;
; y[0]       ; neg_display[1] ; 5.290 ;       ;       ; 5.290 ;
; y[0]       ; neg_display[2] ; 5.290 ;       ;       ; 5.290 ;
; y[0]       ; neg_display[3] ; 5.173 ;       ;       ; 5.173 ;
; y[0]       ; neg_display[4] ; 5.173 ;       ;       ; 5.173 ;
; y[0]       ; neg_display[5] ; 5.193 ;       ;       ; 5.193 ;
; y[0]       ; neg_display[6] ; 4.953 ;       ;       ; 4.953 ;
; y[1]       ; Cout           ; 4.836 ;       ;       ; 4.836 ;
; y[1]       ; display[1]     ; 5.186 ; 5.186 ; 5.186 ; 5.186 ;
; y[1]       ; display[2]     ; 5.178 ; 5.178 ; 5.178 ; 5.178 ;
; y[1]       ; display[3]     ; 5.181 ; 5.181 ; 5.181 ; 5.181 ;
; y[1]       ; display[4]     ; 5.089 ; 5.089 ; 5.089 ; 5.089 ;
; y[1]       ; display[5]     ; 5.075 ; 5.075 ; 5.075 ; 5.075 ;
; y[1]       ; display[6]     ; 5.045 ; 5.045 ; 5.045 ; 5.045 ;
; y[1]       ; display[7]     ; 5.060 ; 5.060 ; 5.060 ; 5.060 ;
; y[1]       ; neg_display[1] ; 5.279 ;       ;       ; 5.279 ;
; y[1]       ; neg_display[2] ; 5.279 ;       ;       ; 5.279 ;
; y[1]       ; neg_display[3] ; 5.162 ;       ;       ; 5.162 ;
; y[1]       ; neg_display[4] ; 5.162 ;       ;       ; 5.162 ;
; y[1]       ; neg_display[5] ; 5.182 ;       ;       ; 5.182 ;
; y[1]       ; neg_display[6] ; 4.942 ;       ;       ; 4.942 ;
; y[2]       ; Cout           ; 3.987 ;       ;       ; 3.987 ;
; y[2]       ; display[1]     ; 4.195 ; 4.195 ; 4.195 ; 4.195 ;
; y[2]       ; display[2]     ; 4.187 ; 4.187 ; 4.187 ; 4.187 ;
; y[2]       ; display[3]     ; 4.190 ; 4.190 ; 4.190 ; 4.190 ;
; y[2]       ; display[4]     ; 4.098 ; 4.098 ; 4.098 ; 4.098 ;
; y[2]       ; display[5]     ; 4.084 ; 4.084 ; 4.084 ; 4.084 ;
; y[2]       ; display[6]     ; 4.054 ; 4.054 ; 4.054 ; 4.054 ;
; y[2]       ; display[7]     ; 4.069 ; 4.069 ; 4.069 ; 4.069 ;
; y[2]       ; neg_display[1] ; 4.288 ;       ;       ; 4.288 ;
; y[2]       ; neg_display[2] ; 4.288 ;       ;       ; 4.288 ;
; y[2]       ; neg_display[3] ; 4.171 ;       ;       ; 4.171 ;
; y[2]       ; neg_display[4] ; 4.171 ;       ;       ; 4.171 ;
; y[2]       ; neg_display[5] ; 4.191 ;       ;       ; 4.191 ;
; y[2]       ; neg_display[6] ; 3.951 ;       ;       ; 3.951 ;
; y[3]       ; Cout           ; 3.951 ;       ;       ; 3.951 ;
; y[3]       ; display[1]     ; 4.023 ; 4.023 ; 4.023 ; 4.023 ;
; y[3]       ; display[2]     ; 4.015 ; 4.015 ; 4.015 ; 4.015 ;
; y[3]       ; display[3]     ; 4.018 ; 4.018 ; 4.018 ; 4.018 ;
; y[3]       ; display[4]     ; 3.926 ; 3.926 ; 3.926 ; 3.926 ;
; y[3]       ; display[5]     ; 3.912 ; 3.912 ; 3.912 ; 3.912 ;
; y[3]       ; display[6]     ; 3.882 ; 3.882 ; 3.882 ; 3.882 ;
; y[3]       ; display[7]     ; 3.897 ; 3.897 ; 3.897 ; 3.897 ;
; y[3]       ; neg_display[1] ; 3.867 ;       ;       ; 3.867 ;
; y[3]       ; neg_display[2] ; 3.867 ;       ;       ; 3.867 ;
; y[3]       ; neg_display[3] ; 3.750 ;       ;       ; 3.750 ;
; y[3]       ; neg_display[4] ; 3.750 ;       ;       ; 3.750 ;
; y[3]       ; neg_display[5] ; 3.770 ;       ;       ; 3.770 ;
; y[3]       ; neg_display[6] ; 3.530 ;       ;       ; 3.530 ;
+------------+----------------+-------+-------+-------+-------+


+-------------------------------------------------------------+
; Minimum Propagation Delay                                   ;
+------------+----------------+-------+-------+-------+-------+
; Input Port ; Output Port    ; RR    ; RF    ; FR    ; FF    ;
+------------+----------------+-------+-------+-------+-------+
; Cin        ; Cout           ; 4.207 ; 4.207 ; 4.207 ; 4.207 ;
; Cin        ; display[1]     ; 4.036 ; 4.036 ; 4.036 ; 4.036 ;
; Cin        ; display[2]     ; 4.032 ; 4.032 ; 4.032 ; 4.032 ;
; Cin        ; display[3]     ; 4.031 ; 4.031 ; 4.031 ; 4.031 ;
; Cin        ; display[4]     ; 3.946 ; 3.946 ; 3.946 ; 3.946 ;
; Cin        ; display[5]     ; 3.932 ; 3.932 ; 3.932 ; 3.932 ;
; Cin        ; display[6]     ; 3.902 ; 3.902 ; 3.902 ; 3.902 ;
; Cin        ; display[7]     ; 3.917 ; 3.917 ; 3.917 ; 3.917 ;
; Cin        ; neg_display[1] ; 4.804 ;       ;       ; 4.804 ;
; Cin        ; neg_display[2] ; 4.804 ;       ;       ; 4.804 ;
; Cin        ; neg_display[3] ; 4.687 ;       ;       ; 4.687 ;
; Cin        ; neg_display[4] ; 4.687 ;       ;       ; 4.687 ;
; Cin        ; neg_display[5] ; 4.707 ;       ;       ; 4.707 ;
; Cin        ; neg_display[6] ; 4.467 ;       ;       ; 4.467 ;
; X[0]       ; Cout           ; 4.029 ; 3.956 ; 3.956 ; 4.029 ;
; X[0]       ; display[1]     ; 3.633 ; 3.633 ; 3.633 ; 3.633 ;
; X[0]       ; display[2]     ; 3.629 ; 3.629 ; 3.629 ; 3.629 ;
; X[0]       ; display[3]     ; 3.628 ; 3.628 ; 3.628 ; 3.628 ;
; X[0]       ; display[4]     ; 3.543 ; 3.543 ; 3.543 ; 3.543 ;
; X[0]       ; display[5]     ; 3.529 ; 3.529 ; 3.529 ; 3.529 ;
; X[0]       ; display[6]     ; 3.499 ; 3.499 ; 3.499 ; 3.499 ;
; X[0]       ; display[7]     ; 3.514 ; 3.514 ; 3.514 ; 3.514 ;
; X[0]       ; neg_display[1] ;       ; 4.316 ; 4.316 ;       ;
; X[0]       ; neg_display[2] ;       ; 4.316 ; 4.316 ;       ;
; X[0]       ; neg_display[3] ;       ; 4.199 ; 4.199 ;       ;
; X[0]       ; neg_display[4] ;       ; 4.199 ; 4.199 ;       ;
; X[0]       ; neg_display[5] ;       ; 4.219 ; 4.219 ;       ;
; X[0]       ; neg_display[6] ;       ; 3.979 ; 3.979 ;       ;
; X[1]       ; Cout           ; 4.033 ; 3.949 ; 3.949 ; 4.033 ;
; X[1]       ; display[1]     ; 4.107 ; 4.107 ; 4.107 ; 4.107 ;
; X[1]       ; display[2]     ; 4.100 ; 4.100 ; 4.100 ; 4.100 ;
; X[1]       ; display[3]     ; 4.091 ; 4.091 ; 4.091 ; 4.091 ;
; X[1]       ; display[4]     ; 4.001 ; 4.001 ; 4.001 ; 4.001 ;
; X[1]       ; display[5]     ; 3.987 ; 3.987 ; 3.987 ; 3.987 ;
; X[1]       ; display[6]     ; 3.956 ; 3.956 ; 3.956 ; 3.956 ;
; X[1]       ; display[7]     ; 3.972 ; 3.972 ; 3.972 ; 3.972 ;
; X[1]       ; neg_display[1] ;       ; 4.464 ; 4.464 ;       ;
; X[1]       ; neg_display[2] ;       ; 4.464 ; 4.464 ;       ;
; X[1]       ; neg_display[3] ;       ; 4.347 ; 4.347 ;       ;
; X[1]       ; neg_display[4] ;       ; 4.347 ; 4.347 ;       ;
; X[1]       ; neg_display[5] ;       ; 4.367 ; 4.367 ;       ;
; X[1]       ; neg_display[6] ;       ; 4.127 ; 4.127 ;       ;
; X[2]       ; Cout           ; 4.676 ; 4.603 ; 4.603 ; 4.676 ;
; X[2]       ; display[1]     ; 4.765 ; 4.765 ; 4.765 ; 4.765 ;
; X[2]       ; display[2]     ; 4.758 ; 4.758 ; 4.758 ; 4.758 ;
; X[2]       ; display[3]     ; 4.749 ; 4.749 ; 4.749 ; 4.749 ;
; X[2]       ; display[4]     ; 4.659 ; 4.659 ; 4.659 ; 4.659 ;
; X[2]       ; display[5]     ; 4.645 ; 4.645 ; 4.645 ; 4.645 ;
; X[2]       ; display[6]     ; 4.614 ; 4.614 ; 4.614 ; 4.614 ;
; X[2]       ; display[7]     ; 4.630 ; 4.630 ; 4.630 ; 4.630 ;
; X[2]       ; neg_display[1] ;       ; 4.985 ; 4.985 ;       ;
; X[2]       ; neg_display[2] ;       ; 4.985 ; 4.985 ;       ;
; X[2]       ; neg_display[3] ;       ; 4.868 ; 4.868 ;       ;
; X[2]       ; neg_display[4] ;       ; 4.868 ; 4.868 ;       ;
; X[2]       ; neg_display[5] ;       ; 4.888 ; 4.888 ;       ;
; X[2]       ; neg_display[6] ;       ; 4.648 ; 4.648 ;       ;
; X[3]       ; Cout           ; 4.599 ; 4.520 ; 4.520 ; 4.599 ;
; X[3]       ; display[1]     ; 4.406 ; 4.406 ; 4.406 ; 4.406 ;
; X[3]       ; display[2]     ; 4.399 ; 4.399 ; 4.399 ; 4.399 ;
; X[3]       ; display[3]     ; 4.390 ; 4.390 ; 4.390 ; 4.390 ;
; X[3]       ; display[4]     ; 4.300 ; 4.300 ; 4.300 ; 4.300 ;
; X[3]       ; display[5]     ; 4.286 ; 4.286 ; 4.286 ; 4.286 ;
; X[3]       ; display[6]     ; 4.255 ; 4.255 ; 4.255 ; 4.255 ;
; X[3]       ; display[7]     ; 4.271 ; 4.271 ; 4.271 ; 4.271 ;
; X[3]       ; neg_display[1] ;       ; 4.577 ; 4.577 ;       ;
; X[3]       ; neg_display[2] ;       ; 4.577 ; 4.577 ;       ;
; X[3]       ; neg_display[3] ;       ; 4.460 ; 4.460 ;       ;
; X[3]       ; neg_display[4] ;       ; 4.460 ; 4.460 ;       ;
; X[3]       ; neg_display[5] ;       ; 4.480 ; 4.480 ;       ;
; X[3]       ; neg_display[6] ;       ; 4.240 ; 4.240 ;       ;
; y[0]       ; Cout           ; 5.004 ;       ;       ; 5.004 ;
; y[0]       ; display[1]     ; 4.676 ; 4.676 ; 4.676 ; 4.676 ;
; y[0]       ; display[2]     ; 4.672 ; 4.672 ; 4.672 ; 4.672 ;
; y[0]       ; display[3]     ; 4.671 ; 4.671 ; 4.671 ; 4.671 ;
; y[0]       ; display[4]     ; 4.586 ; 4.586 ; 4.586 ; 4.586 ;
; y[0]       ; display[5]     ; 4.572 ; 4.572 ; 4.572 ; 4.572 ;
; y[0]       ; display[6]     ; 4.542 ; 4.542 ; 4.542 ; 4.542 ;
; y[0]       ; display[7]     ; 4.557 ; 4.557 ; 4.557 ; 4.557 ;
; y[0]       ; neg_display[1] ; 5.290 ;       ;       ; 5.290 ;
; y[0]       ; neg_display[2] ; 5.290 ;       ;       ; 5.290 ;
; y[0]       ; neg_display[3] ; 5.173 ;       ;       ; 5.173 ;
; y[0]       ; neg_display[4] ; 5.173 ;       ;       ; 5.173 ;
; y[0]       ; neg_display[5] ; 5.193 ;       ;       ; 5.193 ;
; y[0]       ; neg_display[6] ; 4.953 ;       ;       ; 4.953 ;
; y[1]       ; Cout           ; 4.762 ;       ;       ; 4.762 ;
; y[1]       ; display[1]     ; 4.912 ; 4.912 ; 4.912 ; 4.912 ;
; y[1]       ; display[2]     ; 4.905 ; 4.905 ; 4.905 ; 4.905 ;
; y[1]       ; display[3]     ; 4.896 ; 4.896 ; 4.896 ; 4.896 ;
; y[1]       ; display[4]     ; 4.806 ; 4.806 ; 4.806 ; 4.806 ;
; y[1]       ; display[5]     ; 4.792 ; 4.792 ; 4.792 ; 4.792 ;
; y[1]       ; display[6]     ; 4.761 ; 4.761 ; 4.761 ; 4.761 ;
; y[1]       ; display[7]     ; 4.777 ; 4.777 ; 4.777 ; 4.777 ;
; y[1]       ; neg_display[1] ; 5.279 ;       ;       ; 5.279 ;
; y[1]       ; neg_display[2] ; 5.279 ;       ;       ; 5.279 ;
; y[1]       ; neg_display[3] ; 5.162 ;       ;       ; 5.162 ;
; y[1]       ; neg_display[4] ; 5.162 ;       ;       ; 5.162 ;
; y[1]       ; neg_display[5] ; 5.182 ;       ;       ; 5.182 ;
; y[1]       ; neg_display[6] ; 4.942 ;       ;       ; 4.942 ;
; y[2]       ; Cout           ; 3.904 ;       ;       ; 3.904 ;
; y[2]       ; display[1]     ; 4.074 ; 4.074 ; 4.074 ; 4.074 ;
; y[2]       ; display[2]     ; 4.067 ; 4.067 ; 4.067 ; 4.067 ;
; y[2]       ; display[3]     ; 4.058 ; 4.058 ; 4.058 ; 4.058 ;
; y[2]       ; display[4]     ; 3.968 ; 3.968 ; 3.968 ; 3.968 ;
; y[2]       ; display[5]     ; 3.954 ; 3.954 ; 3.954 ; 3.954 ;
; y[2]       ; display[6]     ; 3.923 ; 3.923 ; 3.923 ; 3.923 ;
; y[2]       ; display[7]     ; 3.939 ; 3.939 ; 3.939 ; 3.939 ;
; y[2]       ; neg_display[1] ; 4.288 ;       ;       ; 4.288 ;
; y[2]       ; neg_display[2] ; 4.288 ;       ;       ; 4.288 ;
; y[2]       ; neg_display[3] ; 4.171 ;       ;       ; 4.171 ;
; y[2]       ; neg_display[4] ; 4.171 ;       ;       ; 4.171 ;
; y[2]       ; neg_display[5] ; 4.191 ;       ;       ; 4.191 ;
; y[2]       ; neg_display[6] ; 3.951 ;       ;       ; 3.951 ;
; y[3]       ; Cout           ; 3.870 ;       ;       ; 3.870 ;
; y[3]       ; display[1]     ; 3.696 ; 3.696 ; 3.696 ; 3.696 ;
; y[3]       ; display[2]     ; 3.689 ; 3.689 ; 3.689 ; 3.689 ;
; y[3]       ; display[3]     ; 3.680 ; 3.680 ; 3.680 ; 3.680 ;
; y[3]       ; display[4]     ; 3.590 ; 3.590 ; 3.590 ; 3.590 ;
; y[3]       ; display[5]     ; 3.576 ; 3.576 ; 3.576 ; 3.576 ;
; y[3]       ; display[6]     ; 3.545 ; 3.545 ; 3.545 ; 3.545 ;
; y[3]       ; display[7]     ; 3.561 ; 3.561 ; 3.561 ; 3.561 ;
; y[3]       ; neg_display[1] ; 3.867 ;       ;       ; 3.867 ;
; y[3]       ; neg_display[2] ; 3.867 ;       ;       ; 3.867 ;
; y[3]       ; neg_display[3] ; 3.750 ;       ;       ; 3.750 ;
; y[3]       ; neg_display[4] ; 3.750 ;       ;       ; 3.750 ;
; y[3]       ; neg_display[5] ; 3.770 ;       ;       ; 3.770 ;
; y[3]       ; neg_display[6] ; 3.530 ;       ;       ; 3.530 ;
+------------+----------------+-------+-------+-------+-------+


+----------------------------------------------------------------------------+
; Multicorner Timing Analysis Summary                                        ;
+------------------+-------+------+----------+---------+---------------------+
; Clock            ; Setup ; Hold ; Recovery ; Removal ; Minimum Pulse Width ;
+------------------+-------+------+----------+---------+---------------------+
; Worst-case Slack ; N/A   ; N/A  ; N/A      ; N/A     ; N/A                 ;
; Design-wide TNS  ; 0.0   ; 0.0  ; 0.0      ; 0.0     ; 0.0                 ;
+------------------+-------+------+----------+---------+---------------------+


+-----------------------------------------------------------------+
; Progagation Delay                                               ;
+------------+----------------+--------+--------+--------+--------+
; Input Port ; Output Port    ; RR     ; RF     ; FR     ; FF     ;
+------------+----------------+--------+--------+--------+--------+
; Cin        ; Cout           ; 9.853  ; 8.120  ; 8.120  ; 9.853  ;
; Cin        ; display[1]     ; 11.042 ; 11.042 ; 11.042 ; 11.042 ;
; Cin        ; display[2]     ; 11.076 ; 11.076 ; 11.076 ; 11.076 ;
; Cin        ; display[3]     ; 11.064 ; 11.064 ; 11.064 ; 11.064 ;
; Cin        ; display[4]     ; 10.855 ; 10.855 ; 10.855 ; 10.855 ;
; Cin        ; display[5]     ; 10.796 ; 10.796 ; 10.796 ; 10.796 ;
; Cin        ; display[6]     ; 10.765 ; 10.765 ; 10.765 ; 10.765 ;
; Cin        ; display[7]     ; 10.811 ; 10.811 ; 10.811 ; 10.811 ;
; Cin        ; neg_display[1] ; 9.498  ;        ;        ; 9.498  ;
; Cin        ; neg_display[2] ; 9.498  ;        ;        ; 9.498  ;
; Cin        ; neg_display[3] ; 9.353  ;        ;        ; 9.353  ;
; Cin        ; neg_display[4] ; 9.353  ;        ;        ; 9.353  ;
; Cin        ; neg_display[5] ; 9.373  ;        ;        ; 9.373  ;
; Cin        ; neg_display[6] ; 8.855  ;        ;        ; 8.855  ;
; X[0]       ; Cout           ; 8.118  ; 7.942  ; 7.942  ; 8.118  ;
; X[0]       ; display[1]     ; 8.991  ; 8.991  ; 8.991  ; 8.991  ;
; X[0]       ; display[2]     ; 9.025  ; 9.025  ; 9.025  ; 9.025  ;
; X[0]       ; display[3]     ; 9.013  ; 9.013  ; 9.013  ; 9.013  ;
; X[0]       ; display[4]     ; 8.804  ; 8.804  ; 8.804  ; 8.804  ;
; X[0]       ; display[5]     ; 8.745  ; 8.745  ; 8.745  ; 8.745  ;
; X[0]       ; display[6]     ; 8.714  ; 8.714  ; 8.714  ; 8.714  ;
; X[0]       ; display[7]     ; 8.760  ; 8.760  ; 8.760  ; 8.760  ;
; X[0]       ; neg_display[1] ;        ; 8.757  ; 8.757  ;        ;
; X[0]       ; neg_display[2] ;        ; 8.757  ; 8.757  ;        ;
; X[0]       ; neg_display[3] ;        ; 8.612  ; 8.612  ;        ;
; X[0]       ; neg_display[4] ;        ; 8.612  ; 8.612  ;        ;
; X[0]       ; neg_display[5] ;        ; 8.632  ; 8.632  ;        ;
; X[0]       ; neg_display[6] ;        ; 8.114  ; 8.114  ;        ;
; X[1]       ; Cout           ; 8.125  ; 7.939  ; 7.939  ; 8.125  ;
; X[1]       ; display[1]     ; 8.894  ; 8.894  ; 8.894  ; 8.894  ;
; X[1]       ; display[2]     ; 8.928  ; 8.928  ; 8.928  ; 8.928  ;
; X[1]       ; display[3]     ; 8.916  ; 8.916  ; 8.916  ; 8.916  ;
; X[1]       ; display[4]     ; 8.707  ; 8.707  ; 8.707  ; 8.707  ;
; X[1]       ; display[5]     ; 8.648  ; 8.648  ; 8.648  ; 8.648  ;
; X[1]       ; display[6]     ; 8.617  ; 8.617  ; 8.617  ; 8.617  ;
; X[1]       ; display[7]     ; 8.663  ; 8.663  ; 8.663  ; 8.663  ;
; X[1]       ; neg_display[1] ;        ; 9.099  ; 9.099  ;        ;
; X[1]       ; neg_display[2] ;        ; 9.099  ; 9.099  ;        ;
; X[1]       ; neg_display[3] ;        ; 8.954  ; 8.954  ;        ;
; X[1]       ; neg_display[4] ;        ; 8.954  ; 8.954  ;        ;
; X[1]       ; neg_display[5] ;        ; 8.974  ; 8.974  ;        ;
; X[1]       ; neg_display[6] ;        ; 8.456  ; 8.456  ;        ;
; X[2]       ; Cout           ; 9.306  ; 9.129  ; 9.129  ; 9.306  ;
; X[2]       ; display[1]     ; 9.732  ; 9.732  ; 9.732  ; 9.732  ;
; X[2]       ; display[2]     ; 9.766  ; 9.766  ; 9.766  ; 9.766  ;
; X[2]       ; display[3]     ; 9.754  ; 9.754  ; 9.754  ; 9.754  ;
; X[2]       ; display[4]     ; 9.545  ; 9.545  ; 9.545  ; 9.545  ;
; X[2]       ; display[5]     ; 9.486  ; 9.486  ; 9.486  ; 9.486  ;
; X[2]       ; display[6]     ; 9.455  ; 9.455  ; 9.455  ; 9.455  ;
; X[2]       ; display[7]     ; 9.501  ; 9.501  ; 9.501  ; 9.501  ;
; X[2]       ; neg_display[1] ;        ; 9.937  ; 9.937  ;        ;
; X[2]       ; neg_display[2] ;        ; 9.937  ; 9.937  ;        ;
; X[2]       ; neg_display[3] ;        ; 9.792  ; 9.792  ;        ;
; X[2]       ; neg_display[4] ;        ; 9.792  ; 9.792  ;        ;
; X[2]       ; neg_display[5] ;        ; 9.812  ; 9.812  ;        ;
; X[2]       ; neg_display[6] ;        ; 9.294  ; 9.294  ;        ;
; X[3]       ; Cout           ; 9.170  ; 8.989  ; 8.989  ; 9.170  ;
; X[3]       ; display[1]     ; 9.275  ; 9.275  ; 9.275  ; 9.275  ;
; X[3]       ; display[2]     ; 9.309  ; 9.309  ; 9.309  ; 9.309  ;
; X[3]       ; display[3]     ; 9.297  ; 9.297  ; 9.297  ; 9.297  ;
; X[3]       ; display[4]     ; 9.088  ; 9.088  ; 9.088  ; 9.088  ;
; X[3]       ; display[5]     ; 9.029  ; 9.029  ; 9.029  ; 9.029  ;
; X[3]       ; display[6]     ; 8.998  ; 8.998  ; 8.998  ; 8.998  ;
; X[3]       ; display[7]     ; 9.044  ; 9.044  ; 9.044  ; 9.044  ;
; X[3]       ; neg_display[1] ;        ; 9.050  ; 9.050  ;        ;
; X[3]       ; neg_display[2] ;        ; 9.050  ; 9.050  ;        ;
; X[3]       ; neg_display[3] ;        ; 8.905  ; 8.905  ;        ;
; X[3]       ; neg_display[4] ;        ; 8.905  ; 8.905  ;        ;
; X[3]       ; neg_display[5] ;        ; 8.925  ; 8.925  ;        ;
; X[3]       ; neg_display[6] ;        ; 8.407  ; 8.407  ;        ;
; y[0]       ; Cout           ; 9.967  ;        ;        ; 9.967  ;
; y[0]       ; display[1]     ; 10.841 ; 10.841 ; 10.841 ; 10.841 ;
; y[0]       ; display[2]     ; 10.875 ; 10.875 ; 10.875 ; 10.875 ;
; y[0]       ; display[3]     ; 10.863 ; 10.863 ; 10.863 ; 10.863 ;
; y[0]       ; display[4]     ; 10.654 ; 10.654 ; 10.654 ; 10.654 ;
; y[0]       ; display[5]     ; 10.595 ; 10.595 ; 10.595 ; 10.595 ;
; y[0]       ; display[6]     ; 10.564 ; 10.564 ; 10.564 ; 10.564 ;
; y[0]       ; display[7]     ; 10.610 ; 10.610 ; 10.610 ; 10.610 ;
; y[0]       ; neg_display[1] ; 10.453 ;        ;        ; 10.453 ;
; y[0]       ; neg_display[2] ; 10.453 ;        ;        ; 10.453 ;
; y[0]       ; neg_display[3] ; 10.308 ;        ;        ; 10.308 ;
; y[0]       ; neg_display[4] ; 10.308 ;        ;        ; 10.308 ;
; y[0]       ; neg_display[5] ; 10.328 ;        ;        ; 10.328 ;
; y[0]       ; neg_display[6] ; 9.810  ;        ;        ; 9.810  ;
; y[1]       ; Cout           ; 9.505  ;        ;        ; 9.505  ;
; y[1]       ; display[1]     ; 10.283 ; 10.283 ; 10.283 ; 10.283 ;
; y[1]       ; display[2]     ; 10.317 ; 10.317 ; 10.317 ; 10.317 ;
; y[1]       ; display[3]     ; 10.305 ; 10.305 ; 10.305 ; 10.305 ;
; y[1]       ; display[4]     ; 10.096 ; 10.096 ; 10.096 ; 10.096 ;
; y[1]       ; display[5]     ; 10.037 ; 10.037 ; 10.037 ; 10.037 ;
; y[1]       ; display[6]     ; 10.006 ; 10.006 ; 10.006 ; 10.006 ;
; y[1]       ; display[7]     ; 10.052 ; 10.052 ; 10.052 ; 10.052 ;
; y[1]       ; neg_display[1] ; 10.488 ;        ;        ; 10.488 ;
; y[1]       ; neg_display[2] ; 10.488 ;        ;        ; 10.488 ;
; y[1]       ; neg_display[3] ; 10.343 ;        ;        ; 10.343 ;
; y[1]       ; neg_display[4] ; 10.343 ;        ;        ; 10.343 ;
; y[1]       ; neg_display[5] ; 10.363 ;        ;        ; 10.363 ;
; y[1]       ; neg_display[6] ; 9.845  ;        ;        ; 9.845  ;
; y[2]       ; Cout           ; 8.042  ;        ;        ; 8.042  ;
; y[2]       ; display[1]     ; 8.487  ; 8.487  ; 8.487  ; 8.487  ;
; y[2]       ; display[2]     ; 8.521  ; 8.521  ; 8.521  ; 8.521  ;
; y[2]       ; display[3]     ; 8.509  ; 8.509  ; 8.509  ; 8.509  ;
; y[2]       ; display[4]     ; 8.300  ; 8.300  ; 8.300  ; 8.300  ;
; y[2]       ; display[5]     ; 8.241  ; 8.241  ; 8.241  ; 8.241  ;
; y[2]       ; display[6]     ; 8.210  ; 8.210  ; 8.210  ; 8.210  ;
; y[2]       ; display[7]     ; 8.256  ; 8.256  ; 8.256  ; 8.256  ;
; y[2]       ; neg_display[1] ; 8.692  ;        ;        ; 8.692  ;
; y[2]       ; neg_display[2] ; 8.692  ;        ;        ; 8.692  ;
; y[2]       ; neg_display[3] ; 8.547  ;        ;        ; 8.547  ;
; y[2]       ; neg_display[4] ; 8.547  ;        ;        ; 8.547  ;
; y[2]       ; neg_display[5] ; 8.567  ;        ;        ; 8.567  ;
; y[2]       ; neg_display[6] ; 8.049  ;        ;        ; 8.049  ;
; y[3]       ; Cout           ; 7.970  ;        ;        ; 7.970  ;
; y[3]       ; display[1]     ; 8.068  ; 8.068  ; 8.068  ; 8.068  ;
; y[3]       ; display[2]     ; 8.102  ; 8.102  ; 8.102  ; 8.102  ;
; y[3]       ; display[3]     ; 8.090  ; 8.090  ; 8.090  ; 8.090  ;
; y[3]       ; display[4]     ; 7.881  ; 7.881  ; 7.881  ; 7.881  ;
; y[3]       ; display[5]     ; 7.822  ; 7.822  ; 7.822  ; 7.822  ;
; y[3]       ; display[6]     ; 7.791  ; 7.791  ; 7.791  ; 7.791  ;
; y[3]       ; display[7]     ; 7.837  ; 7.837  ; 7.837  ; 7.837  ;
; y[3]       ; neg_display[1] ; 7.682  ;        ;        ; 7.682  ;
; y[3]       ; neg_display[2] ; 7.682  ;        ;        ; 7.682  ;
; y[3]       ; neg_display[3] ; 7.537  ;        ;        ; 7.537  ;
; y[3]       ; neg_display[4] ; 7.537  ;        ;        ; 7.537  ;
; y[3]       ; neg_display[5] ; 7.557  ;        ;        ; 7.557  ;
; y[3]       ; neg_display[6] ; 7.039  ;        ;        ; 7.039  ;
+------------+----------------+--------+--------+--------+--------+


+-------------------------------------------------------------+
; Minimum Progagation Delay                                   ;
+------------+----------------+-------+-------+-------+-------+
; Input Port ; Output Port    ; RR    ; RF    ; FR    ; FF    ;
+------------+----------------+-------+-------+-------+-------+
; Cin        ; Cout           ; 4.207 ; 4.207 ; 4.207 ; 4.207 ;
; Cin        ; display[1]     ; 4.036 ; 4.036 ; 4.036 ; 4.036 ;
; Cin        ; display[2]     ; 4.032 ; 4.032 ; 4.032 ; 4.032 ;
; Cin        ; display[3]     ; 4.031 ; 4.031 ; 4.031 ; 4.031 ;
; Cin        ; display[4]     ; 3.946 ; 3.946 ; 3.946 ; 3.946 ;
; Cin        ; display[5]     ; 3.932 ; 3.932 ; 3.932 ; 3.932 ;
; Cin        ; display[6]     ; 3.902 ; 3.902 ; 3.902 ; 3.902 ;
; Cin        ; display[7]     ; 3.917 ; 3.917 ; 3.917 ; 3.917 ;
; Cin        ; neg_display[1] ; 4.804 ;       ;       ; 4.804 ;
; Cin        ; neg_display[2] ; 4.804 ;       ;       ; 4.804 ;
; Cin        ; neg_display[3] ; 4.687 ;       ;       ; 4.687 ;
; Cin        ; neg_display[4] ; 4.687 ;       ;       ; 4.687 ;
; Cin        ; neg_display[5] ; 4.707 ;       ;       ; 4.707 ;
; Cin        ; neg_display[6] ; 4.467 ;       ;       ; 4.467 ;
; X[0]       ; Cout           ; 4.029 ; 3.956 ; 3.956 ; 4.029 ;
; X[0]       ; display[1]     ; 3.633 ; 3.633 ; 3.633 ; 3.633 ;
; X[0]       ; display[2]     ; 3.629 ; 3.629 ; 3.629 ; 3.629 ;
; X[0]       ; display[3]     ; 3.628 ; 3.628 ; 3.628 ; 3.628 ;
; X[0]       ; display[4]     ; 3.543 ; 3.543 ; 3.543 ; 3.543 ;
; X[0]       ; display[5]     ; 3.529 ; 3.529 ; 3.529 ; 3.529 ;
; X[0]       ; display[6]     ; 3.499 ; 3.499 ; 3.499 ; 3.499 ;
; X[0]       ; display[7]     ; 3.514 ; 3.514 ; 3.514 ; 3.514 ;
; X[0]       ; neg_display[1] ;       ; 4.316 ; 4.316 ;       ;
; X[0]       ; neg_display[2] ;       ; 4.316 ; 4.316 ;       ;
; X[0]       ; neg_display[3] ;       ; 4.199 ; 4.199 ;       ;
; X[0]       ; neg_display[4] ;       ; 4.199 ; 4.199 ;       ;
; X[0]       ; neg_display[5] ;       ; 4.219 ; 4.219 ;       ;
; X[0]       ; neg_display[6] ;       ; 3.979 ; 3.979 ;       ;
; X[1]       ; Cout           ; 4.033 ; 3.949 ; 3.949 ; 4.033 ;
; X[1]       ; display[1]     ; 4.107 ; 4.107 ; 4.107 ; 4.107 ;
; X[1]       ; display[2]     ; 4.100 ; 4.100 ; 4.100 ; 4.100 ;
; X[1]       ; display[3]     ; 4.091 ; 4.091 ; 4.091 ; 4.091 ;
; X[1]       ; display[4]     ; 4.001 ; 4.001 ; 4.001 ; 4.001 ;
; X[1]       ; display[5]     ; 3.987 ; 3.987 ; 3.987 ; 3.987 ;
; X[1]       ; display[6]     ; 3.956 ; 3.956 ; 3.956 ; 3.956 ;
; X[1]       ; display[7]     ; 3.972 ; 3.972 ; 3.972 ; 3.972 ;
; X[1]       ; neg_display[1] ;       ; 4.464 ; 4.464 ;       ;
; X[1]       ; neg_display[2] ;       ; 4.464 ; 4.464 ;       ;
; X[1]       ; neg_display[3] ;       ; 4.347 ; 4.347 ;       ;
; X[1]       ; neg_display[4] ;       ; 4.347 ; 4.347 ;       ;
; X[1]       ; neg_display[5] ;       ; 4.367 ; 4.367 ;       ;
; X[1]       ; neg_display[6] ;       ; 4.127 ; 4.127 ;       ;
; X[2]       ; Cout           ; 4.676 ; 4.603 ; 4.603 ; 4.676 ;
; X[2]       ; display[1]     ; 4.765 ; 4.765 ; 4.765 ; 4.765 ;
; X[2]       ; display[2]     ; 4.758 ; 4.758 ; 4.758 ; 4.758 ;
; X[2]       ; display[3]     ; 4.749 ; 4.749 ; 4.749 ; 4.749 ;
; X[2]       ; display[4]     ; 4.659 ; 4.659 ; 4.659 ; 4.659 ;
; X[2]       ; display[5]     ; 4.645 ; 4.645 ; 4.645 ; 4.645 ;
; X[2]       ; display[6]     ; 4.614 ; 4.614 ; 4.614 ; 4.614 ;
; X[2]       ; display[7]     ; 4.630 ; 4.630 ; 4.630 ; 4.630 ;
; X[2]       ; neg_display[1] ;       ; 4.985 ; 4.985 ;       ;
; X[2]       ; neg_display[2] ;       ; 4.985 ; 4.985 ;       ;
; X[2]       ; neg_display[3] ;       ; 4.868 ; 4.868 ;       ;
; X[2]       ; neg_display[4] ;       ; 4.868 ; 4.868 ;       ;
; X[2]       ; neg_display[5] ;       ; 4.888 ; 4.888 ;       ;
; X[2]       ; neg_display[6] ;       ; 4.648 ; 4.648 ;       ;
; X[3]       ; Cout           ; 4.599 ; 4.520 ; 4.520 ; 4.599 ;
; X[3]       ; display[1]     ; 4.406 ; 4.406 ; 4.406 ; 4.406 ;
; X[3]       ; display[2]     ; 4.399 ; 4.399 ; 4.399 ; 4.399 ;
; X[3]       ; display[3]     ; 4.390 ; 4.390 ; 4.390 ; 4.390 ;
; X[3]       ; display[4]     ; 4.300 ; 4.300 ; 4.300 ; 4.300 ;
; X[3]       ; display[5]     ; 4.286 ; 4.286 ; 4.286 ; 4.286 ;
; X[3]       ; display[6]     ; 4.255 ; 4.255 ; 4.255 ; 4.255 ;
; X[3]       ; display[7]     ; 4.271 ; 4.271 ; 4.271 ; 4.271 ;
; X[3]       ; neg_display[1] ;       ; 4.577 ; 4.577 ;       ;
; X[3]       ; neg_display[2] ;       ; 4.577 ; 4.577 ;       ;
; X[3]       ; neg_display[3] ;       ; 4.460 ; 4.460 ;       ;
; X[3]       ; neg_display[4] ;       ; 4.460 ; 4.460 ;       ;
; X[3]       ; neg_display[5] ;       ; 4.480 ; 4.480 ;       ;
; X[3]       ; neg_display[6] ;       ; 4.240 ; 4.240 ;       ;
; y[0]       ; Cout           ; 5.004 ;       ;       ; 5.004 ;
; y[0]       ; display[1]     ; 4.676 ; 4.676 ; 4.676 ; 4.676 ;
; y[0]       ; display[2]     ; 4.672 ; 4.672 ; 4.672 ; 4.672 ;
; y[0]       ; display[3]     ; 4.671 ; 4.671 ; 4.671 ; 4.671 ;
; y[0]       ; display[4]     ; 4.586 ; 4.586 ; 4.586 ; 4.586 ;
; y[0]       ; display[5]     ; 4.572 ; 4.572 ; 4.572 ; 4.572 ;
; y[0]       ; display[6]     ; 4.542 ; 4.542 ; 4.542 ; 4.542 ;
; y[0]       ; display[7]     ; 4.557 ; 4.557 ; 4.557 ; 4.557 ;
; y[0]       ; neg_display[1] ; 5.290 ;       ;       ; 5.290 ;
; y[0]       ; neg_display[2] ; 5.290 ;       ;       ; 5.290 ;
; y[0]       ; neg_display[3] ; 5.173 ;       ;       ; 5.173 ;
; y[0]       ; neg_display[4] ; 5.173 ;       ;       ; 5.173 ;
; y[0]       ; neg_display[5] ; 5.193 ;       ;       ; 5.193 ;
; y[0]       ; neg_display[6] ; 4.953 ;       ;       ; 4.953 ;
; y[1]       ; Cout           ; 4.762 ;       ;       ; 4.762 ;
; y[1]       ; display[1]     ; 4.912 ; 4.912 ; 4.912 ; 4.912 ;
; y[1]       ; display[2]     ; 4.905 ; 4.905 ; 4.905 ; 4.905 ;
; y[1]       ; display[3]     ; 4.896 ; 4.896 ; 4.896 ; 4.896 ;
; y[1]       ; display[4]     ; 4.806 ; 4.806 ; 4.806 ; 4.806 ;
; y[1]       ; display[5]     ; 4.792 ; 4.792 ; 4.792 ; 4.792 ;
; y[1]       ; display[6]     ; 4.761 ; 4.761 ; 4.761 ; 4.761 ;
; y[1]       ; display[7]     ; 4.777 ; 4.777 ; 4.777 ; 4.777 ;
; y[1]       ; neg_display[1] ; 5.279 ;       ;       ; 5.279 ;
; y[1]       ; neg_display[2] ; 5.279 ;       ;       ; 5.279 ;
; y[1]       ; neg_display[3] ; 5.162 ;       ;       ; 5.162 ;
; y[1]       ; neg_display[4] ; 5.162 ;       ;       ; 5.162 ;
; y[1]       ; neg_display[5] ; 5.182 ;       ;       ; 5.182 ;
; y[1]       ; neg_display[6] ; 4.942 ;       ;       ; 4.942 ;
; y[2]       ; Cout           ; 3.904 ;       ;       ; 3.904 ;
; y[2]       ; display[1]     ; 4.074 ; 4.074 ; 4.074 ; 4.074 ;
; y[2]       ; display[2]     ; 4.067 ; 4.067 ; 4.067 ; 4.067 ;
; y[2]       ; display[3]     ; 4.058 ; 4.058 ; 4.058 ; 4.058 ;
; y[2]       ; display[4]     ; 3.968 ; 3.968 ; 3.968 ; 3.968 ;
; y[2]       ; display[5]     ; 3.954 ; 3.954 ; 3.954 ; 3.954 ;
; y[2]       ; display[6]     ; 3.923 ; 3.923 ; 3.923 ; 3.923 ;
; y[2]       ; display[7]     ; 3.939 ; 3.939 ; 3.939 ; 3.939 ;
; y[2]       ; neg_display[1] ; 4.288 ;       ;       ; 4.288 ;
; y[2]       ; neg_display[2] ; 4.288 ;       ;       ; 4.288 ;
; y[2]       ; neg_display[3] ; 4.171 ;       ;       ; 4.171 ;
; y[2]       ; neg_display[4] ; 4.171 ;       ;       ; 4.171 ;
; y[2]       ; neg_display[5] ; 4.191 ;       ;       ; 4.191 ;
; y[2]       ; neg_display[6] ; 3.951 ;       ;       ; 3.951 ;
; y[3]       ; Cout           ; 3.870 ;       ;       ; 3.870 ;
; y[3]       ; display[1]     ; 3.696 ; 3.696 ; 3.696 ; 3.696 ;
; y[3]       ; display[2]     ; 3.689 ; 3.689 ; 3.689 ; 3.689 ;
; y[3]       ; display[3]     ; 3.680 ; 3.680 ; 3.680 ; 3.680 ;
; y[3]       ; display[4]     ; 3.590 ; 3.590 ; 3.590 ; 3.590 ;
; y[3]       ; display[5]     ; 3.576 ; 3.576 ; 3.576 ; 3.576 ;
; y[3]       ; display[6]     ; 3.545 ; 3.545 ; 3.545 ; 3.545 ;
; y[3]       ; display[7]     ; 3.561 ; 3.561 ; 3.561 ; 3.561 ;
; y[3]       ; neg_display[1] ; 3.867 ;       ;       ; 3.867 ;
; y[3]       ; neg_display[2] ; 3.867 ;       ;       ; 3.867 ;
; y[3]       ; neg_display[3] ; 3.750 ;       ;       ; 3.750 ;
; y[3]       ; neg_display[4] ; 3.750 ;       ;       ; 3.750 ;
; y[3]       ; neg_display[5] ; 3.770 ;       ;       ; 3.770 ;
; y[3]       ; neg_display[6] ; 3.530 ;       ;       ; 3.530 ;
+------------+----------------+-------+-------+-------+-------+


-------------------
; Clock Transfers ;
-------------------
Nothing to report.


---------------
; Report TCCS ;
---------------
No dedicated SERDES Transmitter circuitry present in device or used in design


---------------
; Report RSKM ;
---------------
No dedicated SERDES Receiver circuitry present in device or used in design


+------------------------------------------------+
; Unconstrained Paths                            ;
+---------------------------------+-------+------+
; Property                        ; Setup ; Hold ;
+---------------------------------+-------+------+
; Illegal Clocks                  ; 0     ; 0    ;
; Unconstrained Clocks            ; 0     ; 0    ;
; Unconstrained Input Ports       ; 9     ; 9    ;
; Unconstrained Input Port Paths  ; 126   ; 126  ;
; Unconstrained Output Ports      ; 14    ; 14   ;
; Unconstrained Output Port Paths ; 126   ; 126  ;
+---------------------------------+-------+------+


+------------------------------------+
; TimeQuest Timing Analyzer Messages ;
+------------------------------------+
Info: *******************************************************************
Info: Running Quartus II 32-bit TimeQuest Timing Analyzer
    Info: Version 13.0.1 Build 232 06/12/2013 Service Pack 1 SJ Full Version
    Info: Processing started: Mon Jun  4 15:07:55 2018
Info: Command: quartus_sta CombinedASU1 -c CombinedASU1
Info: qsta_default_script.tcl version: #1
Info (11104): Parallel Compilation has detected 8 hyper-threaded processors. However, the extra hyper-threaded processors will not be used by default. Parallel Compilation will use 4 of the 4 physical processors detected instead.
Info (21077): Low junction temperature is 0 degrees C
Info (21077): High junction temperature is 85 degrees C
Critical Warning (332012): Synopsys Design Constraints File file not found: 'CombinedASU1.sdc'. A Synopsys Design Constraints File is required by the TimeQuest Timing Analyzer to get proper timing constraints. Without it, the Compiler will not properly optimize the design.
Info (332142): No user constrained base clocks found in the design. Calling "derive_clocks -period 1.0"
Info (332096): The command derive_clocks did not find any clocks to derive.  No clocks were created or changed.
Warning (332068): No clocks defined in design.
Info: Found TIMEQUEST_REPORT_SCRIPT_INCLUDE_DEFAULT_ANALYSIS = ON
Info (332159): No clocks to report
Info: Analyzing Slow Model
Info (332140): No fmax paths to report
Info (332140): No Setup paths to report
Info (332140): No Hold paths to report
Info (332140): No Recovery paths to report
Info (332140): No Removal paths to report
Info (332140): No Minimum Pulse Width paths to report
Info (332001): The selected device family is not supported by the report_metastability command.
Info: Analyzing Fast Model
Info (332142): No user constrained base clocks found in the design. Calling "derive_clocks -period 1.0"
Info (332096): The command derive_clocks did not find any clocks to derive.  No clocks were created or changed.
Warning (332068): No clocks defined in design.
Info (332140): No Setup paths to report
Info (332140): No Hold paths to report
Info (332140): No Recovery paths to report
Info (332140): No Removal paths to report
Info (332140): No Minimum Pulse Width paths to report
Info (332001): The selected device family is not supported by the report_metastability command.
Info (332102): Design is not fully constrained for setup requirements
Info (332102): Design is not fully constrained for hold requirements
Info: Quartus II 32-bit TimeQuest Timing Analyzer was successful. 0 errors, 3 warnings
    Info: Peak virtual memory: 324 megabytes
    Info: Processing ended: Mon Jun  4 15:07:56 2018
    Info: Elapsed time: 00:00:01
    Info: Total CPU time (on all processors): 00:00:01


