Flow report for lab4a
Wed Mar  6 14:55:05 2019
Quartus II 64-Bit Version 14.0.2 Build 209 09/17/2014 SJ Full Version


---------------------
; Table of Contents ;
---------------------
  1. Legal Notice
  2. Flow Summary
  3. Flow Settings
  4. Flow Non-Default Global Settings
  5. Flow Elapsed Time
  6. Flow OS Summary
  7. Flow Log
  8. Flow Messages
  9. Flow Suppressed Messages



----------------
; Legal Notice ;
----------------
Copyright (C) 1991-2014 Altera Corporation. All rights reserved.
Your use of Altera Corporation's design tools, logic functions 
and other software and tools, and its AMPP partner logic 
functions, and any output files from any of the foregoing 
(including device programming or simulation files), and any 
associated documentation or information are expressly subject 
to the terms and conditions of the Altera Program License 
Subscription Agreement, the Altera Quartus II License Agreement,
the Altera MegaCore Function License Agreement, or other 
applicable license agreement, including, without limitation, 
that your use is for the sole purpose of programming logic 
devices manufactured by Altera and sold by Altera or its 
authorized distributors.  Please refer to the applicable 
agreement for further details.



+----------------------------------------------------------------------------------+
; Flow Summary                                                                     ;
+------------------------------------+---------------------------------------------+
; Flow Status                        ; Successful - Wed Mar  6 14:55:05 2019       ;
; Quartus II 64-Bit Version          ; 14.0.2 Build 209 09/17/2014 SJ Full Version ;
; Revision Name                      ; lab4a                                       ;
; Top-level Entity Name              ; data_mem                                    ;
; Family                             ; Cyclone IV E                                ;
; Total logic elements               ; 9,877 / 10,320 ( 96 % )                     ;
;     Total combinational functions  ; 5,766 / 10,320 ( 56 % )                     ;
;     Dedicated logic registers      ; 8,224 / 10,320 ( 80 % )                     ;
; Total registers                    ; 8224                                        ;
; Total pins                         ; 75 / 180 ( 42 % )                           ;
; Total virtual pins                 ; 0                                           ;
; Total memory bits                  ; 0 / 423,936 ( 0 % )                         ;
; Embedded Multiplier 9-bit elements ; 0 / 46 ( 0 % )                              ;
; Total PLLs                         ; 0 / 2 ( 0 % )                               ;
; Device                             ; EP4CE10F17C6                                ;
; Timing Models                      ; Final                                       ;
+------------------------------------+---------------------------------------------+


+-----------------------------------------+
; Flow Settings                           ;
+-------------------+---------------------+
; Option            ; Setting             ;
+-------------------+---------------------+
; Start date & time ; 03/06/2019 14:46:36 ;
; Main task         ; Compilation         ;
; Revision Name     ; lab4a               ;
+-------------------+---------------------+


+--------------------------------------------------------------------------------------------------------------------------------------------+
; Flow Non-Default Global Settings                                                                                                           ;
+-------------------------------------+-------------------------------------------------------+---------------+-------------+----------------+
; Assignment Name                     ; Value                                                 ; Default Value ; Entity Name ; Section Id     ;
+-------------------------------------+-------------------------------------------------------+---------------+-------------+----------------+
; COMPILER_SIGNATURE_ID               ; 145751493194730.155190159607559                       ; --            ; --          ; --             ;
; EDA_GENERATE_FUNCTIONAL_NETLIST     ; Off                                                   ; --            ; --          ; eda_simulation ;
; EDA_NETLIST_WRITER_OUTPUT_DIR       ; /home/student1/r9dhillo/coe608/lab4a/simulation/qsim/ ; --            ; --          ; eda_simulation ;
; EDA_OUTPUT_DATA_FORMAT              ; Verilog Hdl                                           ; --            ; --          ; eda_simulation ;
; EDA_SIMULATION_TOOL                 ; ModelSim-Altera (Verilog)                             ; <None>        ; --          ; --             ;
; EDA_TIME_SCALE                      ; 1 ps                                                  ; --            ; --          ; eda_simulation ;
; PARTITION_COLOR                     ; 16764057                                              ; --            ; data_mem    ; Top            ;
; PARTITION_FITTER_PRESERVATION_LEVEL ; PLACEMENT_AND_ROUTING                                 ; --            ; data_mem    ; Top            ;
; PARTITION_NETLIST_TYPE              ; SOURCE                                                ; --            ; data_mem    ; Top            ;
; PROJECT_OUTPUT_DIRECTORY            ; output_files                                          ; --            ; --          ; --             ;
; TOP_LEVEL_ENTITY                    ; data_mem                                              ; lab4a         ; --          ; --             ;
+-------------------------------------+-------------------------------------------------------+---------------+-------------+----------------+


+-------------------------------------------------------------------------------------------------------------------------------+
; Flow Elapsed Time                                                                                                             ;
+---------------------------+--------------+-------------------------+---------------------+------------------------------------+
; Module Name               ; Elapsed Time ; Average Processors Used ; Peak Virtual Memory ; Total CPU Time (on all processors) ;
+---------------------------+--------------+-------------------------+---------------------+------------------------------------+
; Analysis & Synthesis      ; 00:00:22     ; 1.0                     ; 919 MB              ; 00:00:21                           ;
; Fitter                    ; 00:01:35     ; 2.6                     ; 1417 MB             ; 00:02:10                           ;
; Assembler                 ; 00:00:03     ; 1.0                     ; 792 MB              ; 00:00:02                           ;
; TimeQuest Timing Analyzer ; 00:00:09     ; 1.0                     ; 989 MB              ; 00:00:09                           ;
; EDA Netlist Writer        ; 00:00:12     ; 1.0                     ; 957 MB              ; 00:00:11                           ;
; EDA Netlist Writer        ; 00:00:01     ; 1.0                     ; 1043 MB             ; 00:00:01                           ;
; EDA Netlist Writer        ; 00:00:03     ; 1.0                     ; 1046 MB             ; 00:00:03                           ;
; Total                     ; 00:02:25     ; --                      ; --                  ; 00:02:57                           ;
+---------------------------+--------------+-------------------------+---------------------+------------------------------------+


+----------------------------------------------------------------------------------------------------+
; Flow OS Summary                                                                                    ;
+---------------------------+-----------------------+------------------+------------+----------------+
; Module Name               ; Machine Hostname      ; OS Name          ; OS Version ; Processor type ;
+---------------------------+-----------------------+------------------+------------+----------------+
; Analysis & Synthesis      ; baroque.ee.ryerson.ca ; Scientific Linux ; 6          ; x86_64         ;
; Fitter                    ; baroque.ee.ryerson.ca ; Scientific Linux ; 6          ; x86_64         ;
; Assembler                 ; baroque.ee.ryerson.ca ; Scientific Linux ; 6          ; x86_64         ;
; TimeQuest Timing Analyzer ; baroque.ee.ryerson.ca ; Scientific Linux ; 6          ; x86_64         ;
; EDA Netlist Writer        ; baroque.ee.ryerson.ca ; Scientific Linux ; 6          ; x86_64         ;
; EDA Netlist Writer        ; baroque.ee.ryerson.ca ; Scientific Linux ; 6          ; x86_64         ;
; EDA Netlist Writer        ; baroque.ee.ryerson.ca ; Scientific Linux ; 6          ; x86_64         ;
+---------------------------+-----------------------+------------------+------------+----------------+


------------
; Flow Log ;
------------
quartus_map --read_settings_files=on --write_settings_files=off lab4a -c lab4a
quartus_fit --read_settings_files=off --write_settings_files=off lab4a -c lab4a
quartus_asm --read_settings_files=off --write_settings_files=off lab4a -c lab4a
quartus_sta lab4a -c lab4a
quartus_eda --read_settings_files=off --write_settings_files=off lab4a -c lab4a
quartus_eda --gen_testbench --check_outputs=on --tool=modelsim_oem --format=verilog lab4a -c lab4a --vector_source=/home/student1/r9dhillo/coe608/lab4a/lab4aWF.vwf --testbench_file=/home/student1/r9dhillo/coe608/lab4a/simulation/qsim/lab4aWF.vwf.vt
quartus_eda --functional=on --flatten_buses=off --simulation=on --tool=modelsim_oem --format=verilog --output_directory=/home/student1/r9dhillo/coe608/lab4a/simulation/qsim/ lab4a -c lab4a



