Analysis & Synthesis report for control
Wed Mar 27 14:56:15 2019
Quartus II 64-Bit Version 14.0.2 Build 209 09/17/2014 SJ Full Version


---------------------
; Table of Contents ;
---------------------
  1. Legal Notice
  2. Analysis & Synthesis Summary
  3. Analysis & Synthesis Settings
  4. Parallel Compilation
  5. Analysis & Synthesis Source Files Read
  6. Analysis & Synthesis Resource Usage Summary
  7. Analysis & Synthesis Resource Utilization by Entity
  8. State Machine - |control|present_state
  9. User-Specified and Inferred Latches
 10. General Register Statistics
 11. Multiplexer Restructuring Statistics (Restructuring Performed)
 12. Post-Synthesis Netlist Statistics for Top Partition
 13. Elapsed Time Per Partition
 14. Analysis & Synthesis Messages



----------------
; Legal Notice ;
----------------
Copyright (C) 1991-2014 Altera Corporation. All rights reserved.
Your use of Altera Corporation's design tools, logic functions 
and other software and tools, and its AMPP partner logic 
functions, and any output files from any of the foregoing 
(including device programming or simulation files), and any 
associated documentation or information are expressly subject 
to the terms and conditions of the Altera Program License 
Subscription Agreement, the Altera Quartus II License Agreement,
the Altera MegaCore Function License Agreement, or other 
applicable license agreement, including, without limitation, 
that your use is for the sole purpose of programming logic 
devices manufactured by Altera and sold by Altera or its 
authorized distributors.  Please refer to the applicable 
agreement for further details.



+----------------------------------------------------------------------------------+
; Analysis & Synthesis Summary                                                     ;
+------------------------------------+---------------------------------------------+
; Analysis & Synthesis Status        ; Successful - Wed Mar 27 14:56:14 2019       ;
; Quartus II 64-Bit Version          ; 14.0.2 Build 209 09/17/2014 SJ Full Version ;
; Revision Name                      ; control                                     ;
; Top-level Entity Name              ; control                                     ;
; Family                             ; Cyclone IV GX                               ;
; Total logic elements               ; 99                                          ;
;     Total combinational functions  ; 96                                          ;
;     Dedicated logic registers      ; 8                                           ;
; Total registers                    ; 8                                           ;
; Total pins                         ; 64                                          ;
; Total virtual pins                 ; 0                                           ;
; Total memory bits                  ; 0                                           ;
; Embedded Multiplier 9-bit elements ; 0                                           ;
; Total GXB Receiver Channel PCS     ; 0                                           ;
; Total GXB Receiver Channel PMA     ; 0                                           ;
; Total GXB Transmitter Channel PCS  ; 0                                           ;
; Total GXB Transmitter Channel PMA  ; 0                                           ;
; Total PLLs                         ; 0                                           ;
+------------------------------------+---------------------------------------------+


+----------------------------------------------------------------------------------------------------------------------+
; Analysis & Synthesis Settings                                                                                        ;
+----------------------------------------------------------------------------+--------------------+--------------------+
; Option                                                                     ; Setting            ; Default Value      ;
+----------------------------------------------------------------------------+--------------------+--------------------+
; Top-level entity name                                                      ; control            ; control            ;
; Family name                                                                ; Cyclone IV GX      ; Cyclone IV GX      ;
; Use smart compilation                                                      ; Off                ; Off                ;
; Enable parallel Assembler and TimeQuest Timing Analyzer during compilation ; On                 ; On                 ;
; Enable compact report table                                                ; Off                ; Off                ;
; Restructure Multiplexers                                                   ; Auto               ; Auto               ;
; Create Debugging Nodes for IP Cores                                        ; Off                ; Off                ;
; Preserve fewer node names                                                  ; On                 ; On                 ;
; Disable OpenCore Plus hardware evaluation                                  ; Off                ; Off                ;
; Verilog Version                                                            ; Verilog_2001       ; Verilog_2001       ;
; VHDL Version                                                               ; VHDL_1993          ; VHDL_1993          ;
; State Machine Processing                                                   ; Auto               ; Auto               ;
; Safe State Machine                                                         ; Off                ; Off                ;
; Extract Verilog State Machines                                             ; On                 ; On                 ;
; Extract VHDL State Machines                                                ; On                 ; On                 ;
; Ignore Verilog initial constructs                                          ; Off                ; Off                ;
; Iteration limit for constant Verilog loops                                 ; 5000               ; 5000               ;
; Iteration limit for non-constant Verilog loops                             ; 250                ; 250                ;
; Add Pass-Through Logic to Inferred RAMs                                    ; On                 ; On                 ;
; Infer RAMs from Raw Logic                                                  ; On                 ; On                 ;
; Parallel Synthesis                                                         ; On                 ; On                 ;
; DSP Block Balancing                                                        ; Auto               ; Auto               ;
; NOT Gate Push-Back                                                         ; On                 ; On                 ;
; Power-Up Don't Care                                                        ; On                 ; On                 ;
; Remove Redundant Logic Cells                                               ; Off                ; Off                ;
; Remove Duplicate Registers                                                 ; On                 ; On                 ;
; Ignore CARRY Buffers                                                       ; Off                ; Off                ;
; Ignore CASCADE Buffers                                                     ; Off                ; Off                ;
; Ignore GLOBAL Buffers                                                      ; Off                ; Off                ;
; Ignore ROW GLOBAL Buffers                                                  ; Off                ; Off                ;
; Ignore LCELL Buffers                                                       ; Off                ; Off                ;
; Ignore SOFT Buffers                                                        ; On                 ; On                 ;
; Limit AHDL Integers to 32 Bits                                             ; Off                ; Off                ;
; Optimization Technique                                                     ; Balanced           ; Balanced           ;
; Carry Chain Length                                                         ; 70                 ; 70                 ;
; Auto Carry Chains                                                          ; On                 ; On                 ;
; Auto Open-Drain Pins                                                       ; On                 ; On                 ;
; Perform WYSIWYG Primitive Resynthesis                                      ; Off                ; Off                ;
; Auto ROM Replacement                                                       ; On                 ; On                 ;
; Auto RAM Replacement                                                       ; On                 ; On                 ;
; Auto DSP Block Replacement                                                 ; On                 ; On                 ;
; Auto Shift Register Replacement                                            ; Auto               ; Auto               ;
; Allow Shift Register Merging across Hierarchies                            ; Auto               ; Auto               ;
; Auto Clock Enable Replacement                                              ; On                 ; On                 ;
; Strict RAM Replacement                                                     ; Off                ; Off                ;
; Allow Synchronous Control Signals                                          ; On                 ; On                 ;
; Force Use of Synchronous Clear Signals                                     ; Off                ; Off                ;
; Auto RAM Block Balancing                                                   ; On                 ; On                 ;
; Auto RAM to Logic Cell Conversion                                          ; Off                ; Off                ;
; Auto Resource Sharing                                                      ; Off                ; Off                ;
; Allow Any RAM Size For Recognition                                         ; Off                ; Off                ;
; Allow Any ROM Size For Recognition                                         ; Off                ; Off                ;
; Allow Any Shift Register Size For Recognition                              ; Off                ; Off                ;
; Use LogicLock Constraints during Resource Balancing                        ; On                 ; On                 ;
; Ignore translate_off and synthesis_off directives                          ; Off                ; Off                ;
; Timing-Driven Synthesis                                                    ; On                 ; On                 ;
; Report Parameter Settings                                                  ; On                 ; On                 ;
; Report Source Assignments                                                  ; On                 ; On                 ;
; Report Connectivity Checks                                                 ; On                 ; On                 ;
; Ignore Maximum Fan-Out Assignments                                         ; Off                ; Off                ;
; Synchronization Register Chain Length                                      ; 2                  ; 2                  ;
; PowerPlay Power Optimization                                               ; Normal compilation ; Normal compilation ;
; HDL message level                                                          ; Level2             ; Level2             ;
; Suppress Register Optimization Related Messages                            ; Off                ; Off                ;
; Number of Removed Registers Reported in Synthesis Report                   ; 5000               ; 5000               ;
; Number of Swept Nodes Reported in Synthesis Report                         ; 5000               ; 5000               ;
; Number of Inverted Registers Reported in Synthesis Report                  ; 100                ; 100                ;
; Clock MUX Protection                                                       ; On                 ; On                 ;
; Auto Gated Clock Conversion                                                ; Off                ; Off                ;
; Block Design Naming                                                        ; Auto               ; Auto               ;
; SDC constraint protection                                                  ; Off                ; Off                ;
; Synthesis Effort                                                           ; Auto               ; Auto               ;
; Shift Register Replacement - Allow Asynchronous Clear Signal               ; On                 ; On                 ;
; Pre-Mapping Resynthesis Optimization                                       ; Off                ; Off                ;
; Analysis & Synthesis Message Level                                         ; Medium             ; Medium             ;
; Disable Register Merging Across Hierarchies                                ; Auto               ; Auto               ;
; Resource Aware Inference For Block RAM                                     ; On                 ; On                 ;
; Synthesis Seed                                                             ; 1                  ; 1                  ;
+----------------------------------------------------------------------------+--------------------+--------------------+


+------------------------------------------+
; Parallel Compilation                     ;
+----------------------------+-------------+
; Processors                 ; Number      ;
+----------------------------+-------------+
; Number detected on machine ; 8           ;
; Maximum allowed            ; 4           ;
;                            ;             ;
; Average used               ; 1.00        ;
; Maximum used               ; 2           ;
;                            ;             ;
; Usage by Processor         ; % Time Used ;
;     Processor 1            ; 100.0%      ;
;     Processor 2            ; < 0.1%      ;
;     Processors 3-8         ;   0.0%      ;
+----------------------------+-------------+


+----------------------------------------------------------------------------------------------------------------------------------+
; Analysis & Synthesis Source Files Read                                                                                           ;
+----------------------------------+-----------------+-----------------+-------------------------------------------------+---------+
; File Name with User-Entered Path ; Used in Netlist ; File Type       ; File Name with Absolute Path                    ; Library ;
+----------------------------------+-----------------+-----------------+-------------------------------------------------+---------+
; control.vhd                      ; yes             ; User VHDL File  ; /home/student1/r9dhillo/coe608/lab5/control.vhd ;         ;
+----------------------------------+-----------------+-----------------+-------------------------------------------------+---------+


+---------------------------------------------+
; Analysis & Synthesis Resource Usage Summary ;
+--------------------------+------------------+
; Resource                 ; Usage            ;
+--------------------------+------------------+
; I/O pins                 ; 64               ;
; DSP block 9-bit elements ; 0                ;
; Maximum fan-out node     ; enable~input     ;
; Maximum fan-out          ; 18               ;
; Total fan-out            ; 437              ;
; Average fan-out          ; 1.88             ;
+--------------------------+------------------+


+-----------------------------------------------------------------------------------------------------------------------------------------------------------------------------------------+
; Analysis & Synthesis Resource Utilization by Entity                                                                                                                                     ;
+----------------------------+-------------------+--------------+-------------+--------------+---------+-----------+-----------+------+--------------+---------------------+--------------+
; Compilation Hierarchy Node ; LC Combinationals ; LC Registers ; Memory Bits ; DSP Elements ; DSP 9x9 ; DSP 18x18 ; DSP 36x36 ; Pins ; Virtual Pins ; Full Hierarchy Name ; Library Name ;
+----------------------------+-------------------+--------------+-------------+--------------+---------+-----------+-----------+------+--------------+---------------------+--------------+
; |control                   ; 96 (96)           ; 8 (8)        ; 0           ; 0            ; 0       ; 0         ; 0         ; 64   ; 0            ; |control            ; work         ;
+----------------------------+-------------------+--------------+-------------+--------------+---------+-----------+-----------+------+--------------+---------------------+--------------+
Note: For table entries with two numbers listed, the numbers in parentheses indicate the number of resources of the given type used by the specific entity alone. The numbers listed outside of parentheses indicate the total resources of the given type used by the specific entity and all of its sub-entities in the hierarchy.


Encoding Type:  One-Hot
+-----------------------------------------------------------------------------------------------+
; State Machine - |control|present_state                                                        ;
+-----------------------+-----------------------+-----------------------+-----------------------+
; Name                  ; present_state.state_2 ; present_state.state_1 ; present_state.state_0 ;
+-----------------------+-----------------------+-----------------------+-----------------------+
; present_state.state_0 ; 0                     ; 0                     ; 0                     ;
; present_state.state_1 ; 0                     ; 1                     ; 1                     ;
; present_state.state_2 ; 1                     ; 0                     ; 1                     ;
+-----------------------+-----------------------+-----------------------+-----------------------+


+----------------------------------------------------------------------------------------------------+
; User-Specified and Inferred Latches                                                                ;
+-----------------------------------------------------+---------------------+------------------------+
; Latch Name                                          ; Latch Enable Signal ; Free of Timing Hazards ;
+-----------------------------------------------------+---------------------+------------------------+
; PC_Mux$latch                                        ; PC_Mux              ; yes                    ;
; IM_MUX1$latch                                       ; PC_Mux              ; yes                    ;
; REG_Mux$latch                                       ; Selector7           ; yes                    ;
; IM_MUX2[0]$latch                                    ; PC_Mux              ; yes                    ;
; IM_MUX2[1]$latch                                    ; PC_Mux              ; yes                    ;
; DATA_Mux[0]$latch                                   ; Selector7           ; yes                    ;
; DATA_Mux[1]$latch                                   ; PC_Mux              ; no                     ;
; ALU_op[0]$latch                                     ; PC_Mux              ; yes                    ;
; ALU_op[1]$latch                                     ; PC_Mux              ; no                     ;
; ALU_op[2]$latch                                     ; PC_Mux              ; yes                    ;
; ld_IR$latch                                         ; Selector7           ; yes                    ;
; clr_A$latch                                         ; PC_Mux              ; yes                    ;
; clr_B$latch                                         ; PC_Mux              ; no                     ;
; clr_C$latch                                         ; PC_Mux              ; yes                    ;
; clr_Z$latch                                         ; PC_Mux              ; yes                    ;
; ld_A$latch                                          ; Selector7           ; yes                    ;
; ld_B$latch                                          ; Selector7           ; yes                    ;
; ld_C$latch                                          ; ld_C                ; no                     ;
; ld_Z$latch                                          ; ld_C                ; no                     ;
; Number of user-specified and inferred latches = 19  ;                     ;                        ;
+-----------------------------------------------------+---------------------+------------------------+
Note: All latches listed above may not be present at the end of synthesis due to various synthesis optimizations.


+------------------------------------------------------+
; General Register Statistics                          ;
+----------------------------------------------+-------+
; Statistic                                    ; Value ;
+----------------------------------------------+-------+
; Total registers                              ; 8     ;
; Number of registers using Synchronous Clear  ; 0     ;
; Number of registers using Synchronous Load   ; 0     ;
; Number of registers using Asynchronous Clear ; 3     ;
; Number of registers using Asynchronous Load  ; 0     ;
; Number of registers using Clock Enable       ; 3     ;
; Number of registers using Preset             ; 0     ;
+----------------------------------------------+-------+


+------------------------------------------------------------------------------------------------------------------------------------------+
; Multiplexer Restructuring Statistics (Restructuring Performed)                                                                           ;
+--------------------+-----------+---------------+----------------------+------------------------+------------+----------------------------+
; Multiplexer Inputs ; Bus Width ; Baseline Area ; Area if Restructured ; Saving if Restructured ; Registered ; Example Multiplexer Output ;
+--------------------+-----------+---------------+----------------------+------------------------+------------+----------------------------+
; 3:1                ; 11 bits   ; 22 LEs        ; 22 LEs               ; 0 LEs                  ; No         ; |control|PC_Mux            ;
; 3:1                ; 2 bits    ; 4 LEs         ; 4 LEs                ; 0 LEs                  ; No         ; |control|PC_Mux            ;
; 5:1                ; 3 bits    ; 9 LEs         ; 9 LEs                ; 0 LEs                  ; No         ; |control|REG_Mux           ;
+--------------------+-----------+---------------+----------------------+------------------------+------------+----------------------------+


+-----------------------------------------------------+
; Post-Synthesis Netlist Statistics for Top Partition ;
+-----------------------+-----------------------------+
; Type                  ; Count                       ;
+-----------------------+-----------------------------+
; boundary_port         ; 64                          ;
; cycloneiii_ff         ; 8                           ;
;     CLR               ; 3                           ;
;     ENA               ; 3                           ;
;     plain             ; 2                           ;
; cycloneiii_lcell_comb ; 97                          ;
;     normal            ; 97                          ;
;         0 data inputs ; 1                           ;
;         1 data inputs ; 3                           ;
;         2 data inputs ; 15                          ;
;         3 data inputs ; 20                          ;
;         4 data inputs ; 58                          ;
;                       ;                             ;
; Max LUT depth         ; 5.00                        ;
; Average LUT depth     ; 3.36                        ;
+-----------------------+-----------------------------+


+-------------------------------+
; Elapsed Time Per Partition    ;
+----------------+--------------+
; Partition Name ; Elapsed Time ;
+----------------+--------------+
; Top            ; 00:00:00     ;
+----------------+--------------+


+-------------------------------+
; Analysis & Synthesis Messages ;
+-------------------------------+
Info: *******************************************************************
Info: Running Quartus II 64-Bit Analysis & Synthesis
    Info: Version 14.0.2 Build 209 09/17/2014 SJ Full Version
    Info: Processing started: Wed Mar 27 14:56:11 2019
Info: Command: quartus_map --read_settings_files=on --write_settings_files=off control -c control
Info (11104): Parallel Compilation has detected 8 hyper-threaded processors. However, the extra hyper-threaded processors will not be used by default. Parallel Compilation will use 4 of the 4 physical processors detected instead.
Info (12021): Found 2 design units, including 1 entities, in source file control.vhd
    Info (12022): Found design unit 1: control-description
    Info (12023): Found entity 1: control
Info (12127): Elaborating entity "control" for the top level hierarchy
Warning (10631): VHDL Process Statement warning at control.vhd(28): inferring latch(es) for signal or variable "PC_Mux", which holds its previous value in one or more paths through the process
Warning (10631): VHDL Process Statement warning at control.vhd(28): inferring latch(es) for signal or variable "IM_MUX1", which holds its previous value in one or more paths through the process
Warning (10631): VHDL Process Statement warning at control.vhd(28): inferring latch(es) for signal or variable "REG_Mux", which holds its previous value in one or more paths through the process
Warning (10631): VHDL Process Statement warning at control.vhd(28): inferring latch(es) for signal or variable "IM_MUX2", which holds its previous value in one or more paths through the process
Warning (10631): VHDL Process Statement warning at control.vhd(28): inferring latch(es) for signal or variable "DATA_Mux", which holds its previous value in one or more paths through the process
Warning (10631): VHDL Process Statement warning at control.vhd(28): inferring latch(es) for signal or variable "ALU_op", which holds its previous value in one or more paths through the process
Warning (10631): VHDL Process Statement warning at control.vhd(28): inferring latch(es) for signal or variable "clr_IR", which holds its previous value in one or more paths through the process
Warning (10631): VHDL Process Statement warning at control.vhd(28): inferring latch(es) for signal or variable "ld_IR", which holds its previous value in one or more paths through the process
Warning (10631): VHDL Process Statement warning at control.vhd(28): inferring latch(es) for signal or variable "clr_A", which holds its previous value in one or more paths through the process
Warning (10631): VHDL Process Statement warning at control.vhd(28): inferring latch(es) for signal or variable "clr_B", which holds its previous value in one or more paths through the process
Warning (10631): VHDL Process Statement warning at control.vhd(28): inferring latch(es) for signal or variable "clr_C", which holds its previous value in one or more paths through the process
Warning (10631): VHDL Process Statement warning at control.vhd(28): inferring latch(es) for signal or variable "clr_Z", which holds its previous value in one or more paths through the process
Warning (10631): VHDL Process Statement warning at control.vhd(28): inferring latch(es) for signal or variable "ld_A", which holds its previous value in one or more paths through the process
Warning (10631): VHDL Process Statement warning at control.vhd(28): inferring latch(es) for signal or variable "ld_B", which holds its previous value in one or more paths through the process
Warning (10631): VHDL Process Statement warning at control.vhd(28): inferring latch(es) for signal or variable "ld_C", which holds its previous value in one or more paths through the process
Warning (10631): VHDL Process Statement warning at control.vhd(28): inferring latch(es) for signal or variable "ld_Z", which holds its previous value in one or more paths through the process
Info (10041): Inferred latch for "ld_Z" at control.vhd(28)
Info (10041): Inferred latch for "ld_C" at control.vhd(28)
Info (10041): Inferred latch for "ld_B" at control.vhd(28)
Info (10041): Inferred latch for "ld_A" at control.vhd(28)
Info (10041): Inferred latch for "clr_Z" at control.vhd(28)
Info (10041): Inferred latch for "clr_C" at control.vhd(28)
Info (10041): Inferred latch for "clr_B" at control.vhd(28)
Info (10041): Inferred latch for "clr_A" at control.vhd(28)
Info (10041): Inferred latch for "ld_IR" at control.vhd(28)
Info (10041): Inferred latch for "clr_IR" at control.vhd(28)
Info (10041): Inferred latch for "ALU_op[0]" at control.vhd(28)
Info (10041): Inferred latch for "ALU_op[1]" at control.vhd(28)
Info (10041): Inferred latch for "ALU_op[2]" at control.vhd(28)
Info (10041): Inferred latch for "DATA_Mux[0]" at control.vhd(28)
Info (10041): Inferred latch for "DATA_Mux[1]" at control.vhd(28)
Info (10041): Inferred latch for "IM_MUX2[0]" at control.vhd(28)
Info (10041): Inferred latch for "IM_MUX2[1]" at control.vhd(28)
Info (10041): Inferred latch for "REG_Mux" at control.vhd(28)
Info (10041): Inferred latch for "IM_MUX1" at control.vhd(28)
Info (10041): Inferred latch for "PC_Mux" at control.vhd(28)
Warning (13012): Latch PC_Mux$latch has unsafe behavior
    Warning (13013): Ports D and ENA on the latch are fed by the same signal INST[24]
    Warning (13013): Ports ENA and CLR on the latch are fed by the same signal INST[31]
Warning (13012): Latch IM_MUX1$latch has unsafe behavior
    Warning (13013): Ports ENA and PRE on the latch are fed by the same signal INST[31]
Warning (13012): Latch REG_Mux$latch has unsafe behavior
    Warning (13013): Ports D and ENA on the latch are fed by the same signal INST[30]
Warning (13012): Latch IM_MUX2[0]$latch has unsafe behavior
    Warning (13013): Ports D and ENA on the latch are fed by the same signal INST[31]
    Warning (13013): Ports ENA and CLR on the latch are fed by the same signal INST[31]
Warning (13012): Latch IM_MUX2[1]$latch has unsafe behavior
    Warning (13013): Ports D and ENA on the latch are fed by the same signal INST[31]
    Warning (13013): Ports ENA and CLR on the latch are fed by the same signal INST[31]
Warning (13012): Latch DATA_Mux[0]$latch has unsafe behavior
    Warning (13013): Ports D and ENA on the latch are fed by the same signal INST[30]
Warning (13012): Latch DATA_Mux[1]$latch has unsafe behavior
    Warning (13013): Ports D and ENA on the latch are fed by the same signal INST[31]
    Warning (13013): Ports ENA and PRE on the latch are fed by the same signal INST[31]
Warning (13012): Latch ALU_op[0]$latch has unsafe behavior
    Warning (13013): Ports D and ENA on the latch are fed by the same signal INST[24]
    Warning (13013): Ports ENA and CLR on the latch are fed by the same signal INST[31]
Warning (13012): Latch ALU_op[1]$latch has unsafe behavior
    Warning (13013): Ports D and ENA on the latch are fed by the same signal INST[24]
    Warning (13013): Ports ENA and PRE on the latch are fed by the same signal INST[31]
Warning (13012): Latch ALU_op[2]$latch has unsafe behavior
    Warning (13013): Ports D and ENA on the latch are fed by the same signal INST[31]
    Warning (13013): Ports ENA and CLR on the latch are fed by the same signal INST[31]
Warning (13012): Latch ld_IR$latch has unsafe behavior
    Warning (13013): Ports D and ENA on the latch are fed by the same signal present_state.state_2
Warning (13012): Latch clr_A$latch has unsafe behavior
    Warning (13013): Ports D and ENA on the latch are fed by the same signal INST[24]
    Warning (13013): Ports ENA and CLR on the latch are fed by the same signal INST[31]
Warning (13012): Latch clr_B$latch has unsafe behavior
    Warning (13013): Ports D and ENA on the latch are fed by the same signal INST[24]
    Warning (13013): Ports ENA and PRE on the latch are fed by the same signal INST[31]
Warning (13012): Latch clr_C$latch has unsafe behavior
    Warning (13013): Ports D and ENA on the latch are fed by the same signal INST[24]
    Warning (13013): Ports ENA and CLR on the latch are fed by the same signal INST[31]
Warning (13012): Latch clr_Z$latch has unsafe behavior
    Warning (13013): Ports D and ENA on the latch are fed by the same signal INST[24]
    Warning (13013): Ports ENA and CLR on the latch are fed by the same signal INST[31]
Warning (13012): Latch ld_A$latch has unsafe behavior
    Warning (13013): Ports D and ENA on the latch are fed by the same signal present_state.state_2
Warning (13012): Latch ld_B$latch has unsafe behavior
    Warning (13013): Ports D and ENA on the latch are fed by the same signal INST[30]
Warning (13012): Latch ld_C$latch has unsafe behavior
    Warning (13013): Ports D and ENA on the latch are fed by the same signal INST[31]
    Warning (13013): Ports ENA and PRE on the latch are fed by the same signal INST[31]
Warning (13012): Latch ld_Z$latch has unsafe behavior
    Warning (13013): Ports D and ENA on the latch are fed by the same signal INST[31]
    Warning (13013): Ports ENA and PRE on the latch are fed by the same signal INST[31]
Warning (13024): Output pins are stuck at VCC or GND
    Warning (13410): Pin "clr_IR" is stuck at GND
Info (286030): Timing-Driven Synthesis is running
Info (16010): Generating hard_block partition "hard_block:auto_generated_inst"
    Info (16011): Adding 0 node(s), including 0 DDIO, 0 PLL, 0 transceiver and 0 LCELL
Warning (21074): Design contains 24 input pin(s) that do not drive logic
    Warning (15610): No output dependent on input pin "INST[0]"
    Warning (15610): No output dependent on input pin "INST[1]"
    Warning (15610): No output dependent on input pin "INST[2]"
    Warning (15610): No output dependent on input pin "INST[3]"
    Warning (15610): No output dependent on input pin "INST[4]"
    Warning (15610): No output dependent on input pin "INST[5]"
    Warning (15610): No output dependent on input pin "INST[6]"
    Warning (15610): No output dependent on input pin "INST[7]"
    Warning (15610): No output dependent on input pin "INST[8]"
    Warning (15610): No output dependent on input pin "INST[9]"
    Warning (15610): No output dependent on input pin "INST[10]"
    Warning (15610): No output dependent on input pin "INST[11]"
    Warning (15610): No output dependent on input pin "INST[12]"
    Warning (15610): No output dependent on input pin "INST[13]"
    Warning (15610): No output dependent on input pin "INST[14]"
    Warning (15610): No output dependent on input pin "INST[15]"
    Warning (15610): No output dependent on input pin "INST[16]"
    Warning (15610): No output dependent on input pin "INST[17]"
    Warning (15610): No output dependent on input pin "INST[18]"
    Warning (15610): No output dependent on input pin "INST[19]"
    Warning (15610): No output dependent on input pin "INST[20]"
    Warning (15610): No output dependent on input pin "INST[21]"
    Warning (15610): No output dependent on input pin "INST[22]"
    Warning (15610): No output dependent on input pin "INST[23]"
Info (21057): Implemented 163 device resources after synthesis - the final resource count might be different
    Info (21058): Implemented 37 input pins
    Info (21059): Implemented 27 output pins
    Info (21061): Implemented 99 logic cells
Info: Quartus II 64-Bit Analysis & Synthesis was successful. 0 errors, 94 warnings
    Info: Peak virtual memory: 1004 megabytes
    Info: Processing ended: Wed Mar 27 14:56:15 2019
    Info: Elapsed time: 00:00:04
    Info: Total CPU time (on all processors): 00:00:02


