Flow report for control
Wed Mar 27 15:02:42 2019
Quartus II 64-Bit Version 14.0.2 Build 209 09/17/2014 SJ Full Version


---------------------
; Table of Contents ;
---------------------
  1. Legal Notice
  2. Flow Summary
  3. Flow Settings
  4. Flow Non-Default Global Settings
  5. Flow Elapsed Time
  6. Flow OS Summary
  7. Flow Log
  8. Flow Messages
  9. Flow Suppressed Messages



----------------
; Legal Notice ;
----------------
Copyright (C) 1991-2014 Altera Corporation. All rights reserved.
Your use of Altera Corporation's design tools, logic functions 
and other software and tools, and its AMPP partner logic 
functions, and any output files from any of the foregoing 
(including device programming or simulation files), and any 
associated documentation or information are expressly subject 
to the terms and conditions of the Altera Program License 
Subscription Agreement, the Altera Quartus II License Agreement,
the Altera MegaCore Function License Agreement, or other 
applicable license agreement, including, without limitation, 
that your use is for the sole purpose of programming logic 
devices manufactured by Altera and sold by Altera or its 
authorized distributors.  Please refer to the applicable 
agreement for further details.



+----------------------------------------------------------------------------------+
; Flow Summary                                                                     ;
+------------------------------------+---------------------------------------------+
; Flow Status                        ; Successful - Wed Mar 27 15:02:42 2019       ;
; Quartus II 64-Bit Version          ; 14.0.2 Build 209 09/17/2014 SJ Full Version ;
; Revision Name                      ; control                                     ;
; Top-level Entity Name              ; control                                     ;
; Family                             ; Cyclone IV GX                               ;
; Total logic elements               ; 97 / 21,280 ( < 1 % )                       ;
;     Total combinational functions  ; 96 / 21,280 ( < 1 % )                       ;
;     Dedicated logic registers      ; 8 / 21,280 ( < 1 % )                        ;
; Total registers                    ; 8                                           ;
; Total pins                         ; 64 / 167 ( 38 % )                           ;
; Total virtual pins                 ; 0                                           ;
; Total memory bits                  ; 0 / 774,144 ( 0 % )                         ;
; Embedded Multiplier 9-bit elements ; 0 / 80 ( 0 % )                              ;
; Total GXB Receiver Channel PCS     ; 0 / 4 ( 0 % )                               ;
; Total GXB Receiver Channel PMA     ; 0 / 4 ( 0 % )                               ;
; Total GXB Transmitter Channel PCS  ; 0 / 4 ( 0 % )                               ;
; Total GXB Transmitter Channel PMA  ; 0 / 4 ( 0 % )                               ;
; Total PLLs                         ; 0 / 4 ( 0 % )                               ;
; Device                             ; EP4CGX22CF19C6                              ;
; Timing Models                      ; Final                                       ;
+------------------------------------+---------------------------------------------+


+-----------------------------------------+
; Flow Settings                           ;
+-------------------+---------------------+
; Option            ; Setting             ;
+-------------------+---------------------+
; Start date & time ; 03/27/2019 14:56:11 ;
; Main task         ; Compilation         ;
; Revision Name     ; control             ;
+-------------------+---------------------+


+-------------------------------------------------------------------------------------------------------------------------------------------+
; Flow Non-Default Global Settings                                                                                                          ;
+-------------------------------------+------------------------------------------------------+---------------+-------------+----------------+
; Assignment Name                     ; Value                                                ; Default Value ; Entity Name ; Section Id     ;
+-------------------------------------+------------------------------------------------------+---------------+-------------+----------------+
; COMPILER_SIGNATURE_ID               ; 203178703721264.155371297117644                      ; --            ; --          ; --             ;
; EDA_NETLIST_WRITER_OUTPUT_DIR       ; /home/student1/r9dhillo/coe608/lab5/simulation/qsim/ ; --            ; --          ; eda_simulation ;
; EDA_OUTPUT_DATA_FORMAT              ; Verilog Hdl                                          ; --            ; --          ; eda_simulation ;
; EDA_SIMULATION_TOOL                 ; ModelSim-Altera (Verilog)                            ; <None>        ; --          ; --             ;
; EDA_TIME_SCALE                      ; 1 ps                                                 ; --            ; --          ; eda_simulation ;
; PARTITION_COLOR                     ; 16764057                                             ; --            ; --          ; Top            ;
; PARTITION_FITTER_PRESERVATION_LEVEL ; PLACEMENT_AND_ROUTING                                ; --            ; --          ; Top            ;
; PARTITION_NETLIST_TYPE              ; SOURCE                                               ; --            ; --          ; Top            ;
; PROJECT_OUTPUT_DIRECTORY            ; output_files                                         ; --            ; --          ; --             ;
+-------------------------------------+------------------------------------------------------+---------------+-------------+----------------+


+-------------------------------------------------------------------------------------------------------------------------------+
; Flow Elapsed Time                                                                                                             ;
+---------------------------+--------------+-------------------------+---------------------+------------------------------------+
; Module Name               ; Elapsed Time ; Average Processors Used ; Peak Virtual Memory ; Total CPU Time (on all processors) ;
+---------------------------+--------------+-------------------------+---------------------+------------------------------------+
; Analysis & Synthesis      ; 00:00:02     ; 1.0                     ; 956 MB              ; 00:00:02                           ;
; Fitter                    ; 00:00:10     ; 1.0                     ; 1276 MB             ; 00:00:10                           ;
; Assembler                 ; 00:00:02     ; 1.0                     ; 815 MB              ; 00:00:02                           ;
; TimeQuest Timing Analyzer ; 00:00:04     ; 1.0                     ; 825 MB              ; 00:00:02                           ;
; EDA Netlist Writer        ; 00:00:01     ; 1.0                     ; 940 MB              ; 00:00:01                           ;
; EDA Netlist Writer        ; 00:00:01     ; 1.0                     ; 1042 MB             ; 00:00:01                           ;
; EDA Netlist Writer        ; 00:00:01     ; 1.0                     ; 1042 MB             ; 00:00:01                           ;
; EDA Netlist Writer        ; 00:00:01     ; 1.0                     ; 1042 MB             ; 00:00:01                           ;
; EDA Netlist Writer        ; 00:00:02     ; 1.0                     ; 1047 MB             ; 00:00:01                           ;
; EDA Netlist Writer        ; 00:00:01     ; 1.0                     ; 1042 MB             ; 00:00:01                           ;
; EDA Netlist Writer        ; 00:00:02     ; 1.0                     ; 1047 MB             ; 00:00:01                           ;
; Total                     ; 00:00:27     ; --                      ; --                  ; 00:00:23                           ;
+---------------------------+--------------+-------------------------+---------------------+------------------------------------+


+---------------------------------------------------------------------------------------------------+
; Flow OS Summary                                                                                   ;
+---------------------------+----------------------+------------------+------------+----------------+
; Module Name               ; Machine Hostname     ; OS Name          ; OS Version ; Processor type ;
+---------------------------+----------------------+------------------+------------+----------------+
; Analysis & Synthesis      ; adagio.ee.ryerson.ca ; Scientific Linux ; 6          ; x86_64         ;
; Fitter                    ; adagio.ee.ryerson.ca ; Scientific Linux ; 6          ; x86_64         ;
; Assembler                 ; adagio.ee.ryerson.ca ; Scientific Linux ; 6          ; x86_64         ;
; TimeQuest Timing Analyzer ; adagio.ee.ryerson.ca ; Scientific Linux ; 6          ; x86_64         ;
; EDA Netlist Writer        ; adagio.ee.ryerson.ca ; Scientific Linux ; 6          ; x86_64         ;
; EDA Netlist Writer        ; adagio.ee.ryerson.ca ; Scientific Linux ; 6          ; x86_64         ;
; EDA Netlist Writer        ; adagio.ee.ryerson.ca ; Scientific Linux ; 6          ; x86_64         ;
; EDA Netlist Writer        ; adagio.ee.ryerson.ca ; Scientific Linux ; 6          ; x86_64         ;
; EDA Netlist Writer        ; adagio.ee.ryerson.ca ; Scientific Linux ; 6          ; x86_64         ;
; EDA Netlist Writer        ; adagio.ee.ryerson.ca ; Scientific Linux ; 6          ; x86_64         ;
; EDA Netlist Writer        ; adagio.ee.ryerson.ca ; Scientific Linux ; 6          ; x86_64         ;
+---------------------------+----------------------+------------------+------------+----------------+


------------
; Flow Log ;
------------
quartus_map --read_settings_files=on --write_settings_files=off control -c control
quartus_fit --read_settings_files=off --write_settings_files=off control -c control
quartus_asm --read_settings_files=off --write_settings_files=off control -c control
quartus_sta control -c control
quartus_eda --read_settings_files=off --write_settings_files=off control -c control
quartus_eda --gen_testbench --check_outputs=on --tool=modelsim_oem --format=verilog control -c control --vector_source=/home/student1/r9dhillo/coe608/lab5/controlWav.vwf --testbench_file=/home/student1/r9dhillo/coe608/lab5/simulation/qsim/controlWav.vwf.vt
quartus_eda --functional=on --flatten_buses=off --simulation=on --tool=modelsim_oem --format=verilog --output_directory=/home/student1/r9dhillo/coe608/lab5/simulation/qsim/ control -c control
quartus_eda --gen_testbench --check_outputs=on --tool=modelsim_oem --format=verilog control -c control --vector_source=/home/student1/r9dhillo/coe608/lab5/controlWav.vwf --testbench_file=/home/student1/r9dhillo/coe608/lab5/simulation/qsim/controlWav.vwf.vt
quartus_eda --functional=off --flatten_buses=off --timescale=1ps --simulation=on --tool=modelsim_oem --format=verilog --output_directory=/home/student1/r9dhillo/coe608/lab5/simulation/qsim/ control -c control
quartus_eda --gen_testbench --check_outputs=on --tool=modelsim_oem --format=verilog control -c control --vector_source=/home/student1/r9dhillo/coe608/lab5/controlWav.vwf --testbench_file=/home/student1/r9dhillo/coe608/lab5/simulation/qsim/controlWav.vwf.vt
quartus_eda --functional=off --flatten_buses=off --timescale=1ps --simulation=on --tool=modelsim_oem --format=verilog --output_directory=/home/student1/r9dhillo/coe608/lab5/simulation/qsim/ control -c control



