Flow report for datapath
Fri Mar  8 17:45:36 2019
Quartus II 64-Bit Version 14.0.2 Build 209 09/17/2014 SJ Full Version


---------------------
; Table of Contents ;
---------------------
  1. Legal Notice
  2. Flow Summary
  3. Flow Settings
  4. Flow Non-Default Global Settings
  5. Flow Elapsed Time
  6. Flow OS Summary
  7. Flow Log
  8. Flow Messages
  9. Flow Suppressed Messages



----------------
; Legal Notice ;
----------------
Copyright (C) 1991-2014 Altera Corporation. All rights reserved.
Your use of Altera Corporation's design tools, logic functions 
and other software and tools, and its AMPP partner logic 
functions, and any output files from any of the foregoing 
(including device programming or simulation files), and any 
associated documentation or information are expressly subject 
to the terms and conditions of the Altera Program License 
Subscription Agreement, the Altera Quartus II License Agreement,
the Altera MegaCore Function License Agreement, or other 
applicable license agreement, including, without limitation, 
that your use is for the sole purpose of programming logic 
devices manufactured by Altera and sold by Altera or its 
authorized distributors.  Please refer to the applicable 
agreement for further details.



+----------------------------------------------------------------------------------+
; Flow Summary                                                                     ;
+------------------------------------+---------------------------------------------+
; Flow Status                        ; Successful - Fri Mar  8 17:45:36 2019       ;
; Quartus II 64-Bit Version          ; 14.0.2 Build 209 09/17/2014 SJ Full Version ;
; Revision Name                      ; datapath                                    ;
; Top-level Entity Name              ; datapath                                    ;
; Family                             ; Cyclone IV E                                ;
; Device                             ; EP4CE115F29C7                               ;
; Timing Models                      ; Final                                       ;
; Total logic elements               ; 0 / 114,480 ( 0 % )                         ;
;     Total combinational functions  ; 0 / 114,480 ( 0 % )                         ;
;     Dedicated logic registers      ; 0 / 114,480 ( 0 % )                         ;
; Total registers                    ; 0                                           ;
; Total pins                         ; 326 / 529 ( 62 % )                          ;
; Total virtual pins                 ; 0                                           ;
; Total memory bits                  ; 0 / 3,981,312 ( 0 % )                       ;
; Embedded Multiplier 9-bit elements ; 0 / 532 ( 0 % )                             ;
; Total PLLs                         ; 0 / 4 ( 0 % )                               ;
+------------------------------------+---------------------------------------------+


+-----------------------------------------+
; Flow Settings                           ;
+-------------------+---------------------+
; Option            ; Setting             ;
+-------------------+---------------------+
; Start date & time ; 03/08/2019 17:43:49 ;
; Main task         ; Compilation         ;
; Revision Name     ; datapath            ;
+-------------------+---------------------+


+----------------------------------------------------------------------------------------------------------------------+
; Flow Non-Default Global Settings                                                                                     ;
+-------------------------------------+---------------------------------+---------------+-------------+----------------+
; Assignment Name                     ; Value                           ; Default Value ; Entity Name ; Section Id     ;
+-------------------------------------+---------------------------------+---------------+-------------+----------------+
; COMPILER_SIGNATURE_ID               ; 203178706328752.155208502809876 ; --            ; --          ; --             ;
; EDA_OUTPUT_DATA_FORMAT              ; Vhdl                            ; --            ; --          ; eda_simulation ;
; EDA_SIMULATION_TOOL                 ; ModelSim-Altera (VHDL)          ; <None>        ; --          ; --             ;
; MAX_CORE_JUNCTION_TEMP              ; 85                              ; --            ; --          ; --             ;
; MIN_CORE_JUNCTION_TEMP              ; 0                               ; --            ; --          ; --             ;
; NOMINAL_CORE_SUPPLY_VOLTAGE         ; 1.2V                            ; --            ; --          ; --             ;
; PARTITION_COLOR                     ; 16764057                        ; --            ; --          ; Top            ;
; PARTITION_FITTER_PRESERVATION_LEVEL ; PLACEMENT_AND_ROUTING           ; --            ; --          ; Top            ;
; PARTITION_NETLIST_TYPE              ; SOURCE                          ; --            ; --          ; Top            ;
; PROJECT_OUTPUT_DIRECTORY            ; output_files                    ; --            ; --          ; --             ;
+-------------------------------------+---------------------------------+---------------+-------------+----------------+


+-------------------------------------------------------------------------------------------------------------------------------+
; Flow Elapsed Time                                                                                                             ;
+---------------------------+--------------+-------------------------+---------------------+------------------------------------+
; Module Name               ; Elapsed Time ; Average Processors Used ; Peak Virtual Memory ; Total CPU Time (on all processors) ;
+---------------------------+--------------+-------------------------+---------------------+------------------------------------+
; Analysis & Synthesis      ; 00:00:06     ; 1.0                     ; 855 MB              ; 00:00:04                           ;
; Fitter                    ; 00:00:35     ; 1.7                     ; 1510 MB             ; 00:00:40                           ;
; Assembler                 ; 00:00:14     ; 1.0                     ; 766 MB              ; 00:00:14                           ;
; TimeQuest Timing Analyzer ; 00:00:12     ; 1.0                     ; 918 MB              ; 00:00:09                           ;
; EDA Netlist Writer        ; 00:00:03     ; 1.0                     ; 899 MB              ; 00:00:02                           ;
; Total                     ; 00:01:10     ; --                      ; --                  ; 00:01:09                           ;
+---------------------------+--------------+-------------------------+---------------------+------------------------------------+


+-------------------------------------------------------------------------------------------------+
; Flow OS Summary                                                                                 ;
+---------------------------+--------------------+------------------+------------+----------------+
; Module Name               ; Machine Hostname   ; OS Name          ; OS Version ; Processor type ;
+---------------------------+--------------------+------------------+------------+----------------+
; Analysis & Synthesis      ; york.ee.ryerson.ca ; Scientific Linux ; 6          ; x86_64         ;
; Fitter                    ; york.ee.ryerson.ca ; Scientific Linux ; 6          ; x86_64         ;
; Assembler                 ; york.ee.ryerson.ca ; Scientific Linux ; 6          ; x86_64         ;
; TimeQuest Timing Analyzer ; york.ee.ryerson.ca ; Scientific Linux ; 6          ; x86_64         ;
; EDA Netlist Writer        ; york.ee.ryerson.ca ; Scientific Linux ; 6          ; x86_64         ;
+---------------------------+--------------------+------------------+------------+----------------+


------------
; Flow Log ;
------------
quartus_map --read_settings_files=on --write_settings_files=off datapath -c datapath
quartus_fit --read_settings_files=off --write_settings_files=off datapath -c datapath
quartus_asm --read_settings_files=off --write_settings_files=off datapath -c datapath
quartus_sta datapath -c datapath
quartus_eda --read_settings_files=off --write_settings_files=off datapath -c datapath



