Flow report for lab4b
Tue Mar 12 20:21:30 2019
Quartus II 64-Bit Version 13.1.0 Build 162 10/23/2013 SJ Web Edition


---------------------
; Table of Contents ;
---------------------
  1. Legal Notice
  2. Flow Summary
  3. Flow Settings
  4. Flow Non-Default Global Settings
  5. Flow Elapsed Time
  6. Flow OS Summary
  7. Flow Log
  8. Flow Messages
  9. Flow Suppressed Messages



----------------
; Legal Notice ;
----------------
Copyright (C) 1991-2013 Altera Corporation
Your use of Altera Corporation's design tools, logic functions 
and other software and tools, and its AMPP partner logic 
functions, and any output files from any of the foregoing 
(including device programming or simulation files), and any 
associated documentation or information are expressly subject 
to the terms and conditions of the Altera Program License 
Subscription Agreement, Altera MegaCore Function License 
Agreement, or other applicable license agreement, including, 
without limitation, that your use is for the sole purpose of 
programming logic devices manufactured by Altera and sold by 
Altera or its authorized distributors.  Please refer to the 
applicable agreement for further details.



+---------------------------------------------------------------------------------+
; Flow Summary                                                                    ;
+------------------------------------+--------------------------------------------+
; Flow Status                        ; Successful - Tue Mar 12 20:21:30 2019      ;
; Quartus II 64-Bit Version          ; 13.1.0 Build 162 10/23/2013 SJ Web Edition ;
; Revision Name                      ; lab4b                                      ;
; Top-level Entity Name              ; pc                                         ;
; Family                             ; Cyclone IV E                               ;
; Total logic elements               ; 128 / 6,272 ( 2 % )                        ;
;     Total combinational functions  ; 128 / 6,272 ( 2 % )                        ;
;     Dedicated logic registers      ; 32 / 6,272 ( < 1 % )                       ;
; Total registers                    ; 32                                         ;
; Total pins                         ; 68 / 180 ( 38 % )                          ;
; Total virtual pins                 ; 0                                          ;
; Total memory bits                  ; 0 / 276,480 ( 0 % )                        ;
; Embedded Multiplier 9-bit elements ; 0 / 30 ( 0 % )                             ;
; Total PLLs                         ; 0 / 2 ( 0 % )                              ;
; Device                             ; EP4CE6F17C6                                ;
; Timing Models                      ; Final                                      ;
+------------------------------------+--------------------------------------------+


+-----------------------------------------+
; Flow Settings                           ;
+-------------------+---------------------+
; Option            ; Setting             ;
+-------------------+---------------------+
; Start date & time ; 03/12/2019 20:18:24 ;
; Main task         ; Compilation         ;
; Revision Name     ; lab4b               ;
+-------------------+---------------------+


+------------------------------------------------------------------------------------------------------------------------------------------------------+
; Flow Non-Default Global Settings                                                                                                                     ;
+-------------------------------------+-----------------------------------------------------------------+---------------+-------------+----------------+
; Assignment Name                     ; Value                                                           ; Default Value ; Entity Name ; Section Id     ;
+-------------------------------------+-----------------------------------------------------------------+---------------+-------------+----------------+
; COMPILER_SIGNATURE_ID               ; 277083308661941.155243630409180                                 ; --            ; --          ; --             ;
; EDA_GENERATE_FUNCTIONAL_NETLIST     ; On                                                              ; --            ; --          ; eda_simulation ;
; EDA_NETLIST_WRITER_OUTPUT_DIR       ; C:/Users/sahib/OneDrive/Documents/coe608/lab4b/simulation/qsim/ ; --            ; --          ; eda_simulation ;
; EDA_OUTPUT_DATA_FORMAT              ; Verilog Hdl                                                     ; --            ; --          ; eda_simulation ;
; EDA_SIMULATION_TOOL                 ; ModelSim-Altera (Verilog)                                       ; <None>        ; --          ; --             ;
; PARTITION_COLOR                     ; 16764057                                                        ; --            ; pc          ; Top            ;
; PARTITION_FITTER_PRESERVATION_LEVEL ; PLACEMENT_AND_ROUTING                                           ; --            ; pc          ; Top            ;
; PARTITION_NETLIST_TYPE              ; SOURCE                                                          ; --            ; pc          ; Top            ;
; PROJECT_OUTPUT_DIRECTORY            ; output_files                                                    ; --            ; --          ; --             ;
; TOP_LEVEL_ENTITY                    ; pc                                                              ; lab4b         ; --          ; --             ;
+-------------------------------------+-----------------------------------------------------------------+---------------+-------------+----------------+


+-------------------------------------------------------------------------------------------------------------------------------+
; Flow Elapsed Time                                                                                                             ;
+---------------------------+--------------+-------------------------+---------------------+------------------------------------+
; Module Name               ; Elapsed Time ; Average Processors Used ; Peak Virtual Memory ; Total CPU Time (on all processors) ;
+---------------------------+--------------+-------------------------+---------------------+------------------------------------+
; Analysis & Synthesis      ; 00:00:01     ; 1.0                     ; 4668 MB             ; 00:00:02                           ;
; Fitter                    ; 00:00:07     ; 1.0                     ; 4994 MB             ; 00:00:07                           ;
; Assembler                 ; 00:00:01     ; 1.0                     ; 4604 MB             ; 00:00:01                           ;
; TimeQuest Timing Analyzer ; 00:00:03     ; 1.0                     ; 4671 MB             ; 00:00:03                           ;
; EDA Netlist Writer        ; 00:00:00     ; 1.0                     ; 4548 MB             ; 00:00:01                           ;
; EDA Netlist Writer        ; 00:00:00     ; 1.0                     ; 4560 MB             ; 00:00:01                           ;
; EDA Netlist Writer        ; 00:00:01     ; 1.0                     ; 4556 MB             ; 00:00:01                           ;
; EDA Netlist Writer        ; 00:00:01     ; 1.0                     ; 4560 MB             ; 00:00:00                           ;
; EDA Netlist Writer        ; 00:00:01     ; 1.0                     ; 4556 MB             ; 00:00:01                           ;
; EDA Netlist Writer        ; 00:00:01     ; 1.0                     ; 4560 MB             ; 00:00:00                           ;
; EDA Netlist Writer        ; 00:00:00     ; 1.0                     ; 4556 MB             ; 00:00:01                           ;
; EDA Netlist Writer        ; 00:00:01     ; 1.0                     ; 4556 MB             ; 00:00:01                           ;
; EDA Netlist Writer        ; 00:00:00     ; 1.0                     ; 4556 MB             ; 00:00:01                           ;
; EDA Netlist Writer        ; 00:00:00     ; 1.0                     ; 4556 MB             ; 00:00:00                           ;
; EDA Netlist Writer        ; 00:00:01     ; 1.0                     ; 4556 MB             ; 00:00:01                           ;
; Total                     ; 00:00:18     ; --                      ; --                  ; 00:00:21                           ;
+---------------------------+--------------+-------------------------+---------------------+------------------------------------+


+----------------------------------------------------------------------------------------+
; Flow OS Summary                                                                        ;
+---------------------------+------------------+-----------+------------+----------------+
; Module Name               ; Machine Hostname ; OS Name   ; OS Version ; Processor type ;
+---------------------------+------------------+-----------+------------+----------------+
; Analysis & Synthesis      ; LAPTOP-RHU4S7QU  ; Windows 7 ; 6.2        ; x86_64         ;
; Fitter                    ; LAPTOP-RHU4S7QU  ; Windows 7 ; 6.2        ; x86_64         ;
; Assembler                 ; LAPTOP-RHU4S7QU  ; Windows 7 ; 6.2        ; x86_64         ;
; TimeQuest Timing Analyzer ; LAPTOP-RHU4S7QU  ; Windows 7 ; 6.2        ; x86_64         ;
; EDA Netlist Writer        ; LAPTOP-RHU4S7QU  ; Windows 7 ; 6.2        ; x86_64         ;
; EDA Netlist Writer        ; LAPTOP-RHU4S7QU  ; Windows 7 ; 6.2        ; x86_64         ;
; EDA Netlist Writer        ; LAPTOP-RHU4S7QU  ; Windows 7 ; 6.2        ; x86_64         ;
; EDA Netlist Writer        ; LAPTOP-RHU4S7QU  ; Windows 7 ; 6.2        ; x86_64         ;
; EDA Netlist Writer        ; LAPTOP-RHU4S7QU  ; Windows 7 ; 6.2        ; x86_64         ;
; EDA Netlist Writer        ; LAPTOP-RHU4S7QU  ; Windows 7 ; 6.2        ; x86_64         ;
; EDA Netlist Writer        ; LAPTOP-RHU4S7QU  ; Windows 7 ; 6.2        ; x86_64         ;
; EDA Netlist Writer        ; LAPTOP-RHU4S7QU  ; Windows 7 ; 6.2        ; x86_64         ;
; EDA Netlist Writer        ; LAPTOP-RHU4S7QU  ; Windows 7 ; 6.2        ; x86_64         ;
; EDA Netlist Writer        ; LAPTOP-RHU4S7QU  ; Windows 7 ; 6.2        ; x86_64         ;
; EDA Netlist Writer        ; LAPTOP-RHU4S7QU  ; Windows 7 ; 6.2        ; x86_64         ;
+---------------------------+------------------+-----------+------------+----------------+


------------
; Flow Log ;
------------
quartus_map --read_settings_files=on --write_settings_files=off lab4b -c lab4b
quartus_fit --read_settings_files=off --write_settings_files=off lab4b -c lab4b
quartus_asm --read_settings_files=off --write_settings_files=off lab4b -c lab4b
quartus_sta lab4b -c lab4b
quartus_eda --read_settings_files=off --write_settings_files=off lab4b -c lab4b
quartus_eda --gen_testbench --check_outputs=on --tool=modelsim_oem --format=verilog lab4b -c lab4b --vector_source=C:/Users/sahib/OneDrive/Documents/coe608/lab4b/testpc.vwf --testbench_file=C:/Users/sahib/OneDrive/Documents/coe608/lab4b/simulation/qsim/testpc.vwf.vt
quartus_eda --functional=on --flatten_buses=off --simulation=on --tool=modelsim_oem --format=verilog --output_directory=C:/Users/sahib/OneDrive/Documents/coe608/lab4b/simulation/qsim/ lab4b -c lab4b
quartus_eda --gen_testbench --check_outputs=on --tool=modelsim_oem --format=verilog lab4b -c lab4b --vector_source=C:/Users/sahib/OneDrive/Documents/coe608/lab4b/waveform1.vwf --testbench_file=C:/Users/sahib/OneDrive/Documents/coe608/lab4b/simulation/qsim/waveform1.vwf.vt
quartus_eda --functional=on --flatten_buses=off --simulation=on --tool=modelsim_oem --format=verilog --output_directory=C:/Users/sahib/OneDrive/Documents/coe608/lab4b/simulation/qsim/ lab4b -c lab4b
quartus_eda --gen_testbench --check_outputs=on --tool=modelsim_oem --format=verilog lab4b -c lab4b --vector_source=C:/Users/sahib/OneDrive/Documents/coe608/lab4b/waveform1.vwf --testbench_file=C:/Users/sahib/OneDrive/Documents/coe608/lab4b/simulation/qsim/waveform1.vwf.vt
quartus_eda --functional=on --flatten_buses=off --simulation=on --tool=modelsim_oem --format=verilog --output_directory=C:/Users/sahib/OneDrive/Documents/coe608/lab4b/simulation/qsim/ lab4b -c lab4b
quartus_eda --gen_testbench --check_outputs=on --tool=modelsim_oem --format=verilog lab4b -c lab4b --vector_source=C:/Users/sahib/OneDrive/Documents/coe608/lab4b/waveform1.vwf --testbench_file=C:/Users/sahib/OneDrive/Documents/coe608/lab4b/simulation/qsim/waveform1.vwf.vt
quartus_eda --functional=on --flatten_buses=off --simulation=on --tool=modelsim_oem --format=verilog --output_directory=C:/Users/sahib/OneDrive/Documents/coe608/lab4b/simulation/qsim/ lab4b -c lab4b
quartus_eda --gen_testbench --check_outputs=on --tool=modelsim_oem --format=verilog lab4b -c lab4b --vector_source=C:/Users/sahib/OneDrive/Documents/coe608/lab4b/waveform1.vwf --testbench_file=C:/Users/sahib/OneDrive/Documents/coe608/lab4b/simulation/qsim/waveform1.vwf.vt
quartus_eda --functional=on --flatten_buses=off --simulation=on --tool=modelsim_oem --format=verilog --output_directory=C:/Users/sahib/OneDrive/Documents/coe608/lab4b/simulation/qsim/ lab4b -c lab4b



