Info: Starting: Create block symbol file (.bsf)
Info: ip-generate --project-directory=/home/student2/ypzou/coe838/lab3 --output-directory=/home/student2/ypzou/coe838/lab3/soc_system --report-file=bsf:/home/student2/ypzou/coe838/lab3/soc_system/soc_system.bsf --system-info=DEVICE_FAMILY="Cyclone V" --system-info=DEVICE=5CSEMA5F31C6 --system-info=DEVICE_SPEEDGRADE=6 --component-file=/home/student2/ypzou/coe838/lab3/soc_system.qsys
Progress: Loading lab3/soc_system.qsys
Progress: Reading input file
Progress: Adding clk_0 [clock_source 14.0]
Progress: Parameterizing module clk_0
Progress: Adding hps_0 [altera_hps 14.0]
Progress: Parameterizing module hps_0
Progress: Adding SEG7_IF_0 [SEG7_IF 1.0]
Progress: Parameterizing module SEG7_IF_0
Progress: Adding led_pio [altera_avalon_pio 14.0]
Progress: Parameterizing module led_pio
Progress: Adding switch_pio [altera_avalon_pio 14.0]
Progress: Parameterizing module switch_pio
Progress: Building connections
Progress: Parameterizing connections
Progress: Validating
Progress: Done reading input file
Info: soc_system.switch_pio: PIO inputs are not hardwired in test bench. Undefined values will be read from PIO inputs during simulation.
Info: ip-generate succeeded.
Info: Finished: Create block symbol file (.bsf)
Info: 
Info: Starting: Create HDL design files for synthesis
Info: ip-generate --project-directory=/home/student2/ypzou/coe838/lab3 --output-directory=/home/student2/ypzou/coe838/lab3/soc_system/synthesis --file-set=QUARTUS_SYNTH --report-file=html:/home/student2/ypzou/coe838/lab3/soc_system/soc_system.html --report-file=sopcinfo:/home/student2/ypzou/coe838/lab3/soc_system.sopcinfo --report-file=cmp:/home/student2/ypzou/coe838/lab3/soc_system/soc_system.cmp --report-file=qip:/home/student2/ypzou/coe838/lab3/soc_system/synthesis/soc_system.qip --report-file=svd:/home/student2/ypzou/coe838/lab3/soc_system/synthesis/soc_system.svd --report-file=regmap:/home/student2/ypzou/coe838/lab3/soc_system/synthesis/soc_system.regmap --report-file=xml:/home/student2/ypzou/coe838/lab3/soc_system/soc_system.xml --report-file=debuginfo:/home/student2/ypzou/coe838/lab3/soc_system/synthesis/soc_system.debuginfo --system-info=DEVICE_FAMILY="Cyclone V" --system-info=DEVICE=5CSEMA5F31C6 --system-info=DEVICE_SPEEDGRADE=6 --component-file=/home/student2/ypzou/coe838/lab3/soc_system.qsys --language=VHDL
Progress: Loading lab3/soc_system.qsys
Progress: Reading input file
Progress: Adding clk_0 [clock_source 14.0]
Progress: Parameterizing module clk_0
Progress: Adding hps_0 [altera_hps 14.0]
Progress: Parameterizing module hps_0
Progress: Adding SEG7_IF_0 [SEG7_IF 1.0]
Progress: Parameterizing module SEG7_IF_0
Progress: Adding led_pio [altera_avalon_pio 14.0]
Progress: Parameterizing module led_pio
Progress: Adding switch_pio [altera_avalon_pio 14.0]
Progress: Parameterizing module switch_pio
Progress: Building connections
Progress: Parameterizing connections
Progress: Validating
Progress: Done reading input file
Info: soc_system.switch_pio: PIO inputs are not hardwired in test bench. Undefined values will be read from PIO inputs during simulation.
Info: soc_system: Generating soc_system "soc_system" for QUARTUS_SYNTH
Info: hps_0: "Running  for module: hps_0"
Info: hps_0: "soc_system" instantiated altera_hps "hps_0"
Info: SEG7_IF_0: "soc_system" instantiated SEG7_IF "SEG7_IF_0"
Info: led_pio: Starting RTL generation for module 'soc_system_led_pio'
Info: led_pio:   Generation command is [exec /usr/local/Quartus14.0/quartus/linux64/perl/bin/perl -I /usr/local/Quartus14.0/quartus/linux64/perl/lib -I /usr/local/Quartus14.0/quartus/sopc_builder/bin/europa -I /usr/local/Quartus14.0/quartus/sopc_builder/bin/perl_lib -I /usr/local/Quartus14.0/quartus/sopc_builder/bin -I /usr/local/Quartus14.0/quartus/../ip/altera/sopc_builder_ip/common -I /usr/local/Quartus14.0/quartus/../ip/altera/sopc_builder_ip/altera_avalon_pio -- /usr/local/Quartus14.0/quartus/../ip/altera/sopc_builder_ip/altera_avalon_pio/generate_rtl.pl --name=soc_system_led_pio --dir=/tmp/alt8318_5189870712009910639.dir/0018_led_pio_gen/ --quartus_dir=/usr/local/Quartus14.0/quartus --verilog --config=/tmp/alt8318_5189870712009910639.dir/0018_led_pio_gen//soc_system_led_pio_component_configuration.pl  --do_build_sim=0  ]
Info: led_pio: Done RTL generation for module 'soc_system_led_pio'
Info: led_pio: "soc_system" instantiated altera_avalon_pio "led_pio"
Info: switch_pio: Starting RTL generation for module 'soc_system_switch_pio'
Info: switch_pio:   Generation command is [exec /usr/local/Quartus14.0/quartus/linux64/perl/bin/perl -I /usr/local/Quartus14.0/quartus/linux64/perl/lib -I /usr/local/Quartus14.0/quartus/sopc_builder/bin/europa -I /usr/local/Quartus14.0/quartus/sopc_builder/bin/perl_lib -I /usr/local/Quartus14.0/quartus/sopc_builder/bin -I /usr/local/Quartus14.0/quartus/../ip/altera/sopc_builder_ip/common -I /usr/local/Quartus14.0/quartus/../ip/altera/sopc_builder_ip/altera_avalon_pio -- /usr/local/Quartus14.0/quartus/../ip/altera/sopc_builder_ip/altera_avalon_pio/generate_rtl.pl --name=soc_system_switch_pio --dir=/tmp/alt8318_5189870712009910639.dir/0019_switch_pio_gen/ --quartus_dir=/usr/local/Quartus14.0/quartus --verilog --config=/tmp/alt8318_5189870712009910639.dir/0019_switch_pio_gen//soc_system_switch_pio_component_configuration.pl  --do_build_sim=0  ]
Info: switch_pio: Done RTL generation for module 'soc_system_switch_pio'
Info: switch_pio: "soc_system" instantiated altera_avalon_pio "switch_pio"
Info: mm_interconnect_0: "soc_system" instantiated altera_mm_interconnect "mm_interconnect_0"
Info: rst_controller: "soc_system" instantiated altera_reset_controller "rst_controller"
Info: fpga_interfaces: "hps_0" instantiated altera_interface_generator "fpga_interfaces"
Info: hps_io: "hps_0" instantiated altera_hps_io "hps_io"
Info: SEG7_IF_0_avalon_slave_translator: "mm_interconnect_0" instantiated altera_merlin_slave_translator "SEG7_IF_0_avalon_slave_translator"
Info: hps_0_h2f_lw_axi_master_agent: "mm_interconnect_0" instantiated altera_merlin_axi_master_ni "hps_0_h2f_lw_axi_master_agent"
Info: SEG7_IF_0_avalon_slave_agent: "mm_interconnect_0" instantiated altera_merlin_slave_agent "SEG7_IF_0_avalon_slave_agent"
Info: SEG7_IF_0_avalon_slave_agent_rsp_fifo: "mm_interconnect_0" instantiated altera_avalon_sc_fifo "SEG7_IF_0_avalon_slave_agent_rsp_fifo"
Info: router: "mm_interconnect_0" instantiated altera_merlin_router "router"
Info: router_002: "mm_interconnect_0" instantiated altera_merlin_router "router_002"
Info: hps_0_h2f_lw_axi_master_wr_limiter: "mm_interconnect_0" instantiated altera_merlin_traffic_limiter "hps_0_h2f_lw_axi_master_wr_limiter"
Info: Reusing file /home/student2/ypzou/coe838/lab3/soc_system/synthesis/submodules/altera_avalon_sc_fifo.v
Info: SEG7_IF_0_avalon_slave_burst_adapter: "mm_interconnect_0" instantiated altera_merlin_burst_adapter "SEG7_IF_0_avalon_slave_burst_adapter"
Info: Reusing file /home/student2/ypzou/coe838/lab3/soc_system/synthesis/submodules/altera_merlin_address_alignment.sv
Info: Reusing file /home/student2/ypzou/coe838/lab3/soc_system/synthesis/submodules/altera_avalon_st_pipeline_base.v
Info: cmd_demux: "mm_interconnect_0" instantiated altera_merlin_demultiplexer "cmd_demux"
Info: cmd_mux: "mm_interconnect_0" instantiated altera_merlin_multiplexer "cmd_mux"
Info: rsp_demux: "mm_interconnect_0" instantiated altera_merlin_demultiplexer "rsp_demux"
Info: rsp_mux: "mm_interconnect_0" instantiated altera_merlin_multiplexer "rsp_mux"
Info: Reusing file /home/student2/ypzou/coe838/lab3/soc_system/synthesis/submodules/altera_merlin_arbitrator.sv
Info: border: "hps_io" instantiated altera_interface_generator "border"
Info: soc_system: Done "soc_system" with 22 modules, 76 files
Info: ip-generate succeeded.
Info: Finished: Create HDL design files for synthesis
