11:38:56 **** Build of configuration Debug for project HexLEDsSW ****
make all 
Building file: ../led.c
Invoking: GCC C Compiler
arm-linux-gnueabihf-gcc -I/usr/local/Quartus-EDS-14.0/embedded/ip/altera/hps/altera_hps/hwlib/include -O0 -g3 -Wall -c -fmessage-length=0 -MMD -MP -MF"led.d" -MT"led.d" -o "led.o" "../led.c"
Finished building: ../led.c
 
Building file: ../main.c
Invoking: GCC C Compiler
arm-linux-gnueabihf-gcc -I/usr/local/Quartus-EDS-14.0/embedded/ip/altera/hps/altera_hps/hwlib/include -O0 -g3 -Wall -c -fmessage-length=0 -MMD -MP -MF"main.d" -MT"main.d" -o "main.o" "../main.c"
Finished building: ../main.c
 
Building file: ../seg7.c
Invoking: GCC C Compiler
arm-linux-gnueabihf-gcc -I/usr/local/Quartus-EDS-14.0/embedded/ip/altera/hps/altera_hps/hwlib/include -O0 -g3 -Wall -c -fmessage-length=0 -MMD -MP -MF"seg7.d" -MT"seg7.d" -o "seg7.o" "../seg7.c"
Finished building: ../seg7.c
 
Building target: HexLEDsSW
Invoking: GCC C Linker
arm-linux-gnueabihf-gcc  -o "HexLEDsSW"  ./led.o ./main.o ./seg7.o   -lpthread -lm -lrt
Finished building target: HexLEDsSW
 
15:03:26 **** Incremental Build of configuration Debug for project HexLEDsSW ****
make all 
make: Nothing to be done for `all'.
15:04:33 **** Incremental Build of configuration Debug for project HexLEDsSW ****
make all 
make: Nothing to be done for `all'.
15:07:05 **** Incremental Build of configuration Debug for project HexLEDsSW ****
make all 
make: Nothing to be done for `all'.
15:09:38 **** Incremental Build of configuration Debug for project HexLEDsSW ****
make all 
Building file: ../main.c
Invoking: GCC C Compiler
arm-linux-gnueabihf-gcc -I/usr/local/Quartus-EDS-14.0/embedded/ip/altera/hps/altera_hps/hwlib/include -O0 -g3 -Wall -c -fmessage-length=0 -MMD -MP -MF"main.d" -MT"main.d" -o "main.o" "../main.c"
Finished building: ../main.c
 
Building target: HexLEDsSW
Invoking: GCC C Linker
arm-linux-gnueabihf-gcc  -o "HexLEDsSW"  ./led.o ./main.o ./seg7.o   -lpthread -lm -lrt
Finished building target: HexLEDsSW
 
17:08:44 **** Build of configuration Debug for project HexLEDsSW ****
make all 
Building file: ../main.c
Invoking: GCC C Compiler
arm-linux-gnueabihf-gcc -I/usr/local/Quartus-EDS-14.0/embedded/ip/altera/hps/altera_hps/hwlib/include -O0 -g3 -Wall -c -fmessage-length=0 -MMD -MP -MF"main.d" -MT"main.d" -o "main.o" "../main.c"
Finished building: ../main.c
 
Building file: ../.metadata/.plugins/org.eclipse.cdt.make.core/specs.c
Invoking: GCC C Compiler
arm-linux-gnueabihf-gcc -I/usr/local/Quartus-EDS-14.0/embedded/ip/altera/hps/altera_hps/hwlib/include -O0 -g3 -Wall -c -fmessage-length=0 -MMD -MP -MF".metadata/.plugins/org.eclipse.cdt.make.core/specs.d" -MT".metadata/.plugins/org.eclipse.cdt.make.core/specs.d" -o ".metadata/.plugins/org.eclipse.cdt.make.core/specs.o" "../.metadata/.plugins/org.eclipse.cdt.make.core/specs.c"
Finished building: ../.metadata/.plugins/org.eclipse.cdt.make.core/specs.c
 
Building target: HexLEDsSW
Invoking: GCC C Linker
arm-linux-gnueabihf-gcc  -o "HexLEDsSW"  ./.metadata/.plugins/org.eclipse.cdt.make.core/specs.o  ./led.o ./main.o ./seg7.o   -lpthread -lm -lrt
Finished building target: HexLEDsSW
 
18:21:32 **** Build of configuration Debug for project HexLEDsSW ****
make all 
Building file: ../led.c
Invoking: GCC C Compiler
arm-linux-gnueabihf-gcc -I/usr/local/Quartus-EDS-14.0/embedded/ip/altera/hps/altera_hps/hwlib/include -O0 -g3 -Wall -c -fmessage-length=0 -MMD -MP -MF"led.d" -MT"led.d" -o "led.o" "../led.c"
Finished building: ../led.c
 
Building file: ../main.c
Invoking: GCC C Compiler
arm-linux-gnueabihf-gcc -I/usr/local/Quartus-EDS-14.0/embedded/ip/altera/hps/altera_hps/hwlib/include -O0 -g3 -Wall -c -fmessage-length=0 -MMD -MP -MF"main.d" -MT"main.d" -o "main.o" "../main.c"
Finished building: ../main.c
 
Building file: ../seg7.c
Invoking: GCC C Compiler
arm-linux-gnueabihf-gcc -I/usr/local/Quartus-EDS-14.0/embedded/ip/altera/hps/altera_hps/hwlib/include -O0 -g3 -Wall -c -fmessage-length=0 -MMD -MP -MF"seg7.d" -MT"seg7.d" -o "seg7.o" "../seg7.c"
Finished building: ../seg7.c
 
Building target: HexLEDsSW
Invoking: GCC C Linker
arm-linux-gnueabihf-gcc  -o "HexLEDsSW"  ./led.o ./main.o ./seg7.o   -lpthread -lm -lrt
Finished building target: HexLEDsSW
 
18:31:45 **** Incremental Build of configuration Debug for project HexLEDsSW ****
make all 
Building file: ../main.c
Invoking: GCC C Compiler
arm-linux-gnueabihf-gcc -I/usr/local/Quartus-EDS-14.0/embedded/ip/altera/hps/altera_hps/hwlib/include -O0 -g3 -Wall -c -fmessage-length=0 -MMD -MP -MF"main.d" -MT"main.d" -o "main.o" "../main.c"
Finished building: ../main.c
 
Building target: HexLEDsSW
Invoking: GCC C Linker
arm-linux-gnueabihf-gcc  -o "HexLEDsSW"  ./led.o ./main.o ./seg7.o   -lpthread -lm -lrt
Finished building target: HexLEDsSW
 
18:44:40 **** Incremental Build of configuration Debug for project HexLEDsSW ****
make all 
Building file: ../main.c
Invoking: GCC C Compiler
arm-linux-gnueabihf-gcc -I/usr/local/Quartus-EDS-14.0/embedded/ip/altera/hps/altera_hps/hwlib/include -O0 -g3 -Wall -c -fmessage-length=0 -MMD -MP -MF"main.d" -MT"main.d" -o "main.o" "../main.c"
Finished building: ../main.c
 
Building target: HexLEDsSW
Invoking: GCC C Linker
arm-linux-gnueabihf-gcc  -o "HexLEDsSW"  ./led.o ./main.o ./seg7.o   -lpthread -lm -lrt
Finished building target: HexLEDsSW
 
18:52:19 **** Incremental Build of configuration Debug for project HexLEDsSW ****
make all 
Building file: ../main.c
Invoking: GCC C Compiler
arm-linux-gnueabihf-gcc -I/usr/local/Quartus-EDS-14.0/embedded/ip/altera/hps/altera_hps/hwlib/include -O0 -g3 -Wall -c -fmessage-length=0 -MMD -MP -MF"main.d" -MT"main.d" -o "main.o" "../main.c"
Finished building: ../main.c
 
Building target: HexLEDsSW
Invoking: GCC C Linker
arm-linux-gnueabihf-gcc  -o "HexLEDsSW"  ./led.o ./main.o ./seg7.o   -lpthread -lm -lrt
Finished building target: HexLEDsSW
 
18:59:31 **** Incremental Build of configuration Debug for project HexLEDsSW ****
make all 
Building file: ../main.c
Invoking: GCC C Compiler
arm-linux-gnueabihf-gcc -I/usr/local/Quartus-EDS-14.0/embedded/ip/altera/hps/altera_hps/hwlib/include -O0 -g3 -Wall -c -fmessage-length=0 -MMD -MP -MF"main.d" -MT"main.d" -o "main.o" "../main.c"
../main.c: In function ‘led_blink’:
../main.c:33:10: warning: unused variable ‘x’ [-Wunused-variable]
Finished building: ../main.c
 
Building target: HexLEDsSW
Invoking: GCC C Linker
arm-linux-gnueabihf-gcc  -o "HexLEDsSW"  ./led.o ./main.o ./seg7.o   -lpthread -lm -lrt
Finished building target: HexLEDsSW
 
18:59:46 **** Incremental Build of configuration Debug for project HexLEDsSW ****
make all 
make: Nothing to be done for `all'.
19:38:40 **** Clean-only build of configuration Debug for project HexLEDsSW ****
make clean 
rm -rf  ./led.o ./main.o ./seg7.o   ./led.d ./main.d ./seg7.d   HexLEDsSW 
 
19:38:41 **** Build of configuration Debug for project HexLEDsSW ****
make all 
Building file: ../led.c
Invoking: GCC C Compiler
arm-linux-gnueabihf-gcc -I/usr/local/Quartus-EDS-14.0/embedded/ip/altera/hps/altera_hps/hwlib/include -O0 -g3 -Wall -c -fmessage-length=0 -MMD -MP -MF"led.d" -MT"led.d" -o "led.o" "../led.c"
Finished building: ../led.c
 
Building file: ../main.c
Invoking: GCC C Compiler
arm-linux-gnueabihf-gcc -I/usr/local/Quartus-EDS-14.0/embedded/ip/altera/hps/altera_hps/hwlib/include -O0 -g3 -Wall -c -fmessage-length=0 -MMD -MP -MF"main.d" -MT"main.d" -o "main.o" "../main.c"
Finished building: ../main.c
 
Building file: ../seg7.c
Invoking: GCC C Compiler
arm-linux-gnueabihf-gcc -I/usr/local/Quartus-EDS-14.0/embedded/ip/altera/hps/altera_hps/hwlib/include -O0 -g3 -Wall -c -fmessage-length=0 -MMD -MP -MF"seg7.d" -MT"seg7.d" -o "seg7.o" "../seg7.c"
Finished building: ../seg7.c
 
Building target: HexLEDsSW
Invoking: GCC C Linker
arm-linux-gnueabihf-gcc  -o "HexLEDsSW"  ./led.o ./main.o ./seg7.o   -lpthread -lm -lrt
Finished building target: HexLEDsSW
 
19:46:16 **** Incremental Build of configuration Debug for project HexLEDsSW ****
make all 
Building file: ../main.c
Invoking: GCC C Compiler
arm-linux-gnueabihf-gcc -I/usr/local/Quartus-EDS-14.0/embedded/ip/altera/hps/altera_hps/hwlib/include -O0 -g3 -Wall -c -fmessage-length=0 -MMD -MP -MF"main.d" -MT"main.d" -o "main.o" "../main.c"
Finished building: ../main.c
 
Building target: HexLEDsSW
Invoking: GCC C Linker
arm-linux-gnueabihf-gcc  -o "HexLEDsSW"  ./led.o ./main.o ./seg7.o   -lpthread -lm -lrt
Finished building target: HexLEDsSW
 
19:46:26 **** Incremental Build of configuration Debug for project HexLEDsSW ****
make all 
make: Nothing to be done for `all'.
19:49:36 **** Incremental Build of configuration Debug for project HexLEDsSW ****
make all 
Building file: ../main.c
Invoking: GCC C Compiler
arm-linux-gnueabihf-gcc -I/usr/local/Quartus-EDS-14.0/embedded/ip/altera/hps/altera_hps/hwlib/include -O0 -g3 -Wall -c -fmessage-length=0 -MMD -MP -MF"main.d" -MT"main.d" -o "main.o" "../main.c"
Finished building: ../main.c
 
Building target: HexLEDsSW
Invoking: GCC C Linker
arm-linux-gnueabihf-gcc  -o "HexLEDsSW"  ./led.o ./main.o ./seg7.o   -lpthread -lm -lrt
Finished building target: HexLEDsSW
 
20:08:33 **** Incremental Build of configuration Debug for project HexLEDsSW ****
make all 
Building file: ../main.c
Invoking: GCC C Compiler
arm-linux-gnueabihf-gcc -I/usr/local/Quartus-EDS-14.0/embedded/ip/altera/hps/altera_hps/hwlib/include -O0 -g3 -Wall -c -fmessage-length=0 -MMD -MP -MF"main.d" -MT"main.d" -o "main.o" "../main.c"
Finished building: ../main.c
 
Building target: HexLEDsSW
Invoking: GCC C Linker
arm-linux-gnueabihf-gcc  -o "HexLEDsSW"  ./led.o ./main.o ./seg7.o   -lpthread -lm -lrt
Finished building target: HexLEDsSW
 
20:11:09 **** Incremental Build of configuration Debug for project HexLEDsSW ****
make all 
make: Nothing to be done for `all'.
20:11:24 **** Incremental Build of configuration Debug for project HexLEDsSW ****
make all 
Building file: ../main.c
Invoking: GCC C Compiler
arm-linux-gnueabihf-gcc -I/usr/local/Quartus-EDS-14.0/embedded/ip/altera/hps/altera_hps/hwlib/include -O0 -g3 -Wall -c -fmessage-length=0 -MMD -MP -MF"main.d" -MT"main.d" -o "main.o" "../main.c"
Finished building: ../main.c
 
Building target: HexLEDsSW
Invoking: GCC C Linker
arm-linux-gnueabihf-gcc  -o "HexLEDsSW"  ./led.o ./main.o ./seg7.o   -lpthread -lm -lrt
Finished building target: HexLEDsSW
 
20:24:15 **** Incremental Build of configuration Debug for project HexLEDsSW ****
make all 
Building file: ../main.c
Invoking: GCC C Compiler
arm-linux-gnueabihf-gcc -I/usr/local/Quartus-EDS-14.0/embedded/ip/altera/hps/altera_hps/hwlib/include -O0 -g3 -Wall -c -fmessage-length=0 -MMD -MP -MF"main.d" -MT"main.d" -o "main.o" "../main.c"
Finished building: ../main.c
 
Building target: HexLEDsSW
Invoking: GCC C Linker
arm-linux-gnueabihf-gcc  -o "HexLEDsSW"  ./led.o ./main.o ./seg7.o   -lpthread -lm -lrt
Finished building target: HexLEDsSW
 
20:30:16 **** Incremental Build of configuration Debug for project HexLEDsSW ****
make all 
Building file: ../main.c
Invoking: GCC C Compiler
arm-linux-gnueabihf-gcc -I/usr/local/Quartus-EDS-14.0/embedded/ip/altera/hps/altera_hps/hwlib/include -O0 -g3 -Wall -c -fmessage-length=0 -MMD -MP -MF"main.d" -MT"main.d" -o "main.o" "../main.c"
Finished building: ../main.c
 
Building target: HexLEDsSW
Invoking: GCC C Linker
arm-linux-gnueabihf-gcc  -o "HexLEDsSW"  ./led.o ./main.o ./seg7.o   -lpthread -lm -lrt
Finished building target: HexLEDsSW
 
20:42:41 **** Incremental Build of configuration Debug for project HexLEDsSW ****
make all 
Building file: ../main.c
Invoking: GCC C Compiler
arm-linux-gnueabihf-gcc -I/usr/local/Quartus-EDS-14.0/embedded/ip/altera/hps/altera_hps/hwlib/include -O0 -g3 -Wall -c -fmessage-length=0 -MMD -MP -MF"main.d" -MT"main.d" -o "main.o" "../main.c"
../main.c: In function ‘led_blink’:
../main.c:48:3: warning: format ‘%lu’ expects argument of type ‘long unsigned int’, but argument 2 has type ‘volatile uint32_t *’ [-Wformat]
Finished building: ../main.c
 
Building target: HexLEDsSW
Invoking: GCC C Linker
arm-linux-gnueabihf-gcc  -o "HexLEDsSW"  ./led.o ./main.o ./seg7.o   -lpthread -lm -lrt
Finished building target: HexLEDsSW
 
20:43:44 **** Incremental Build of configuration Debug for project HexLEDsSW ****
make all 
Building file: ../main.c
Invoking: GCC C Compiler
arm-linux-gnueabihf-gcc -I/usr/local/Quartus-EDS-14.0/embedded/ip/altera/hps/altera_hps/hwlib/include -O0 -g3 -Wall -c -fmessage-length=0 -MMD -MP -MF"main.d" -MT"main.d" -o "main.o" "../main.c"
../main.c: In function ‘led_blink’:
../main.c:48:3: warning: format ‘%lu’ expects argument of type ‘long unsigned int’, but argument 2 has type ‘uint32_t’ [-Wformat]
Finished building: ../main.c
 
Building target: HexLEDsSW
Invoking: GCC C Linker
arm-linux-gnueabihf-gcc  -o "HexLEDsSW"  ./led.o ./main.o ./seg7.o   -lpthread -lm -lrt
Finished building target: HexLEDsSW
 
20:50:49 **** Incremental Build of configuration Debug for project HexLEDsSW ****
make all 
Building file: ../main.c
Invoking: GCC C Compiler
arm-linux-gnueabihf-gcc -I/usr/local/Quartus-EDS-14.0/embedded/ip/altera/hps/altera_hps/hwlib/include -O0 -g3 -Wall -c -fmessage-length=0 -MMD -MP -MF"main.d" -MT"main.d" -o "main.o" "../main.c"
../main.c: In function ‘led_blink’:
../main.c:48:3: warning: format ‘%lu’ expects argument of type ‘long unsigned int’, but argument 2 has type ‘uint32_t’ [-Wformat]
Finished building: ../main.c
 
Building target: HexLEDsSW
Invoking: GCC C Linker
arm-linux-gnueabihf-gcc  -o "HexLEDsSW"  ./led.o ./main.o ./seg7.o   -lpthread -lm -lrt
Finished building target: HexLEDsSW
 
21:00:10 **** Incremental Build of configuration Debug for project HexLEDsSW ****
make all 
Building file: ../main.c
Invoking: GCC C Compiler
arm-linux-gnueabihf-gcc -I/usr/local/Quartus-EDS-14.0/embedded/ip/altera/hps/altera_hps/hwlib/include -O0 -g3 -Wall -c -fmessage-length=0 -MMD -MP -MF"main.d" -MT"main.d" -o "main.o" "../main.c"
../main.c: In function ‘led_blink’:
../main.c:50:3: warning: suggest parentheses around comparison in operand of ‘&’ [-Wparentheses]
Finished building: ../main.c
 
Building target: HexLEDsSW
Invoking: GCC C Linker
arm-linux-gnueabihf-gcc  -o "HexLEDsSW"  ./led.o ./main.o ./seg7.o   -lpthread -lm -lrt
Finished building target: HexLEDsSW
 
21:05:54 **** Incremental Build of configuration Debug for project HexLEDsSW ****
make all 
Building file: ../main.c
Invoking: GCC C Compiler
arm-linux-gnueabihf-gcc -I/usr/local/Quartus-EDS-14.0/embedded/ip/altera/hps/altera_hps/hwlib/include -O0 -g3 -Wall -c -fmessage-length=0 -MMD -MP -MF"main.d" -MT"main.d" -o "main.o" "../main.c"
Finished building: ../main.c
 
Building target: HexLEDsSW
Invoking: GCC C Linker
arm-linux-gnueabihf-gcc  -o "HexLEDsSW"  ./led.o ./main.o ./seg7.o   -lpthread -lm -lrt
Finished building target: HexLEDsSW
 
21:34:17 **** Incremental Build of configuration Debug for project HexLEDsSW ****
make all 
make: Nothing to be done for `all'.
21:34:41 **** Incremental Build of configuration Debug for project HexLEDsSW ****
make all 
Building file: ../main.c
Invoking: GCC C Compiler
arm-linux-gnueabihf-gcc -I/usr/local/Quartus-EDS-14.0/embedded/ip/altera/hps/altera_hps/hwlib/include -O0 -g3 -Wall -c -fmessage-length=0 -MMD -MP -MF"main.d" -MT"main.d" -o "main.o" "../main.c"
../main.c: In function ‘led_blink’:
../main.c:49:3: warning: assignment makes integer from pointer without a cast [enabled by default]
Finished building: ../main.c
 
Building target: HexLEDsSW
Invoking: GCC C Linker
arm-linux-gnueabihf-gcc  -o "HexLEDsSW"  ./led.o ./main.o ./seg7.o   -lpthread -lm -lrt
Finished building target: HexLEDsSW
 
21:37:30 **** Incremental Build of configuration Debug for project HexLEDsSW ****
make all 
Building file: ../main.c
Invoking: GCC C Compiler
arm-linux-gnueabihf-gcc -I/usr/local/Quartus-EDS-14.0/embedded/ip/altera/hps/altera_hps/hwlib/include -O0 -g3 -Wall -c -fmessage-length=0 -MMD -MP -MF"main.d" -MT"main.d" -o "main.o" "../main.c"
Finished building: ../main.c
 
Building target: HexLEDsSW
Invoking: GCC C Linker
arm-linux-gnueabihf-gcc  -o "HexLEDsSW"  ./led.o ./main.o ./seg7.o   -lpthread -lm -lrt
Finished building target: HexLEDsSW
 
21:37:45 **** Incremental Build of configuration Debug for project HexLEDsSW ****
make all 
make: Nothing to be done for `all'.
21:40:54 **** Incremental Build of configuration Debug for project HexLEDsSW ****
make all 
Building file: ../main.c
Invoking: GCC C Compiler
arm-linux-gnueabihf-gcc -I/usr/local/Quartus-EDS-14.0/embedded/ip/altera/hps/altera_hps/hwlib/include -O0 -g3 -Wall -c -fmessage-length=0 -MMD -MP -MF"main.d" -MT"main.d" -o "main.o" "../main.c"
Finished building: ../main.c
 
Building target: HexLEDsSW
Invoking: GCC C Linker
arm-linux-gnueabihf-gcc  -o "HexLEDsSW"  ./led.o ./main.o ./seg7.o   -lpthread -lm -lrt
Finished building target: HexLEDsSW
 
23:21:31 **** Incremental Build of configuration Debug for project HexLEDsSW ****
make all 
make: Nothing to be done for `all'.
23:23:48 **** Incremental Build of configuration Debug for project HexLEDsSW ****
make all 
make: Nothing to be done for `all'.
23:25:02 **** Incremental Build of configuration Debug for project HexLEDsSW ****
make all 
make: Nothing to be done for `all'.
23:35:14 **** Incremental Build of configuration Debug for project HexLEDsSW ****
make all 
Building file: ../seg7.c
Invoking: GCC C Compiler
arm-linux-gnueabihf-gcc -I/usr/local/Quartus-EDS-14.0/embedded/ip/altera/hps/altera_hps/hwlib/include -O0 -g3 -Wall -c -fmessage-length=0 -MMD -MP -MF"seg7.d" -MT"seg7.d" -o "seg7.o" "../seg7.c"
Finished building: ../seg7.c
 
Building target: HexLEDsSW
Invoking: GCC C Linker
arm-linux-gnueabihf-gcc  -o "HexLEDsSW"  ./led.o ./main.o ./seg7.o   -lpthread -lm -lrt
Finished building target: HexLEDsSW
 
23:36:22 **** Incremental Build of configuration Debug for project HexLEDsSW ****
make all 
make: Nothing to be done for `all'.
23:42:27 **** Incremental Build of configuration Debug for project HexLEDsSW ****
make all 
Building file: ../seg7.c
Invoking: GCC C Compiler
arm-linux-gnueabihf-gcc -I/usr/local/Quartus-EDS-14.0/embedded/ip/altera/hps/altera_hps/hwlib/include -O0 -g3 -Wall -c -fmessage-length=0 -MMD -MP -MF"seg7.d" -MT"seg7.d" -o "seg7.o" "../seg7.c"
Finished building: ../seg7.c
 
Building target: HexLEDsSW
Invoking: GCC C Linker
arm-linux-gnueabihf-gcc  -o "HexLEDsSW"  ./led.o ./main.o ./seg7.o   -lpthread -lm -lrt
Finished building target: HexLEDsSW
 
23:48:34 **** Incremental Build of configuration Debug for project HexLEDsSW ****
make all 
Building file: ../seg7.c
Invoking: GCC C Compiler
arm-linux-gnueabihf-gcc -I/usr/local/Quartus-EDS-14.0/embedded/ip/altera/hps/altera_hps/hwlib/include -O0 -g3 -Wall -c -fmessage-length=0 -MMD -MP -MF"seg7.d" -MT"seg7.d" -o "seg7.o" "../seg7.c"
Finished building: ../seg7.c
 
Building target: HexLEDsSW
Invoking: GCC C Linker
arm-linux-gnueabihf-gcc  -o "HexLEDsSW"  ./led.o ./main.o ./seg7.o   -lpthread -lm -lrt
Finished building target: HexLEDsSW
 
14:32:08 **** Build of configuration Debug for project HexLEDsSW ****
make all 
make: Nothing to be done for `all'.
14:37:16 **** Incremental Build of configuration Debug for project HexLEDsSW ****
make all 
Building file: ../seg7.c
Invoking: GCC C Compiler
arm-linux-gnueabihf-gcc -I/usr/local/Quartus-EDS-14.0/embedded/ip/altera/hps/altera_hps/hwlib/include -O0 -g3 -Wall -c -fmessage-length=0 -MMD -MP -MF"seg7.d" -MT"seg7.d" -o "seg7.o" "../seg7.c"
Finished building: ../seg7.c
 
Building target: HexLEDsSW
Invoking: GCC C Linker
arm-linux-gnueabihf-gcc  -o "HexLEDsSW"  ./led.o ./main.o ./seg7.o   -lpthread -lm -lrt
Finished building target: HexLEDsSW
 
19:03:29 **** Build of configuration Debug for project HexLEDsSW ****
make all 
Building file: ../seg7.c
Invoking: GCC C Compiler
arm-linux-gnueabihf-gcc -I/usr/local/Quartus-EDS-14.0/embedded/ip/altera/hps/altera_hps/hwlib/include -O0 -g3 -Wall -c -fmessage-length=0 -MMD -MP -MF"seg7.d" -MT"seg7.d" -o "seg7.o" "../seg7.c"
Finished building: ../seg7.c
 
Building target: HexLEDsSW
Invoking: GCC C Linker
arm-linux-gnueabihf-gcc  -o "HexLEDsSW"  ./led.o ./main.o ./seg7.o   -lpthread -lm -lrt
Finished building target: HexLEDsSW
 
19:05:13 **** Incremental Build of configuration Debug for project HexLEDsSW ****
make all 
make: Nothing to be done for `all'.
19:13:47 **** Incremental Build of configuration Debug for project HexLEDsSW ****
make all 
make: Nothing to be done for `all'.
