11:16:05 **** Build of configuration Debug for project adder ****
make all 
Building file: ../main.c
Invoking: GCC C Compiler
arm-linux-gnueabihf-gcc -I/usr/local/Quartus-EDS-14.0/embedded/ip/altera/hps/altera_hps/hwlib/include -O0 -g3 -Wall -c -fmessage-length=0 -MMD -MP -MF"main.d" -MT"main.d" -o "main.o" "../main.c"
../main.c: In function ‘main’:
../main.c:92:45: error: ‘MULT_CONTROL_0_BASE’ undeclared (first use in this function)
../main.c:92:45: note: each undeclared identifier is reported only once for each function it appears in
../main.c:93:41: error: ‘MULT_DATA_0_BASE’ undeclared (first use in this function)
make: *** [main.o] Error 1
11:16:53 **** Incremental Build of configuration Debug for project adder ****
make all 
Building file: ../main.c
Invoking: GCC C Compiler
arm-linux-gnueabihf-gcc -I/usr/local/Quartus-EDS-14.0/embedded/ip/altera/hps/altera_hps/hwlib/include -O0 -g3 -Wall -c -fmessage-length=0 -MMD -MP -MF"main.d" -MT"main.d" -o "main.o" "../main.c"
Finished building: ../main.c
 
Building target: adder
Invoking: GCC C Linker
arm-linux-gnueabihf-gcc  -o "adder"  ./main.o   -lpthread -lm -lrt
Finished building target: adder
 
11:33:42 **** Incremental Build of configuration Debug for project adder ****
make all 
Building file: ../main.c
Invoking: GCC C Compiler
arm-linux-gnueabihf-gcc -I/usr/local/Quartus-EDS-14.0/embedded/ip/altera/hps/altera_hps/hwlib/include -O0 -g3 -Wall -c -fmessage-length=0 -MMD -MP -MF"main.d" -MT"main.d" -o "main.o" "../main.c"
Finished building: ../main.c
 
Building target: adder
Invoking: GCC C Linker
arm-linux-gnueabihf-gcc  -o "adder"  ./main.o   -lpthread -lm -lrt
Finished building target: adder
 
11:33:59 **** Incremental Build of configuration Debug for project adder ****
make all 
make: Nothing to be done for `all'.
11:42:24 **** Incremental Build of configuration Debug for project adder ****
make all 
Building file: ../main.c
Invoking: GCC C Compiler
arm-linux-gnueabihf-gcc -I/usr/local/Quartus-EDS-14.0/embedded/ip/altera/hps/altera_hps/hwlib/include -O0 -g3 -Wall -c -fmessage-length=0 -MMD -MP -MF"main.d" -MT"main.d" -o "main.o" "../main.c"
Finished building: ../main.c
 
Building target: adder
Invoking: GCC C Linker
arm-linux-gnueabihf-gcc  -o "adder"  ./main.o   -lpthread -lm -lrt
Finished building target: adder
 
14:40:19 **** Incremental Build of configuration Debug for project adder ****
make all 
Building file: ../main.c
Invoking: GCC C Compiler
arm-linux-gnueabihf-gcc -I/usr/local/Quartus-EDS-14.0/embedded/ip/altera/hps/altera_hps/hwlib/include -O0 -g3 -Wall -c -fmessage-length=0 -MMD -MP -MF"main.d" -MT"main.d" -o "main.o" "../main.c"
Finished building: ../main.c
 
Building target: adder
Invoking: GCC C Linker
arm-linux-gnueabihf-gcc  -o "adder"  ./main.o   -lpthread -lm -lrt
Finished building target: adder
 
15:27:03 **** Incremental Build of configuration Debug for project adder ****
make all 
make: Nothing to be done for `all'.
15:36:24 **** Incremental Build of configuration Debug for project adder ****
make all 
Building file: ../main.c
Invoking: GCC C Compiler
arm-linux-gnueabihf-gcc -I/usr/local/Quartus-EDS-14.0/embedded/ip/altera/hps/altera_hps/hwlib/include -O0 -g3 -Wall -c -fmessage-length=0 -MMD -MP -MF"main.d" -MT"main.d" -o "main.o" "../main.c"
Finished building: ../main.c
 
Building target: adder
Invoking: GCC C Linker
arm-linux-gnueabihf-gcc  -o "adder"  ./main.o   -lpthread -lm -lrt
Finished building target: adder
 
15:44:31 **** Incremental Build of configuration Debug for project adder ****
make all 
Building file: ../main.c
Invoking: GCC C Compiler
arm-linux-gnueabihf-gcc -I/usr/local/Quartus-EDS-14.0/embedded/ip/altera/hps/altera_hps/hwlib/include -O0 -g3 -Wall -c -fmessage-length=0 -MMD -MP -MF"main.d" -MT"main.d" -o "main.o" "../main.c"
Finished building: ../main.c
 
Building target: adder
Invoking: GCC C Linker
arm-linux-gnueabihf-gcc  -o "adder"  ./main.o   -lpthread -lm -lrt
Finished building target: adder
 
16:30:13 **** Incremental Build of configuration Debug for project adder ****
make all 
make: Nothing to be done for `all'.
19:29:40 **** Build of configuration Debug for project adder ****
make all 
make: Nothing to be done for `all'.
