Flow report for lab3
Wed Feb 13 14:44:36 2019
Quartus II 64-Bit Version 13.1.0 Build 162 10/23/2013 SJ Web Edition


---------------------
; Table of Contents ;
---------------------
  1. Legal Notice
  2. Flow Summary
  3. Flow Settings
  4. Flow Non-Default Global Settings
  5. Flow Elapsed Time
  6. Flow OS Summary
  7. Flow Log
  8. Flow Messages
  9. Flow Suppressed Messages



----------------
; Legal Notice ;
----------------
Copyright (C) 1991-2013 Altera Corporation
Your use of Altera Corporation's design tools, logic functions 
and other software and tools, and its AMPP partner logic 
functions, and any output files from any of the foregoing 
(including device programming or simulation files), and any 
associated documentation or information are expressly subject 
to the terms and conditions of the Altera Program License 
Subscription Agreement, Altera MegaCore Function License 
Agreement, or other applicable license agreement, including, 
without limitation, that your use is for the sole purpose of 
programming logic devices manufactured by Altera and sold by 
Altera or its authorized distributors.  Please refer to the 
applicable agreement for further details.



+---------------------------------------------------------------------------------+
; Flow Summary                                                                    ;
+------------------------------------+--------------------------------------------+
; Flow Status                        ; Successful - Wed Feb 13 14:44:36 2019      ;
; Quartus II 64-Bit Version          ; 13.1.0 Build 162 10/23/2013 SJ Web Edition ;
; Revision Name                      ; lab3                                       ;
; Top-level Entity Name              ; ALU                                        ;
; Family                             ; Cyclone IV E                               ;
; Total logic elements               ; 170 / 6,272 ( 3 % )                        ;
;     Total combinational functions  ; 170 / 6,272 ( 3 % )                        ;
;     Dedicated logic registers      ; 0 / 6,272 ( 0 % )                          ;
; Total registers                    ; 0                                          ;
; Total pins                         ; 101 / 180 ( 56 % )                         ;
; Total virtual pins                 ; 0                                          ;
; Total memory bits                  ; 0 / 276,480 ( 0 % )                        ;
; Embedded Multiplier 9-bit elements ; 0 / 30 ( 0 % )                             ;
; Total PLLs                         ; 0 / 2 ( 0 % )                              ;
; Device                             ; EP4CE6F17C6                                ;
; Timing Models                      ; Final                                      ;
+------------------------------------+--------------------------------------------+


+-----------------------------------------+
; Flow Settings                           ;
+-------------------+---------------------+
; Option            ; Setting             ;
+-------------------+---------------------+
; Start date & time ; 02/13/2019 14:32:50 ;
; Main task         ; Compilation         ;
; Revision Name     ; lab3                ;
+-------------------+---------------------+


+------------------------------------------------------------------------------------------------------------------------------------------------------+
; Flow Non-Default Global Settings                                                                                                                     ;
+-------------------------------------+-----------------------------------------------------------------+---------------+-------------+----------------+
; Assignment Name                     ; Value                                                           ; Default Value ; Entity Name ; Section Id     ;
+-------------------------------------+-----------------------------------------------------------------+---------------+-------------+----------------+
; COMPILER_SIGNATURE_ID               ; 277083308661942.155008636915984                                 ; --            ; --          ; --             ;
; EDA_GENERATE_FUNCTIONAL_NETLIST     ; On                                                              ; --            ; --          ; eda_simulation ;
; EDA_NETLIST_WRITER_OUTPUT_DIR       ; C:/Users/sahib/OneDrive/Documents/coe608/lab3M/simulation/qsim/ ; --            ; --          ; eda_simulation ;
; EDA_OUTPUT_DATA_FORMAT              ; Verilog Hdl                                                     ; --            ; --          ; eda_simulation ;
; EDA_SIMULATION_TOOL                 ; ModelSim-Altera (Verilog)                                       ; <None>        ; --          ; --             ;
; EDA_TIME_SCALE                      ; 1 ps                                                            ; --            ; --          ; eda_simulation ;
; PARTITION_COLOR                     ; 16764057                                                        ; --            ; ALU         ; Top            ;
; PARTITION_FITTER_PRESERVATION_LEVEL ; PLACEMENT_AND_ROUTING                                           ; --            ; ALU         ; Top            ;
; PARTITION_NETLIST_TYPE              ; SOURCE                                                          ; --            ; ALU         ; Top            ;
; PROJECT_OUTPUT_DIRECTORY            ; output_files                                                    ; --            ; --          ; --             ;
; TOP_LEVEL_ENTITY                    ; ALU                                                             ; lab3          ; --          ; --             ;
+-------------------------------------+-----------------------------------------------------------------+---------------+-------------+----------------+


+-------------------------------------------------------------------------------------------------------------------------------+
; Flow Elapsed Time                                                                                                             ;
+---------------------------+--------------+-------------------------+---------------------+------------------------------------+
; Module Name               ; Elapsed Time ; Average Processors Used ; Peak Virtual Memory ; Total CPU Time (on all processors) ;
+---------------------------+--------------+-------------------------+---------------------+------------------------------------+
; Analysis & Synthesis      ; 00:00:03     ; 1.0                     ; 4671 MB             ; 00:00:03                           ;
; Fitter                    ; 00:00:07     ; 1.0                     ; 5001 MB             ; 00:00:06                           ;
; Assembler                 ; 00:00:01     ; 1.0                     ; 4603 MB             ; 00:00:01                           ;
; TimeQuest Timing Analyzer ; 00:00:04     ; 1.0                     ; 4673 MB             ; 00:00:04                           ;
; EDA Netlist Writer        ; 00:00:00     ; 1.0                     ; 4550 MB             ; 00:00:01                           ;
; EDA Netlist Writer        ; 00:00:01     ; 1.0                     ; 4562 MB             ; 00:00:00                           ;
; EDA Netlist Writer        ; 00:00:01     ; 1.0                     ; 4562 MB             ; 00:00:01                           ;
; EDA Netlist Writer        ; 00:00:00     ; 1.0                     ; 4562 MB             ; 00:00:01                           ;
; EDA Netlist Writer        ; 00:00:01     ; 1.0                     ; 4562 MB             ; 00:00:01                           ;
; EDA Netlist Writer        ; 00:00:01     ; 1.0                     ; 4562 MB             ; 00:00:01                           ;
; EDA Netlist Writer        ; 00:00:01     ; 1.0                     ; 4562 MB             ; 00:00:01                           ;
; EDA Netlist Writer        ; 00:00:00     ; 1.0                     ; 4562 MB             ; 00:00:01                           ;
; EDA Netlist Writer        ; 00:00:01     ; 1.0                     ; 4562 MB             ; 00:00:01                           ;
; Total                     ; 00:00:21     ; --                      ; --                  ; 00:00:22                           ;
+---------------------------+--------------+-------------------------+---------------------+------------------------------------+


+----------------------------------------------------------------------------------------+
; Flow OS Summary                                                                        ;
+---------------------------+------------------+-----------+------------+----------------+
; Module Name               ; Machine Hostname ; OS Name   ; OS Version ; Processor type ;
+---------------------------+------------------+-----------+------------+----------------+
; Analysis & Synthesis      ; LAPTOP-RHU4S7QU  ; Windows 7 ; 6.2        ; x86_64         ;
; Fitter                    ; LAPTOP-RHU4S7QU  ; Windows 7 ; 6.2        ; x86_64         ;
; Assembler                 ; LAPTOP-RHU4S7QU  ; Windows 7 ; 6.2        ; x86_64         ;
; TimeQuest Timing Analyzer ; LAPTOP-RHU4S7QU  ; Windows 7 ; 6.2        ; x86_64         ;
; EDA Netlist Writer        ; LAPTOP-RHU4S7QU  ; Windows 7 ; 6.2        ; x86_64         ;
; EDA Netlist Writer        ; LAPTOP-RHU4S7QU  ; Windows 7 ; 6.2        ; x86_64         ;
; EDA Netlist Writer        ; LAPTOP-RHU4S7QU  ; Windows 7 ; 6.2        ; x86_64         ;
; EDA Netlist Writer        ; LAPTOP-RHU4S7QU  ; Windows 7 ; 6.2        ; x86_64         ;
; EDA Netlist Writer        ; LAPTOP-RHU4S7QU  ; Windows 7 ; 6.2        ; x86_64         ;
; EDA Netlist Writer        ; LAPTOP-RHU4S7QU  ; Windows 7 ; 6.2        ; x86_64         ;
; EDA Netlist Writer        ; LAPTOP-RHU4S7QU  ; Windows 7 ; 6.2        ; x86_64         ;
; EDA Netlist Writer        ; LAPTOP-RHU4S7QU  ; Windows 7 ; 6.2        ; x86_64         ;
; EDA Netlist Writer        ; LAPTOP-RHU4S7QU  ; Windows 7 ; 6.2        ; x86_64         ;
+---------------------------+------------------+-----------+------------+----------------+


------------
; Flow Log ;
------------
quartus_map --read_settings_files=on --write_settings_files=off lab3 -c lab3
quartus_fit --read_settings_files=off --write_settings_files=off lab3 -c lab3
quartus_asm --read_settings_files=off --write_settings_files=off lab3 -c lab3
quartus_sta lab3 -c lab3
quartus_eda --read_settings_files=off --write_settings_files=off lab3 -c lab3
quartus_eda --gen_testbench --check_outputs=on --tool=modelsim_oem --format=verilog lab3 -c lab3 --vector_source=C:/Users/sahib/OneDrive/Documents/coe608/lab3M/aluwave.vwf --testbench_file=C:/Users/sahib/OneDrive/Documents/coe608/lab3M/simulation/qsim/aluwave.vwf.vt
quartus_eda --functional=on --flatten_buses=off --simulation=on --tool=modelsim_oem --format=verilog --output_directory=C:/Users/sahib/OneDrive/Documents/coe608/lab3M/simulation/qsim/ lab3 -c lab3
quartus_eda --gen_testbench --check_outputs=on --tool=modelsim_oem --format=verilog lab3 -c lab3 --vector_source=C:/Users/sahib/OneDrive/Documents/coe608/lab3M/aluwave.vwf --testbench_file=C:/Users/sahib/OneDrive/Documents/coe608/lab3M/simulation/qsim/aluwave.vwf.vt
quartus_eda --functional=on --flatten_buses=off --simulation=on --tool=modelsim_oem --format=verilog --output_directory=C:/Users/sahib/OneDrive/Documents/coe608/lab3M/simulation/qsim/ lab3 -c lab3
quartus_eda --gen_testbench --check_outputs=on --tool=modelsim_oem --format=verilog lab3 -c lab3 --vector_source=C:/Users/sahib/OneDrive/Documents/coe608/lab3M/aluwave.vwf --testbench_file=C:/Users/sahib/OneDrive/Documents/coe608/lab3M/simulation/qsim/aluwave.vwf.vt
quartus_eda --functional=on --flatten_buses=off --simulation=on --tool=modelsim_oem --format=verilog --output_directory=C:/Users/sahib/OneDrive/Documents/coe608/lab3M/simulation/qsim/ lab3 -c lab3
quartus_eda --gen_testbench --check_outputs=on --tool=modelsim_oem --format=verilog lab3 -c lab3 --vector_source=C:/Users/sahib/OneDrive/Documents/coe608/lab3M/aluwave.vwf --testbench_file=C:/Users/sahib/OneDrive/Documents/coe608/lab3M/simulation/qsim/aluwave.vwf.vt
quartus_eda --functional=on --flatten_buses=off --simulation=on --tool=modelsim_oem --format=verilog --output_directory=C:/Users/sahib/OneDrive/Documents/coe608/lab3M/simulation/qsim/ lab3 -c lab3



