Flow report for lab4_mine
Mon Oct 30 13:39:53 2017
Quartus II 32-bit Version 13.0.1 Build 232 06/12/2013 Service Pack 1 SJ Full Version


---------------------
; Table of Contents ;
---------------------
  1. Legal Notice
  2. Flow Summary
  3. Flow Settings
  4. Flow Non-Default Global Settings
  5. Flow Elapsed Time
  6. Flow OS Summary
  7. Flow Log
  8. Flow Messages
  9. Flow Suppressed Messages



----------------
; Legal Notice ;
----------------
Copyright (C) 1991-2013 Altera Corporation
Your use of Altera Corporation's design tools, logic functions 
and other software and tools, and its AMPP partner logic 
functions, and any output files from any of the foregoing 
(including device programming or simulation files), and any 
associated documentation or information are expressly subject 
to the terms and conditions of the Altera Program License 
Subscription Agreement, Altera MegaCore Function License 
Agreement, or other applicable license agreement, including, 
without limitation, that your use is for the sole purpose of 
programming logic devices manufactured by Altera and sold by 
Altera or its authorized distributors.  Please refer to the 
applicable agreement for further details.



+---------------------------------------------------------------------------------------+
; Flow Summary                                                                          ;
+------------------------------------+--------------------------------------------------+
; Flow Status                        ; Successful - Mon Oct 30 13:39:53 2017            ;
; Quartus II 32-bit Version          ; 13.0.1 Build 232 06/12/2013 SP 1 SJ Full Version ;
; Revision Name                      ; lab4_mine                                        ;
; Top-level Entity Name              ; lab4_encoder                                     ;
; Family                             ; Cyclone II                                       ;
; Device                             ; EP2C35F672C6                                     ;
; Timing Models                      ; Final                                            ;
; Total logic elements               ; 3 / 33,216 ( < 1 % )                             ;
;     Total combinational functions  ; 3 / 33,216 ( < 1 % )                             ;
;     Dedicated logic registers      ; 0 / 33,216 ( 0 % )                               ;
; Total registers                    ; 0                                                ;
; Total pins                         ; 7 / 475 ( 1 % )                                  ;
; Total virtual pins                 ; 0                                                ;
; Total memory bits                  ; 0 / 483,840 ( 0 % )                              ;
; Embedded Multiplier 9-bit elements ; 0 / 70 ( 0 % )                                   ;
; Total PLLs                         ; 0 / 4 ( 0 % )                                    ;
+------------------------------------+--------------------------------------------------+


+-----------------------------------------+
; Flow Settings                           ;
+-------------------+---------------------+
; Option            ; Setting             ;
+-------------------+---------------------+
; Start date & time ; 10/30/2017 13:39:33 ;
; Main task         ; Compilation         ;
; Revision Name     ; lab4_mine           ;
+-------------------+---------------------+


+-----------------------------------------------------------------------------------------------------------------------+
; Flow Non-Default Global Settings                                                                                      ;
+-------------------------------------+---------------------------------+---------------+--------------+----------------+
; Assignment Name                     ; Value                           ; Default Value ; Entity Name  ; Section Id     ;
+-------------------------------------+---------------------------------+---------------+--------------+----------------+
; COMPILER_SIGNATURE_ID               ; 203178703707524.150938517307524 ; --            ; --           ; --             ;
; EDA_OUTPUT_DATA_FORMAT              ; Vhdl                            ; --            ; --           ; eda_simulation ;
; EDA_SIMULATION_TOOL                 ; ModelSim-Altera (VHDL)          ; <None>        ; --           ; --             ;
; MAX_CORE_JUNCTION_TEMP              ; 85                              ; --            ; --           ; --             ;
; MIN_CORE_JUNCTION_TEMP              ; 0                               ; --            ; --           ; --             ;
; PARTITION_COLOR                     ; 16764057                        ; --            ; lab4_encoder ; Top            ;
; PARTITION_FITTER_PRESERVATION_LEVEL ; PLACEMENT_AND_ROUTING           ; --            ; lab4_encoder ; Top            ;
; PARTITION_NETLIST_TYPE              ; SOURCE                          ; --            ; lab4_encoder ; Top            ;
; PROJECT_OUTPUT_DIRECTORY            ; output_files                    ; --            ; --           ; --             ;
; TOP_LEVEL_ENTITY                    ; lab4_encoder                    ; lab4_mine     ; --           ; --             ;
+-------------------------------------+---------------------------------+---------------+--------------+----------------+


+-------------------------------------------------------------------------------------------------------------------------------+
; Flow Elapsed Time                                                                                                             ;
+---------------------------+--------------+-------------------------+---------------------+------------------------------------+
; Module Name               ; Elapsed Time ; Average Processors Used ; Peak Virtual Memory ; Total CPU Time (on all processors) ;
+---------------------------+--------------+-------------------------+---------------------+------------------------------------+
; Analysis & Synthesis      ; 00:00:03     ; 1.0                     ; 365 MB              ; 00:00:01                           ;
; Fitter                    ; 00:00:04     ; 1.0                     ; 538 MB              ; 00:00:06                           ;
; Assembler                 ; 00:00:02     ; 1.0                     ; 344 MB              ; 00:00:02                           ;
; TimeQuest Timing Analyzer ; 00:00:01     ; 1.0                     ; 321 MB              ; 00:00:01                           ;
; EDA Netlist Writer        ; 00:00:00     ; 1.0                     ; 315 MB              ; 00:00:00                           ;
; Total                     ; 00:00:10     ; --                      ; --                  ; 00:00:10                           ;
+---------------------------+--------------+-------------------------+---------------------+------------------------------------+


+--------------------------------------------------------------------------------------------------+
; Flow OS Summary                                                                                  ;
+---------------------------+---------------------+------------------+------------+----------------+
; Module Name               ; Machine Hostname    ; OS Name          ; OS Version ; Processor type ;
+---------------------------+---------------------+------------------+------------+----------------+
; Analysis & Synthesis      ; albus.ee.ryerson.ca ; Scientific Linux ; 6          ; x86_64         ;
; Fitter                    ; albus.ee.ryerson.ca ; Scientific Linux ; 6          ; x86_64         ;
; Assembler                 ; albus.ee.ryerson.ca ; Scientific Linux ; 6          ; x86_64         ;
; TimeQuest Timing Analyzer ; albus.ee.ryerson.ca ; Scientific Linux ; 6          ; x86_64         ;
; EDA Netlist Writer        ; albus.ee.ryerson.ca ; Scientific Linux ; 6          ; x86_64         ;
+---------------------------+---------------------+------------------+------------+----------------+


------------
; Flow Log ;
------------
quartus_map --read_settings_files=on --write_settings_files=off lab4_mine -c lab4_mine
quartus_fit --read_settings_files=off --write_settings_files=off lab4_mine -c lab4_mine
quartus_asm --read_settings_files=off --write_settings_files=off lab4_mine -c lab4_mine
quartus_sta lab4_mine -c lab4_mine
quartus_eda --read_settings_files=off --write_settings_files=off lab4_mine -c lab4_mine



