Flow report for mixed
Wed May 23 10:32:39 2018
Quartus II 32-bit Version 13.0.1 Build 232 06/12/2013 Service Pack 1 SJ Full Version


---------------------
; Table of Contents ;
---------------------
  1. Legal Notice
  2. Flow Summary
  3. Flow Settings
  4. Flow Non-Default Global Settings
  5. Flow Elapsed Time
  6. Flow OS Summary
  7. Flow Log
  8. Flow Messages
  9. Flow Suppressed Messages



----------------
; Legal Notice ;
----------------
Copyright (C) 1991-2013 Altera Corporation
Your use of Altera Corporation's design tools, logic functions 
and other software and tools, and its AMPP partner logic 
functions, and any output files from any of the foregoing 
(including device programming or simulation files), and any 
associated documentation or information are expressly subject 
to the terms and conditions of the Altera Program License 
Subscription Agreement, Altera MegaCore Function License 
Agreement, or other applicable license agreement, including, 
without limitation, that your use is for the sole purpose of 
programming logic devices manufactured by Altera and sold by 
Altera or its authorized distributors.  Please refer to the 
applicable agreement for further details.



+---------------------------------------------------------------------------------------+
; Flow Summary                                                                          ;
+------------------------------------+--------------------------------------------------+
; Flow Status                        ; Successful - Wed May 23 10:32:39 2018            ;
; Quartus II 32-bit Version          ; 13.0.1 Build 232 06/12/2013 SP 1 SJ Full Version ;
; Revision Name                      ; mixed                                            ;
; Top-level Entity Name              ; mixed                                            ;
; Family                             ; Cyclone II                                       ;
; Device                             ; EP2C35F672C6                                     ;
; Timing Models                      ; Final                                            ;
; Total logic elements               ; 3 / 33,216 ( < 1 % )                             ;
;     Total combinational functions  ; 3 / 33,216 ( < 1 % )                             ;
;     Dedicated logic registers      ; 0 / 33,216 ( 0 % )                               ;
; Total registers                    ; 0                                                ;
; Total pins                         ; 6 / 475 ( 1 % )                                  ;
; Total virtual pins                 ; 0                                                ;
; Total memory bits                  ; 0 / 483,840 ( 0 % )                              ;
; Embedded Multiplier 9-bit elements ; 0 / 70 ( 0 % )                                   ;
; Total PLLs                         ; 0 / 4 ( 0 % )                                    ;
+------------------------------------+--------------------------------------------------+


+-----------------------------------------+
; Flow Settings                           ;
+-------------------+---------------------+
; Option            ; Setting             ;
+-------------------+---------------------+
; Start date & time ; 05/23/2018 10:32:20 ;
; Main task         ; Compilation         ;
; Revision Name     ; mixed               ;
+-------------------+---------------------+


+-----------------------------------------------------------------------------------------------------------------------------------+
; Flow Non-Default Global Settings                                                                                                  ;
+-------------------------------------+----------------------------------------------+---------------+-------------+----------------+
; Assignment Name                     ; Value                                        ; Default Value ; Entity Name ; Section Id     ;
+-------------------------------------+----------------------------------------------+---------------+-------------+----------------+
; COMPILER_SIGNATURE_ID               ; 203178703704366.152708594000710              ; --            ; --          ; --             ;
; EDA_OUTPUT_DATA_FORMAT              ; Vhdl                                         ; --            ; --          ; eda_simulation ;
; EDA_SIMULATION_TOOL                 ; ModelSim-Altera (VHDL)                       ; <None>        ; --          ; --             ;
; MAX_CORE_JUNCTION_TEMP              ; 85                                           ; --            ; --          ; --             ;
; MIN_CORE_JUNCTION_TEMP              ; 0                                            ; --            ; --          ; --             ;
; PARTITION_COLOR                     ; 16764057                                     ; --            ; --          ; Top            ;
; PARTITION_FITTER_PRESERVATION_LEVEL ; PLACEMENT_AND_ROUTING                        ; --            ; --          ; Top            ;
; PARTITION_NETLIST_TYPE              ; SOURCE                                       ; --            ; --          ; Top            ;
; POWER_BOARD_THERMAL_MODEL           ; None (CONSERVATIVE)                          ; --            ; --          ; --             ;
; POWER_PRESET_COOLING_SOLUTION       ; 23 MM HEAT SINK WITH 200 LFPM AIRFLOW        ; --            ; --          ; --             ;
; PROJECT_OUTPUT_DIRECTORY            ; output_files                                 ; --            ; --          ; --             ;
; SEARCH_PATH                         ; /home/student2/c7jarvis/Desktop/COE328/lab1c ; --            ; --          ; --             ;
; SEARCH_PATH                         ; /home/student2/c7jarvis/Desktop/COE328/lab1  ; --            ; --          ; --             ;
+-------------------------------------+----------------------------------------------+---------------+-------------+----------------+


+-------------------------------------------------------------------------------------------------------------------------------+
; Flow Elapsed Time                                                                                                             ;
+---------------------------+--------------+-------------------------+---------------------+------------------------------------+
; Module Name               ; Elapsed Time ; Average Processors Used ; Peak Virtual Memory ; Total CPU Time (on all processors) ;
+---------------------------+--------------+-------------------------+---------------------+------------------------------------+
; Analysis & Synthesis      ; 00:00:02     ; 1.0                     ; 364 MB              ; 00:00:01                           ;
; Fitter                    ; 00:00:05     ; 1.0                     ; 527 MB              ; 00:00:06                           ;
; Assembler                 ; 00:00:02     ; 1.0                     ; 342 MB              ; 00:00:02                           ;
; TimeQuest Timing Analyzer ; 00:00:01     ; 1.0                     ; 320 MB              ; 00:00:01                           ;
; EDA Netlist Writer        ; 00:00:01     ; 1.0                     ; 313 MB              ; 00:00:00                           ;
; Total                     ; 00:00:11     ; --                      ; --                  ; 00:00:10                           ;
+---------------------------+--------------+-------------------------+---------------------+------------------------------------+


+----------------------------------------------------------------------------------------------------+
; Flow OS Summary                                                                                    ;
+---------------------------+-----------------------+------------------+------------+----------------+
; Module Name               ; Machine Hostname      ; OS Name          ; OS Version ; Processor type ;
+---------------------------+-----------------------+------------------+------------+----------------+
; Analysis & Synthesis      ; trelane.ee.ryerson.ca ; Scientific Linux ; 6          ; x86_64         ;
; Fitter                    ; trelane.ee.ryerson.ca ; Scientific Linux ; 6          ; x86_64         ;
; Assembler                 ; trelane.ee.ryerson.ca ; Scientific Linux ; 6          ; x86_64         ;
; TimeQuest Timing Analyzer ; trelane.ee.ryerson.ca ; Scientific Linux ; 6          ; x86_64         ;
; EDA Netlist Writer        ; trelane.ee.ryerson.ca ; Scientific Linux ; 6          ; x86_64         ;
+---------------------------+-----------------------+------------------+------------+----------------+


------------
; Flow Log ;
------------
quartus_map --read_settings_files=on --write_settings_files=off mixed -c mixed
quartus_fit --read_settings_files=off --write_settings_files=off mixed -c mixed
quartus_asm --read_settings_files=off --write_settings_files=off mixed -c mixed
quartus_sta mixed -c mixed
quartus_eda --read_settings_files=off --write_settings_files=off mixed -c mixed



