Flow report for lab4b
Thu Mar 14 17:33:57 2019
Quartus II 64-Bit Version 14.0.0 Build 200 06/17/2014 SJ Full Version


---------------------
; Table of Contents ;
---------------------
  1. Legal Notice
  2. Flow Summary
  3. Flow Settings
  4. Flow Non-Default Global Settings
  5. Flow Elapsed Time
  6. Flow OS Summary
  7. Flow Log
  8. Flow Messages
  9. Flow Suppressed Messages



----------------
; Legal Notice ;
----------------
Copyright (C) 1991-2014 Altera Corporation. All rights reserved.
Your use of Altera Corporation's design tools, logic functions 
and other software and tools, and its AMPP partner logic 
functions, and any output files from any of the foregoing 
(including device programming or simulation files), and any 
associated documentation or information are expressly subject 
to the terms and conditions of the Altera Program License 
Subscription Agreement, the Altera Quartus II License Agreement,
the Altera MegaCore Function License Agreement, or other 
applicable license agreement, including, without limitation, 
that your use is for the sole purpose of programming logic 
devices manufactured by Altera and sold by Altera or its 
authorized distributors.  Please refer to the applicable 
agreement for further details.



+----------------------------------------------------------------------------------+
; Flow Summary                                                                     ;
+------------------------------------+---------------------------------------------+
; Flow Status                        ; Successful - Thu Mar 14 17:33:57 2019       ;
; Quartus II 64-Bit Version          ; 14.0.0 Build 200 06/17/2014 SJ Full Version ;
; Revision Name                      ; lab4b                                       ;
; Top-level Entity Name              ; lab4Bvd                                     ;
; Family                             ; Cyclone IV E                                ;
; Total logic elements               ; 10,692 / 28,848 ( 37 % )                    ;
;     Total combinational functions  ; 6,407 / 28,848 ( 22 % )                     ;
;     Dedicated logic registers      ; 8,425 / 28,848 ( 29 % )                     ;
; Total registers                    ; 8425                                        ;
; Total pins                         ; 326 / 533 ( 61 % )                          ;
; Total virtual pins                 ; 0                                           ;
; Total memory bits                  ; 0 / 608,256 ( 0 % )                         ;
; Embedded Multiplier 9-bit elements ; 0 / 132 ( 0 % )                             ;
; Total PLLs                         ; 0 / 4 ( 0 % )                               ;
; Device                             ; EP4CE30F29C6                                ;
; Timing Models                      ; Final                                       ;
+------------------------------------+---------------------------------------------+


+-----------------------------------------+
; Flow Settings                           ;
+-------------------+---------------------+
; Option            ; Setting             ;
+-------------------+---------------------+
; Start date & time ; 03/14/2019 17:29:00 ;
; Main task         ; Compilation         ;
; Revision Name     ; lab4b               ;
+-------------------+---------------------+


+----------------------------------------------------------------------------------------------------------------------------------------------------------+
; Flow Non-Default Global Settings                                                                                                                         ;
+-------------------------------------+---------------------------------------------------------------------+---------------+-------------+----------------+
; Assignment Name                     ; Value                                                               ; Default Value ; Entity Name ; Section Id     ;
+-------------------------------------+---------------------------------------------------------------------+---------------+-------------+----------------+
; COMPILER_SIGNATURE_ID               ; 277083308661941.155259894022488                                     ; --            ; --          ; --             ;
; EDA_GENERATE_FUNCTIONAL_NETLIST     ; On                                                                  ; --            ; --          ; eda_simulation ;
; EDA_NETLIST_WRITER_OUTPUT_DIR       ; C:/Users/sahib/OneDrive/Documents/coe608/LAB4BReal/simulation/qsim/ ; --            ; --          ; eda_simulation ;
; EDA_OUTPUT_DATA_FORMAT              ; Verilog Hdl                                                         ; --            ; --          ; eda_simulation ;
; EDA_SIMULATION_TOOL                 ; ModelSim-Altera (Verilog)                                           ; <None>        ; --          ; --             ;
; PARTITION_COLOR                     ; 16764057                                                            ; --            ; Lab4Bvd     ; Top            ;
; PARTITION_FITTER_PRESERVATION_LEVEL ; PLACEMENT_AND_ROUTING                                               ; --            ; Lab4Bvd     ; Top            ;
; PARTITION_NETLIST_TYPE              ; SOURCE                                                              ; --            ; Lab4Bvd     ; Top            ;
; PROJECT_OUTPUT_DIRECTORY            ; output_files                                                        ; --            ; --          ; --             ;
; TOP_LEVEL_ENTITY                    ; Lab4Bvd                                                             ; lab4b         ; --          ; --             ;
+-------------------------------------+---------------------------------------------------------------------+---------------+-------------+----------------+


+-------------------------------------------------------------------------------------------------------------------------------+
; Flow Elapsed Time                                                                                                             ;
+---------------------------+--------------+-------------------------+---------------------+------------------------------------+
; Module Name               ; Elapsed Time ; Average Processors Used ; Peak Virtual Memory ; Total CPU Time (on all processors) ;
+---------------------------+--------------+-------------------------+---------------------+------------------------------------+
; Analysis & Synthesis      ; 00:00:21     ; 1.0                     ; 4817 MB             ; 00:00:21                           ;
; Fitter                    ; 00:03:18     ; 2.4                     ; 5637 MB             ; 00:04:46                           ;
; Assembler                 ; 00:00:01     ; 1.0                     ; 4648 MB             ; 00:00:01                           ;
; TimeQuest Timing Analyzer ; 00:00:18     ; 1.0                     ; 4925 MB             ; 00:00:20                           ;
; EDA Netlist Writer        ; 00:00:05     ; 1.0                     ; 4687 MB             ; 00:00:05                           ;
; EDA Netlist Writer        ; 00:00:01     ; 1.0                     ; 4675 MB             ; 00:00:01                           ;
; EDA Netlist Writer        ; 00:00:03     ; 1.0                     ; 4703 MB             ; 00:00:03                           ;
; Total                     ; 00:04:07     ; --                      ; --                  ; 00:05:37                           ;
+---------------------------+--------------+-------------------------+---------------------+------------------------------------+


+----------------------------------------------------------------------------------------+
; Flow OS Summary                                                                        ;
+---------------------------+------------------+-----------+------------+----------------+
; Module Name               ; Machine Hostname ; OS Name   ; OS Version ; Processor type ;
+---------------------------+------------------+-----------+------------+----------------+
; Analysis & Synthesis      ; LAPTOP-RHU4S7QU  ; Windows 7 ; 6.2        ; x86_64         ;
; Fitter                    ; LAPTOP-RHU4S7QU  ; Windows 7 ; 6.2        ; x86_64         ;
; Assembler                 ; LAPTOP-RHU4S7QU  ; Windows 7 ; 6.2        ; x86_64         ;
; TimeQuest Timing Analyzer ; LAPTOP-RHU4S7QU  ; Windows 7 ; 6.2        ; x86_64         ;
; EDA Netlist Writer        ; LAPTOP-RHU4S7QU  ; Windows 7 ; 6.2        ; x86_64         ;
; EDA Netlist Writer        ; LAPTOP-RHU4S7QU  ; Windows 7 ; 6.2        ; x86_64         ;
; EDA Netlist Writer        ; LAPTOP-RHU4S7QU  ; Windows 7 ; 6.2        ; x86_64         ;
+---------------------------+------------------+-----------+------------+----------------+


------------
; Flow Log ;
------------
quartus_map --read_settings_files=on --write_settings_files=off lab4b -c lab4b
quartus_fit --read_settings_files=off --write_settings_files=off lab4b -c lab4b
quartus_asm --read_settings_files=off --write_settings_files=off lab4b -c lab4b
quartus_sta lab4b -c lab4b
quartus_eda --read_settings_files=off --write_settings_files=off lab4b -c lab4b
quartus_eda --gen_testbench --check_outputs=on --tool=modelsim_oem --format=verilog lab4b -c lab4b --vector_source=C:/Users/sahib/OneDrive/Documents/coe608/LAB4BReal/Waveform2.vwf --testbench_file=C:/Users/sahib/OneDrive/Documents/coe608/LAB4BReal/simulation/qsim/Waveform2.vwf.vt
quartus_eda --functional=on --flatten_buses=off --simulation=on --tool=modelsim_oem --format=verilog --output_directory=C:/Users/sahib/OneDrive/Documents/coe608/LAB4BReal/simulation/qsim/ lab4b -c lab4b



